#
# A fatal error has been detected by the Java Runtime Environment:
#
#  EXCEPTION_ACCESS_VIOLATION (0xc0000005) at pc=0x000000005b937e06, pid=9168, tid=0x0000000000002274
#
# JRE version: Java(TM) SE Runtime Environment (8.0_171-b11) (build 1.8.0_171-b11)
# Java VM: Java HotSpot(TM) 64-Bit Server VM (25.171-b11 mixed mode windows-amd64 compressed oops)
# Problematic frame:
# V  [jvm.dll+0x147e06]
#
# Failed to write core dump. Minidumps are not enabled by default on client versions of Windows
#
# If you would like to submit a bug report, please visit:
#   http://bugreport.java.com/bugreport/crash.jsp
#

---------------  T H R E A D  ---------------

Current thread (0x000000001d263800):  JavaThread "Thread-30" daemon [_thread_in_vm, id=8820, stack(0x0000000029cc0000,0x0000000029dc0000)]

siginfo: ExceptionCode=0xc0000005, reading address 0x0000000000000000

Registers:
RAX=0x0000000000000000, RBX=0x000000001d263800, RCX=0x0000000000000380, RDX=0x0000000000000000
RSP=0x0000000029dbf190, RBP=0x0000000000000062, RSI=0x0000000000000000, RDI=0x0000000000000000
R8 =0x0000000000000062, R9 =0x0000000000000000, R10=0x00000000050c1dc4, R11=0x0000000029dbf228
R12=0x0000000000000000, R13=0x000000001f251938, R14=0x0000000029dbf2d8, R15=0x000000001d263800
RIP=0x000000005b937e06, EFLAGS=0x0000000000010202

Top of Stack: (sp=0x0000000029dbf190)
0x0000000029dbf190:   000000001f251938 0000000029dbf2d8
0x0000000029dbf1a0:   000000001d658ec0 000000005b8aba36
0x0000000029dbf1b0:   0000000029dbf5a8 000000001cd0bc40
0x0000000029dbf1c0:   0000000000000000 00007ffefe0551f2
0x0000000029dbf1d0:   000000001d2639f8 0000000029dbf2a8
0x0000000029dbf1e0:   000000000003a980 000000001d263800
0x0000000029dbf1f0:   0000000000000000 0000000000000000
0x0000000029dbf200:   0000000000000000 0000000000000000
0x0000000029dbf210:   0000000000000000 000000002000385f
0x0000000029dbf220:   00000000050a83fd 00000000050c1df0
0x0000000029dbf230:   000000001f251938 000000002000385f
0x0000000029dbf240:   000000001d263800 000000001f251938
0x0000000029dbf250:   000000002000385f 000000001d263800
0x0000000029dbf260:   00000000050c1942 0000000029dbf268
0x0000000029dbf270:   000000001f251938 0000000029dbf2d8
0x0000000029dbf280:   000000001f251c28 0000000000000000 

Instructions: (pc=0x000000005b937e06)
0x000000005b937de6:   a9 00 00 00 30 74 08 48 8b cb e8 6b b7 0f 00 c7
0x000000005b937df6:   83 70 02 00 00 06 00 00 00 80 3d 3b 97 6c 00 00
0x000000005b937e06:   48 8b 16 74 16 44 8b 4a 08 8b 0d 93 c9 65 00 49
0x000000005b937e16:   d3 e1 4c 03 0d 81 c9 65 00 eb 04 4c 8b 4a 08 48 


Register to memory mapping:

RAX=0x0000000000000000 is an unknown value
RBX=0x000000001d263800 is a thread
RCX=0x0000000000000380 is an unknown value
RDX=0x0000000000000000 is an unknown value
RSP=0x0000000029dbf190 is pointing into the stack for thread: 0x000000001d263800
RBP=0x0000000000000062 is an unknown value
RSI=0x0000000000000000 is an unknown value
RDI=0x0000000000000000 is an unknown value
R8 =0x0000000000000062 is an unknown value
R9 =0x0000000000000000 is an unknown value
R10=0x00000000050c1dc4 is at code_begin+1700 in an Interpreter codelet
method entry point (kind = native)  [0x00000000050c1720, 0x00000000050c27e0]  4288 bytes
R11=0x0000000029dbf228 is pointing into the stack for thread: 0x000000001d263800
R12=0x0000000000000000 is an unknown value
R13={method} {0x000000001f251940} 'resetTimeout' '(JLnet/decasdev/dokan/DokanFileInfo;)Z' in 'net/decasdev/dokan/Dokan'
R14=0x0000000029dbf2d8 is pointing into the stack for thread: 0x000000001d263800
R15=0x000000001d263800 is a thread


Stack: [0x0000000029cc0000,0x0000000029dc0000],  sp=0x0000000029dbf190,  free space=1020k
Native frames: (J=compiled Java code, j=interpreted, Vv=VM code, C=native code)
V  [jvm.dll+0x147e06]
C  [JDokan.dll+0x51f2]
C  0x00000000050c1df0

Java frames: (J=compiled Java code, j=interpreted, Vv=VM code)
j  net.decasdev.dokan.Dokan.resetTimeout(JLnet/decasdev/dokan/DokanFileInfo;)Z+0
j  org.opendedup.sdfs.windows.fs.WinSDFS.onCreateFile(Ljava/lang/String;IIIIILnet/decasdev/dokan/DokanFileInfo;)J+118
v  ~StubRoutines::call_stub

---------------  P R O C E S S  ---------------

Java Threads: ( => current thread )
  0x000000001d268000 JavaThread "pool-4-thread-3" [_thread_blocked, id=12572, stack(0x000000002a2c0000,0x000000002a3c0000)]
  0x000000001d264800 JavaThread "pool-4-thread-2" [_thread_blocked, id=12200, stack(0x000000002a1c0000,0x000000002a2c0000)]
  0x000000001d267800 JavaThread "pool-4-thread-1" [_thread_blocked, id=8564, stack(0x000000002a0c0000,0x000000002a1c0000)]
=>0x000000001d263800 JavaThread "Thread-30" daemon [_thread_in_vm, id=8820, stack(0x0000000029cc0000,0x0000000029dc0000)]
  0x000000001d260800 JavaThread "Thread-29" daemon [_thread_blocked, id=5628, stack(0x0000000029dc0000,0x0000000029ec0000)]
  0x000000001d263000 JavaThread "Thread-28" daemon [_thread_blocked, id=4008, stack(0x0000000029ac0000,0x0000000029bc0000)]
  0x000000001d260000 JavaThread "Thread-27" daemon [_thread_blocked, id=12808, stack(0x00000000297c0000,0x00000000298c0000)]
  0x000000001d266800 JavaThread "Thread-26" daemon [_thread_blocked, id=2380, stack(0x00000000299c0000,0x0000000029ac0000)]
  0x000000001d25f000 JavaThread "Thread-25" daemon [_thread_in_native, id=2348, stack(0x00000000298c0000,0x00000000299c0000)]
  0x000000001d266000 JavaThread "QuartzScheduler_QuartzSchedulerThread" [_thread_blocked, id=792, stack(0x00000000294c0000,0x00000000295c0000)]
  0x000000001d265000 JavaThread "QuartzScheduler_Worker-1" [_thread_blocked, id=2428, stack(0x00000000293c0000,0x00000000294c0000)]
  0x000000001c555800 JavaThread "Thread-23" [_thread_blocked, id=2500, stack(0x00000000292c0000,0x00000000293c0000)]
  0x000000001c554800 JavaThread "ActionDistributor: Thread-22" [_thread_blocked, id=12164, stack(0x00000000291c0000,0x00000000292c0000)]
  0x000000001c553000 JavaThread "ActionDistributor: Thread-21" [_thread_blocked, id=1292, stack(0x00000000290c0000,0x00000000291c0000)]
  0x000000001c558800 JavaThread "ActionDistributor: Thread-20" [_thread_blocked, id=13204, stack(0x0000000028fc0000,0x00000000290c0000)]
  0x000000001c554000 JavaThread "ActionDistributor: Thread-19" [_thread_blocked, id=3304, stack(0x0000000028ec0000,0x0000000028fc0000)]
  0x000000001c552000 JavaThread "ActionDistributor: Thread-18" [_thread_blocked, id=2744, stack(0x0000000028dc0000,0x0000000028ec0000)]
  0x000000001c557800 JavaThread "ActionDistributor: Thread-17" [_thread_blocked, id=12140, stack(0x0000000028cc0000,0x0000000028dc0000)]
  0x000000001c556000 JavaThread "ActionDistributor: Thread-16" [_thread_blocked, id=5412, stack(0x0000000028bc0000,0x0000000028cc0000)]
  0x000000001c551800 JavaThread "Thread-15" [_thread_blocked, id=360, stack(0x0000000028ac0000,0x0000000028bc0000)]
  0x000000001c557000 JavaThread "Thread-14" [_thread_blocked, id=7112, stack(0x00000000289c0000,0x0000000028ac0000)]
  0x000000001cabc000 JavaThread "Thread-5" [_thread_blocked, id=796, stack(0x000000001ecc0000,0x000000001edc0000)]
  0x000000001c94a800 JavaThread "Thread-4" [_thread_blocked, id=8464, stack(0x000000001ebc0000,0x000000001ecc0000)]
  0x000000001c947000 JavaThread "Thread-3" [_thread_blocked, id=5488, stack(0x000000001eac0000,0x000000001ebc0000)]
  0x000000001c68d800 JavaThread "Thread-2" [_thread_blocked, id=10764, stack(0x000000001d760000,0x000000001d860000)]
  0x000000001b18d800 JavaThread "Service Thread" daemon [_thread_blocked, id=1652, stack(0x000000001bc90000,0x000000001bd90000)]
  0x000000001b108000 JavaThread "C1 CompilerThread2" daemon [_thread_blocked, id=3220, stack(0x000000001bb90000,0x000000001bc90000)]
  0x000000001b0fd000 JavaThread "C2 CompilerThread1" daemon [_thread_blocked, id=12888, stack(0x000000001ba90000,0x000000001bb90000)]
  0x000000001b107000 JavaThread "C2 CompilerThread0" daemon [_thread_blocked, id=3940, stack(0x000000001b990000,0x000000001ba90000)]
  0x000000001b0af000 JavaThread "JDWP Command Reader" daemon [_thread_in_native, id=1288, stack(0x000000001b890000,0x000000001b990000)]
  0x000000001b0a8000 JavaThread "JDWP Event Helper Thread" daemon [_thread_blocked, id=12860, stack(0x000000001b790000,0x000000001b890000)]
  0x000000001b0a6800 JavaThread "JDWP Transport Listener: dt_socket" daemon [_thread_blocked, id=5492, stack(0x000000001b690000,0x000000001b790000)]
  0x0000000019bf1800 JavaThread "Attach Listener" daemon [_thread_blocked, id=9716, stack(0x000000001b590000,0x000000001b690000)]
  0x0000000019bd9800 JavaThread "Signal Dispatcher" daemon [_thread_blocked, id=1508, stack(0x000000001b490000,0x000000001b590000)]
  0x0000000019bca000 JavaThread "Finalizer" daemon [_thread_blocked, id=4280, stack(0x000000001ae30000,0x000000001af30000)]
  0x0000000019ba9000 JavaThread "Reference Handler" daemon [_thread_blocked, id=376, stack(0x000000001ad30000,0x000000001ae30000)]
  0x0000000004fa2800 JavaThread "main" [_thread_in_native, id=6256, stack(0x0000000004d00000,0x0000000004e00000)]

Other Threads:
  0x0000000019ba7000 VMThread [stack: 0x000000001ac30000,0x000000001ad30000] [id=11188]
  0x000000001b1a5800 WatcherThread [stack: 0x000000001bd90000,0x000000001be90000] [id=12568]

VM state:synchronizing (normal execution)

VM Mutex/Monitor currently owned by a thread:  ([mutex/lock_event])
[0x0000000004e1e0e0] Threads_lock - owner thread: 0x0000000019ba7000

Heap:
 PSYoungGen      total 257024K, used 241173K [0x00000000d5e00000, 0x00000000f0500000, 0x0000000100000000)
  eden space 254464K, 93% used [0x00000000d5e00000,0x00000000e4711a88,0x00000000e5680000)
  from space 2560K, 98% used [0x00000000f0280000,0x00000000f04f3d48,0x00000000f0500000)
  to   space 4608K, 0% used [0x00000000efc00000,0x00000000efc00000,0x00000000f0080000)
 ParOldGen       total 87552K, used 2994K [0x0000000081a00000, 0x0000000086f80000, 0x00000000d5e00000)
  object space 87552K, 3% used [0x0000000081a00000,0x0000000081cec990,0x0000000086f80000)
 Metaspace       used 15529K, capacity 15822K, committed 16000K, reserved 1062912K
  class space    used 1776K, capacity 1853K, committed 1920K, reserved 1048576K

Card table byte_map: [0x0000000014460000,0x0000000014860000] byte_map_base: 0x0000000014053000

Marking Bits: (ParMarkBitMap*) 0x000000005c0108c0
 Begin Bits: [0x0000000014f10000, 0x0000000016ea8000)
 End Bits:   [0x0000000016ea8000, 0x0000000018e40000)

Polling page: 0x00000000049a0000

CodeCache: size=245760Kb used=5123Kb max_used=5156Kb free=240637Kb
 bounds [0x00000000050a0000, 0x00000000055b0000, 0x00000000140a0000]
 total_blobs=1817 nmethods=1406 adapters=331
 compilation: enabled

Compilation events (10 events):
Event: 6.873 Thread 0x000000001b108000 1426       3       com.sun.org.apache.xml.internal.serializer.CharInfo::isSpecialAttrChar (20 bytes)
Event: 6.874 Thread 0x000000001b108000 nmethod 1426 0x00000000055a8e50 code [0x00000000055a8fc0, 0x00000000055a91e8]
Event: 6.874 Thread 0x000000001b108000 1427       1       org.xml.sax.helpers.AttributesImpl::getLength (5 bytes)
Event: 6.874 Thread 0x000000001b108000 nmethod 1427 0x00000000055a92d0 code [0x00000000055a9420, 0x00000000055a9530]
Event: 6.880 Thread 0x000000001b108000 1428       1       sun.nio.cs.UTF_8::historicalName (3 bytes)
Event: 6.880 Thread 0x000000001b108000 nmethod 1428 0x00000000055a9590 code [0x00000000055a96e0, 0x00000000055a97f0]
Event: 6.880 Thread 0x000000001b107000 1429       4       java.lang.String::endsWith (17 bytes)
Event: 6.882 Thread 0x000000001b107000 nmethod 1429 0x00000000055ac6d0 code [0x00000000055ac820, 0x00000000055aca98]
Event: 12.648 Thread 0x000000001b108000 1430       3       sun.reflect.ConstructorAccessorImpl::<init> (5 bytes)
Event: 12.648 Thread 0x000000001b108000 nmethod 1430 0x00000000055ac010 code [0x00000000055ac180, 0x00000000055ac390]

GC Heap History (10 events):
Event: 3.042 GC heap before
{Heap before GC invocations=6 (full 0):
 PSYoungGen      total 71680K, used 68954K [0x00000000d5e00000, 0x00000000de800000, 0x0000000100000000)
  eden space 66560K, 100% used [0x00000000d5e00000,0x00000000d9f00000,0x00000000d9f00000)
  from space 5120K, 46% used [0x00000000d9f00000,0x00000000da1568b0,0x00000000da400000)
  to   space 4096K, 0% used [0x00000000de400000,0x00000000de400000,0x00000000de800000)
 ParOldGen       total 87552K, used 96K [0x0000000081a00000, 0x0000000086f80000, 0x00000000d5e00000)
  object space 87552K, 0% used [0x0000000081a00000,0x0000000081a18010,0x0000000086f80000)
 Metaspace       used 8407K, capacity 8562K, committed 8704K, reserved 1056768K
  class space    used 908K, capacity 957K, committed 1024K, reserved 1048576K
Event: 3.045 GC heap after
Heap after GC invocations=6 (full 0):
 PSYoungGen      total 137216K, used 2442K [0x00000000d5e00000, 0x00000000de800000, 0x0000000100000000)
  eden space 133120K, 0% used [0x00000000d5e00000,0x00000000d5e00000,0x00000000de000000)
  from space 4096K, 59% used [0x00000000de400000,0x00000000de6628a0,0x00000000de800000)
  to   space 4096K, 0% used [0x00000000de000000,0x00000000de000000,0x00000000de400000)
 ParOldGen       total 87552K, used 96K [0x0000000081a00000, 0x0000000086f80000, 0x00000000d5e00000)
  object space 87552K, 0% used [0x0000000081a00000,0x0000000081a18010,0x0000000086f80000)
 Metaspace       used 8407K, capacity 8562K, committed 8704K, reserved 1056768K
  class space    used 908K, capacity 957K, committed 1024K, reserved 1048576K
}
Event: 3.493 GC heap before
{Heap before GC invocations=7 (full 0):
 PSYoungGen      total 137216K, used 135562K [0x00000000d5e00000, 0x00000000de800000, 0x0000000100000000)
  eden space 133120K, 100% used [0x00000000d5e00000,0x00000000de000000,0x00000000de000000)
  from space 4096K, 59% used [0x00000000de400000,0x00000000de6628a0,0x00000000de800000)
  to   space 4096K, 0% used [0x00000000de000000,0x00000000de000000,0x00000000de400000)
 ParOldGen       total 87552K, used 96K [0x0000000081a00000, 0x0000000086f80000, 0x00000000d5e00000)
  object space 87552K, 0% used [0x0000000081a00000,0x0000000081a18010,0x0000000086f80000)
 Metaspace       used 8407K, capacity 8562K, committed 8704K, reserved 1056768K
  class space    used 908K, capacity 957K, committed 1024K, reserved 1048576K
Event: 3.499 GC heap after
Heap after GC invocations=7 (full 0):
 PSYoungGen      total 137216K, used 64K [0x00000000d5e00000, 0x00000000e6b00000, 0x0000000100000000)
  eden space 133120K, 0% used [0x00000000d5e00000,0x00000000d5e00000,0x00000000de000000)
  from space 4096K, 1% used [0x00000000de000000,0x00000000de010000,0x00000000de400000)
  to   space 4608K, 0% used [0x00000000e6680000,0x00000000e6680000,0x00000000e6b00000)
 ParOldGen       total 87552K, used 2442K [0x0000000081a00000, 0x0000000086f80000, 0x00000000d5e00000)
  object space 87552K, 2% used [0x0000000081a00000,0x0000000081c62980,0x0000000086f80000)
 Metaspace       used 8407K, capacity 8562K, committed 8704K, reserved 1056768K
  class space    used 908K, capacity 957K, committed 1024K, reserved 1048576K
}
Event: 3.933 GC heap before
{Heap before GC invocations=8 (full 0):
 PSYoungGen      total 137216K, used 133184K [0x00000000d5e00000, 0x00000000e6b00000, 0x0000000100000000)
  eden space 133120K, 100% used [0x00000000d5e00000,0x00000000de000000,0x00000000de000000)
  from space 4096K, 1% used [0x00000000de000000,0x00000000de010000,0x00000000de400000)
  to   space 4608K, 0% used [0x00000000e6680000,0x00000000e6680000,0x00000000e6b00000)
 ParOldGen       total 87552K, used 2442K [0x0000000081a00000, 0x0000000086f80000, 0x00000000d5e00000)
  object space 87552K, 2% used [0x0000000081a00000,0x0000000081c62980,0x0000000086f80000)
 Metaspace       used 9685K, capacity 9930K, committed 10112K, reserved 1058816K
  class space    used 1057K, capacity 1133K, committed 1152K, reserved 1048576K
Event: 3.934 GC heap after
Heap after GC invocations=8 (full 0):
 PSYoungGen      total 270848K, used 640K [0x00000000d5e00000, 0x00000000e6b00000, 0x0000000100000000)
  eden space 266240K, 0% used [0x00000000d5e00000,0x00000000d5e00000,0x00000000e6200000)
  from space 4608K, 13% used [0x00000000e6680000,0x00000000e6720010,0x00000000e6b00000)
  to   space 4608K, 0% used [0x00000000e6200000,0x00000000e6200000,0x00000000e6680000)
 ParOldGen       total 87552K, used 2466K [0x0000000081a00000, 0x0000000086f80000, 0x00000000d5e00000)
  object space 87552K, 2% used [0x0000000081a00000,0x0000000081c68980,0x0000000086f80000)
 Metaspace       used 9685K, capacity 9930K, committed 10112K, reserved 1058816K
  class space    used 1057K, capacity 1133K, committed 1152K, reserved 1048576K
}
Event: 4.293 GC heap before
{Heap before GC invocations=9 (full 0):
 PSYoungGen      total 270848K, used 266880K [0x00000000d5e00000, 0x00000000e6b00000, 0x0000000100000000)
  eden space 266240K, 100% used [0x00000000d5e00000,0x00000000e6200000,0x00000000e6200000)
  from space 4608K, 13% used [0x00000000e6680000,0x00000000e6720010,0x00000000e6b00000)
  to   space 4608K, 0% used [0x00000000e6200000,0x00000000e6200000,0x00000000e6680000)
 ParOldGen       total 87552K, used 2466K [0x0000000081a00000, 0x0000000086f80000, 0x00000000d5e00000)
  object space 87552K, 2% used [0x0000000081a00000,0x0000000081c68980,0x0000000086f80000)
 Metaspace       used 9685K, capacity 9930K, committed 10112K, reserved 1058816K
  class space    used 1057K, capacity 1133K, committed 1152K, reserved 1048576K
Event: 4.295 GC heap after
Heap after GC invocations=9 (full 0):
 PSYoungGen      total 270848K, used 576K [0x00000000d5e00000, 0x00000000f0700000, 0x0000000100000000)
  eden space 266240K, 0% used [0x00000000d5e00000,0x00000000d5e00000,0x00000000e6200000)
  from space 4608K, 12% used [0x00000000e6200000,0x00000000e6290010,0x00000000e6680000)
  to   space 4608K, 0% used [0x00000000f0280000,0x00000000f0280000,0x00000000f0700000)
 ParOldGen       total 87552K, used 2474K [0x0000000081a00000, 0x0000000086f80000, 0x00000000d5e00000)
  object space 87552K, 2% used [0x0000000081a00000,0x0000000081c6a980,0x0000000086f80000)
 Metaspace       used 9685K, capacity 9930K, committed 10112K, reserved 1058816K
  class space    used 1057K, capacity 1133K, committed 1152K, reserved 1048576K
}
Event: 6.465 GC heap before
{Heap before GC invocations=10 (full 0):
 PSYoungGen      total 270848K, used 266816K [0x00000000d5e00000, 0x00000000f0700000, 0x0000000100000000)
  eden space 266240K, 100% used [0x00000000d5e00000,0x00000000e6200000,0x00000000e6200000)
  from space 4608K, 12% used [0x00000000e6200000,0x00000000e6290010,0x00000000e6680000)
  to   space 4608K, 0% used [0x00000000f0280000,0x00000000f0280000,0x00000000f0700000)
 ParOldGen       total 87552K, used 2474K [0x0000000081a00000, 0x0000000086f80000, 0x00000000d5e00000)
  object space 87552K, 2% used [0x0000000081a00000,0x0000000081c6a980,0x0000000086f80000)
 Metaspace       used 13222K, capacity 13478K, committed 13696K, reserved 1060864K
  class space    used 1470K, capacity 1563K, committed 1664K, reserved 1048576K
Event: 6.468 GC heap after
Heap after GC invocations=10 (full 0):
 PSYoungGen      total 257024K, used 2511K [0x00000000d5e00000, 0x00000000f0500000, 0x0000000100000000)
  eden space 254464K, 0% used [0x00000000d5e00000,0x00000000d5e00000,0x00000000e5680000)
  from space 2560K, 98% used [0x00000000f0280000,0x00000000f04f3d48,0x00000000f0500000)
  to   space 4608K, 0% used [0x00000000efc00000,0x00000000efc00000,0x00000000f0080000)
 ParOldGen       total 87552K, used 2994K [0x0000000081a00000, 0x0000000086f80000, 0x00000000d5e00000)
  object space 87552K, 3% used [0x0000000081a00000,0x0000000081cec990,0x0000000086f80000)
 Metaspace       used 13222K, capacity 13478K, committed 13696K, reserved 1060864K
  class space    used 1470K, capacity 1563K, committed 1664K, reserved 1048576K
}

Deoptimization events (10 events):
Event: 6.824 Thread 0x0000000004fa2800 Uncommon trap: reason=bimorphic action=maybe_recompile pc=0x0000000005579fc8 method=java.util.TreeMap.compare(Ljava/lang/Object;Ljava/lang/Object;)I @ 12
Event: 6.824 Thread 0x0000000004fa2800 Uncommon trap: reason=bimorphic action=maybe_recompile pc=0x0000000005579fc8 method=java.util.TreeMap.compare(Ljava/lang/Object;Ljava/lang/Object;)I @ 12
Event: 6.825 Thread 0x0000000004fa2800 Uncommon trap: reason=bimorphic action=maybe_recompile pc=0x0000000005579fc8 method=java.util.TreeMap.compare(Ljava/lang/Object;Ljava/lang/Object;)I @ 12
Event: 6.825 Thread 0x0000000004fa2800 Uncommon trap: reason=bimorphic action=maybe_recompile pc=0x0000000005579fc8 method=java.util.TreeMap.compare(Ljava/lang/Object;Ljava/lang/Object;)I @ 12
Event: 6.826 Thread 0x0000000004fa2800 Uncommon trap: reason=unstable_if action=reinterpret pc=0x00000000053a0014 method=java.util.TreeMap.getEntry(Ljava/lang/Object;)Ljava/util/TreeMap$Entry; @ 4
Event: 6.826 Thread 0x0000000004fa2800 Uncommon trap: reason=unstable_if action=reinterpret pc=0x00000000053a3928 method=java.util.TreeMap.getEntry(Ljava/lang/Object;)Ljava/util/TreeMap$Entry; @ 4
Event: 6.831 Thread 0x0000000004fa2800 Uncommon trap: reason=bimorphic action=maybe_recompile pc=0x0000000005581ef0 method=java.util.AbstractCollection.addAll(Ljava/util/Collection;)Z @ 3
Event: 6.833 Thread 0x0000000004fa2800 Uncommon trap: reason=bimorphic action=maybe_recompile pc=0x0000000005581ef0 method=java.util.AbstractCollection.addAll(Ljava/util/Collection;)Z @ 3
Event: 6.834 Thread 0x0000000004fa2800 Uncommon trap: reason=bimorphic action=maybe_recompile pc=0x0000000005581ef0 method=java.util.AbstractCollection.addAll(Ljava/util/Collection;)Z @ 3
Event: 6.834 Thread 0x0000000004fa2800 Uncommon trap: reason=bimorphic action=maybe_recompile pc=0x0000000005581ef0 method=java.util.AbstractCollection.addAll(Ljava/util/Collection;)Z @ 3

Classes redefined (0 events):
No events

Internal exceptions (10 events):
Event: 6.778 Thread 0x0000000004fa2800 Exception <a 'java/lang/ArrayIndexOutOfBoundsException'> (0x00000000e1e83f10) thrown at [C:\re\workspace\8-2-build-windows-amd64-cygwin\jdk8u171\10807\hotspot\src\share\vm\runtime\sharedRuntime.cpp, line 605]
Event: 6.779 Thread 0x0000000004fa2800 Exception <a 'java/lang/ArrayIndexOutOfBoundsException'> (0x00000000e1e88758) thrown at [C:\re\workspace\8-2-build-windows-amd64-cygwin\jdk8u171\10807\hotspot\src\share\vm\runtime\sharedRuntime.cpp, line 605]
Event: 6.782 Thread 0x0000000004fa2800 Exception <a 'java/lang/ClassNotFoundException': org/quartz/simpl/SimpleThreadPoolCustomizer> (0x00000000e1eb8c38) thrown at [C:\re\workspace\8-2-build-windows-amd64-cygwin\jdk8u171\10807\hotspot\src\share\vm\classfile\systemDictionary.cpp, line 210]
Event: 6.792 Thread 0x0000000004fa2800 Exception <a 'java/lang/ClassNotFoundException': org/quartz/simpl/RAMJobStoreBeanInfo> (0x00000000e2247420) thrown at [C:\re\workspace\8-2-build-windows-amd64-cygwin\jdk8u171\10807\hotspot\src\share\vm\classfile\systemDictionary.cpp, line 210]
Event: 6.793 Thread 0x0000000004fa2800 Exception <a 'java/lang/ClassNotFoundException': org/quartz/simpl/RAMJobStoreCustomizer> (0x00000000e22688a0) thrown at [C:\re\workspace\8-2-build-windows-amd64-cygwin\jdk8u171\10807\hotspot\src\share\vm\classfile\systemDictionary.cpp, line 210]
Event: 63.093 Thread 0x000000001d25f000 Exception <a 'java/lang/NoClassDefFoundError': net/decasdev/dokan/DokanFileInfo> (0x00000000e33309e0) thrown at [C:\re\workspace\8-2-build-windows-amd64-cygwin\jdk8u171\10807\hotspot\src\share\vm\classfile\systemDictionary.cpp, line 199]
Event: 63.646 Thread 0x000000001d266800 Exception <a 'java/lang/NoClassDefFoundError': net/decasdev/dokan/DokanFileInfo> (0x00000000e35acd08) thrown at [C:\re\workspace\8-2-build-windows-amd64-cygwin\jdk8u171\10807\hotspot\src\share\vm\classfile\systemDictionary.cpp, line 199]
Event: 68.804 Thread 0x000000001d260800 Exception <a 'java/lang/NoClassDefFoundError': net/decasdev/dokan/DokanFileInfo> (0x00000000e3d21908) thrown at [C:\re\workspace\8-2-build-windows-amd64-cygwin\jdk8u171\10807\hotspot\src\share\vm\classfile\systemDictionary.cpp, line 199]
Event: 72.049 Thread 0x000000001d263800 Exception <a 'java/lang/NoClassDefFoundError': net/decasdev/dokan/DokanFileInfo> (0x00000000e3f9dd08) thrown at [C:\re\workspace\8-2-build-windows-amd64-cygwin\jdk8u171\10807\hotspot\src\share\vm\classfile\systemDictionary.cpp, line 199]
Event: 73.693 Thread 0x000000001d263000 Exception <a 'java/lang/NoClassDefFoundError': net/decasdev/dokan/DokanFileInfo> (0x00000000e3aa5508) thrown at [C:\re\workspace\8-2-build-windows-amd64-cygwin\jdk8u171\10807\hotspot\src\share\vm\classfile\systemDictionary.cpp, line 199]

Events (10 events):
Event: 73.754 Executing VM operation: GetOrSetLocal done
Event: 73.754 Executing VM operation: GetOrSetLocal
Event: 73.754 Executing VM operation: GetOrSetLocal done
Event: 74.392 Executing VM operation: EnterInterpOnlyMode
Event: 74.392 Executing VM operation: EnterInterpOnlyMode done
Event: 74.392 Executing VM operation: ForceSafepoint
Event: 74.392 Executing VM operation: ForceSafepoint done
Event: 74.392 Executing VM operation: ForceSafepoint
Event: 74.392 Executing VM operation: ForceSafepoint done
Event: 74.394 Executing VM operation: ForceSafepoint


Dynamic libraries:
0x00007ff6b10b0000 - 0x00007ff6b10e7000 	C:\jdk\bin\java.exe
0x00007fff04e70000 - 0x00007fff05050000 	C:\WINDOWS\SYSTEM32\ntdll.dll
0x00007fff04640000 - 0x00007fff046ee000 	C:\WINDOWS\System32\KERNEL32.DLL
0x00007fff020d0000 - 0x00007fff02336000 	C:\WINDOWS\System32\KERNELBASE.dll
0x00007fff02340000 - 0x00007fff023e1000 	C:\WINDOWS\System32\ADVAPI32.dll
0x00007fff04950000 - 0x00007fff049ed000 	C:\WINDOWS\System32\msvcrt.dll
0x00007fff04820000 - 0x00007fff0487b000 	C:\WINDOWS\System32\sechost.dll
0x00007fff046f0000 - 0x00007fff0480f000 	C:\WINDOWS\System32\RPCRT4.dll
0x00007fff04320000 - 0x00007fff044af000 	C:\WINDOWS\System32\USER32.dll
0x00007fff020b0000 - 0x00007fff020d0000 	C:\WINDOWS\System32\win32u.dll
0x00007fff025a0000 - 0x00007fff025c8000 	C:\WINDOWS\System32\GDI32.dll
0x00007fff01b40000 - 0x00007fff01cd3000 	C:\WINDOWS\System32\gdi32full.dll
0x00007fff01fb0000 - 0x00007fff0204b000 	C:\WINDOWS\System32\msvcp_win.dll
0x00007fff01ce0000 - 0x00007fff01dd6000 	C:\WINDOWS\System32\ucrtbase.dll
0x00007ffef32c0000 - 0x00007ffef3529000 	C:\WINDOWS\WinSxS\amd64_microsoft.windows.common-controls_6595b64144ccf1df_6.0.16299.431_none_15c7d3ee93659e73\COMCTL32.dll
0x00007fff02640000 - 0x00007fff02948000 	C:\WINDOWS\System32\combase.dll
0x00007fff01a10000 - 0x00007fff01a82000 	C:\WINDOWS\System32\bcryptPrimitives.dll
0x00007fff024f0000 - 0x00007fff0251d000 	C:\WINDOWS\System32\IMM32.DLL
0x000000005c090000 - 0x000000005c162000 	C:\jdk\jre\bin\msvcr100.dll
0x000000005b7f0000 - 0x000000005c090000 	C:\jdk\jre\bin\server\jvm.dll
0x00007fff02630000 - 0x00007fff02638000 	C:\WINDOWS\System32\PSAPI.DLL
0x00007ffeef7a0000 - 0x00007ffeef7a9000 	C:\WINDOWS\SYSTEM32\WSOCK32.dll
0x00007fff02c50000 - 0x00007fff02cbc000 	C:\WINDOWS\System32\WS2_32.dll
0x00007ffeff580000 - 0x00007ffeff5a3000 	C:\WINDOWS\SYSTEM32\WINMM.dll
0x00007ffef8330000 - 0x00007ffef833a000 	C:\WINDOWS\SYSTEM32\VERSION.dll
0x00007ffeff520000 - 0x00007ffeff54a000 	C:\WINDOWS\SYSTEM32\WINMMBASE.dll
0x00007fff019c0000 - 0x00007fff01a0a000 	C:\WINDOWS\System32\cfgmgr32.dll
0x000000005b7e0000 - 0x000000005b7ef000 	C:\jdk\jre\bin\verify.dll
0x000000005b7b0000 - 0x000000005b7d9000 	C:\jdk\jre\bin\java.dll
0x000000005b480000 - 0x000000005b4b5000 	C:\jdk\jre\bin\jdwp.dll
0x000000005b470000 - 0x000000005b478000 	C:\jdk\jre\bin\npt.dll
0x000000005b440000 - 0x000000005b463000 	C:\jdk\jre\bin\instrument.dll
0x000000005b790000 - 0x000000005b7a6000 	C:\jdk\jre\bin\zip.dll
0x00007fff02cc0000 - 0x00007fff040f8000 	C:\WINDOWS\System32\SHELL32.dll
0x00007fff04270000 - 0x00007fff04316000 	C:\WINDOWS\System32\shcore.dll
0x00007fff01270000 - 0x00007fff019b7000 	C:\WINDOWS\System32\windows.storage.dll
0x00007fff023f0000 - 0x00007fff02441000 	C:\WINDOWS\System32\shlwapi.dll
0x00007fff01210000 - 0x00007fff01221000 	C:\WINDOWS\System32\kernel.appcore.dll
0x00007fff011c0000 - 0x00007fff0120c000 	C:\WINDOWS\System32\powrprof.dll
0x00007fff01230000 - 0x00007fff0124b000 	C:\WINDOWS\System32\profapi.dll
0x000000005b430000 - 0x000000005b439000 	C:\jdk\jre\bin\dt_socket.dll
0x00007fff009f0000 - 0x00007fff00a56000 	C:\WINDOWS\system32\mswsock.dll
0x000000005b770000 - 0x000000005b78a000 	C:\jdk\jre\bin\net.dll
0x000000005b750000 - 0x000000005b761000 	C:\jdk\jre\bin\nio.dll
0x00007fff002f0000 - 0x00007fff00321000 	C:\WINDOWS\SYSTEM32\ntmarta.dll
0x00007fff00bb0000 - 0x00007fff00bc7000 	C:\WINDOWS\SYSTEM32\CRYPTSP.dll
0x00007fff005f0000 - 0x00007fff00623000 	C:\WINDOWS\system32\rsaenh.dll
0x00007fff00cc0000 - 0x00007fff00ce5000 	C:\WINDOWS\SYSTEM32\bcrypt.dll
0x00007fff010f0000 - 0x00007fff01119000 	C:\WINDOWS\SYSTEM32\USERENV.dll
0x00007fff00bd0000 - 0x00007fff00bdb000 	C:\WINDOWS\SYSTEM32\CRYPTBASE.dll
0x00007fff00780000 - 0x00007fff007b9000 	C:\WINDOWS\SYSTEM32\IPHLPAPI.DLL
0x00007fff02c40000 - 0x00007fff02c48000 	C:\WINDOWS\System32\NSI.dll
0x00007ffefb8b0000 - 0x00007ffefb8c6000 	C:\WINDOWS\SYSTEM32\dhcpcsvc6.DLL
0x00007ffefb890000 - 0x00007ffefb8aa000 	C:\WINDOWS\SYSTEM32\dhcpcsvc.DLL
0x00007ffeeee80000 - 0x00007ffeeee96000 	C:\WINDOWS\system32\napinsp.dll
0x00007ffeeee60000 - 0x00007ffeeee7a000 	C:\WINDOWS\system32\pnrpnsp.dll
0x00007ffefdd80000 - 0x00007ffefdd98000 	C:\WINDOWS\system32\NLAapi.dll
0x00007fff007c0000 - 0x00007fff00876000 	C:\WINDOWS\SYSTEM32\DNSAPI.dll
0x00007ffeeee50000 - 0x00007ffeeee5e000 	C:\WINDOWS\System32\winrnr.dll
0x00007ffefa3d0000 - 0x00007ffefa3da000 	C:\Windows\System32\rasadhlp.dll
0x00007ffefae50000 - 0x00007ffefaec0000 	C:\WINDOWS\System32\fwpuclnt.dll
0x00007ffef10c0000 - 0x00007ffef148b000 	F:\mdfs\sdfs\sdfs-3.7\install-packages\windows\bin\rocksdbjni.dll
0x00007ffefdfa0000 - 0x00007ffefdfb6000 	C:\WINDOWS\SYSTEM32\VCRUNTIME140.dll
0x00007ffef1010000 - 0x00007ffef10b6000 	C:\WINDOWS\SYSTEM32\MSVCP140.dll
0x000000005b400000 - 0x000000005b424000 	C:\jdk\jre\bin\sunec.dll
0x00007ffefe050000 - 0x00007ffefe060000 	F:\mdfs\sdfs\sdfs-3.7\install-packages\windows\bin\JDokan.dll
0x00007ffefcec0000 - 0x00007ffefcedb000 	C:\WINDOWS\SYSTEM32\dokan1.dll
0x00007ffeff8f0000 - 0x00007ffeff985000 	C:\WINDOWS\system32\uxtheme.dll
0x00007fff02af0000 - 0x00007fff02c39000 	C:\WINDOWS\System32\ole32.dll
0x00007fff04880000 - 0x00007fff04945000 	C:\WINDOWS\System32\OLEAUT32.dll
0x00007ffef56f0000 - 0x00007ffef58b8000 	C:\WINDOWS\SYSTEM32\dbghelp.dll

VM Arguments:
jvm_args: -agentlib:jdwp=transport=dt_socket,address=127.0.0.1:52425,suspend=y,server=n -Djava.library.path=F:\mdfs\sdfs\sdfs-3.7\install-packages\windows\bin/ -javaagent:C:\Users\lwkj\.IntelliJIdea2018.1\system\captureAgent\debugger-agent.jar=file:/C:/Users/lwkj/AppData/Local/Temp/capture.props -Dfile.encoding=UTF-8 
java_command: com.intellij.rt.execution.CommandLineWrapper C:\Users\lwkj\AppData\Local\Temp\idea_classpath org.opendedup.sdfs.windows.fs.MountSDFS -v smt14 -m V
java_class_path (initial): C:\Program Files\JetBrains\IntelliJ IDEA 2018.1.4\lib\idea_rt.jar;C:\Users\lwkj\.IntelliJIdea2018.1\system\captureAgent\debugger-agent.jar
Launcher Type: SUN_STANDARD

Environment Variables:
JAVA_HOME=C:\jdk
CLASSPATH=.;C:\jdk\lib;C:\jdk\lib\tools.jar
PATH=C:\Program Files (x86)\Common Files\Oracle\Java\javapath;C:\WINDOWS\system32;C:\WINDOWS;C:\WINDOWS\System32\Wbem;C:\WINDOWS\System32\WindowsPowerShell\v1.0\;C:\Program Files\TortoiseSVN\bin;C:\jdk\bin;C:\jdk\jre\bin;C:\Users\lwkj\.dnx\bin;C:\Program Files\Microsoft DNX\Dnvm\;C:\Program Files\Microsoft SQL Server\120\Tools\Binn\;C:\Program Files\Microsoft SQL Server\130\Tools\Binn\;f:\sdfs;e:\Program Files\Git\cmd;C:\Program Files\dotnet\;C:\Users\lwkj\AppData\Local\Microsoft\WindowsApps
USERNAME=lwkj
OS=Windows_NT
PROCESSOR_IDENTIFIER=Intel64 Family 6 Model 58 Stepping 9, GenuineIntel



---------------  S Y S T E M  ---------------

OS: Windows 10.0 , 64 bit Build 16299 (10.0.16299.431)

CPU:total 4 (initial active 4) (2 cores per cpu, 2 threads per core) family 6 model 58 stepping 9, cmov, cx8, fxsr, mmx, sse, sse2, sse3, ssse3, sse4.1, sse4.2, popcnt, avx, clmul, erms, ht, tsc, tscinvbit, tscinv

Memory: 4k page, physical 8279412k(3311368k free), swap 14046580k(7469456k free)

vm_info: Java HotSpot(TM) 64-Bit Server VM (25.171-b11) for windows-amd64 JRE (1.8.0_171-b11), built on Mar 28 2018 16:06:12 by "java_re" with MS VC++ 10.0 (VS2010)

time: Wed Jun 06 17:58:08 2018
elapsed time: 74 seconds (0d 0h 1m 14s)

