#
# A fatal error has been detected by the Java Runtime Environment:
#
#  EXCEPTION_ACCESS_VIOLATION (0xc0000005) at pc=0x0000000066b57e06, pid=7100, tid=0x0000000000002110
#
# JRE version: Java(TM) SE Runtime Environment (8.0_171-b11) (build 1.8.0_171-b11)
# Java VM: Java HotSpot(TM) 64-Bit Server VM (25.171-b11 mixed mode windows-amd64 compressed oops)
# Problematic frame:
# V  [jvm.dll+0x147e06]
#
# Failed to write core dump. Minidumps are not enabled by default on client versions of Windows
#
# If you would like to submit a bug report, please visit:
#   http://bugreport.java.com/bugreport/crash.jsp
#

---------------  T H R E A D  ---------------

Current thread (0x0000000020312000):  JavaThread "Thread-31" daemon [_thread_in_vm, id=8464, stack(0x000000002c790000,0x000000002c890000)]

siginfo: ExceptionCode=0xc0000005, reading address 0x0000000000000000

Registers:
RAX=0x0000000000000000, RBX=0x0000000020312000, RCX=0x0000000000000200, RDX=0x0000000000000000
RSP=0x000000002c88f050, RBP=0x0000000000000062, RSI=0x0000000000000000, RDI=0x0000000000000000
R8 =0x0000000000000062, R9 =0x0000000000000000, R10=0x0000000005581e64, R11=0x000000002c88f0e8
R12=0x0000000000000000, R13=0x0000000021d21bc8, R14=0x000000002c88f198, R15=0x0000000020312000
RIP=0x0000000066b57e06, EFLAGS=0x0000000000010202

Top of Stack: (sp=0x000000002c88f050)
0x000000002c88f050:   0000000021d21bc8 000000002c88f198
0x000000002c88f060:   000000001f99ab60 0000000066acba36
0x000000002c88f070:   000000002c88f468 000000001f212620
0x000000002c88f080:   0000000000000000 00007ffd535f51f2
0x000000002c88f090:   00000000203121f8 000000002c88f168
0x000000002c88f0a0:   000000000003a980 0000000020312000
0x000000002c88f0b0:   0000000000000000 0000000000000000
0x000000002c88f0c0:   0000000000000000 0000000000000000
0x000000002c88f0d0:   0000000000000000 0000000020005d90
0x000000002c88f0e0:   00000000055683fd 0000000005581e90
0x000000002c88f0f0:   0000000021d21bc8 0000000020005d90
0x000000002c88f100:   0000000020312000 0000000021d21bc8
0x000000002c88f110:   0000000020005d90 0000000020312000
0x000000002c88f120:   00000000055819e2 000000002c88f128
0x000000002c88f130:   0000000021d21bc8 000000002c88f198
0x000000002c88f140:   0000000021d21eb8 0000000000000000 

Instructions: (pc=0x0000000066b57e06)
0x0000000066b57de6:   a9 00 00 00 30 74 08 48 8b cb e8 6b b7 0f 00 c7
0x0000000066b57df6:   83 70 02 00 00 06 00 00 00 80 3d 3b 97 6c 00 00
0x0000000066b57e06:   48 8b 16 74 16 44 8b 4a 08 8b 0d 93 c9 65 00 49
0x0000000066b57e16:   d3 e1 4c 03 0d 81 c9 65 00 eb 04 4c 8b 4a 08 48 


Register to memory mapping:

RAX=0x0000000000000000 is an unknown value
RBX=0x0000000020312000 is a thread
RCX=0x0000000000000200 is an unknown value
RDX=0x0000000000000000 is an unknown value
RSP=0x000000002c88f050 is pointing into the stack for thread: 0x0000000020312000
RBP=0x0000000000000062 is an unknown value
RSI=0x0000000000000000 is an unknown value
RDI=0x0000000000000000 is an unknown value
R8 =0x0000000000000062 is an unknown value
R9 =0x0000000000000000 is an unknown value
R10=0x0000000005581e64 is at code_begin+1700 in an Interpreter codelet
method entry point (kind = native)  [0x00000000055817c0, 0x0000000005582880]  4288 bytes
R11=0x000000002c88f0e8 is pointing into the stack for thread: 0x0000000020312000
R12=0x0000000000000000 is an unknown value
R13={method} {0x0000000021d21bd0} 'resetTimeout' '(JLnet/decasdev/dokan/DokanFileInfo;)Z' in 'net/decasdev/dokan/Dokan'
R14=0x000000002c88f198 is pointing into the stack for thread: 0x0000000020312000
R15=0x0000000020312000 is a thread


Stack: [0x000000002c790000,0x000000002c890000],  sp=0x000000002c88f050,  free space=1020k
Native frames: (J=compiled Java code, j=interpreted, Vv=VM code, C=native code)
V  [jvm.dll+0x147e06]
C  [JDokan.dll+0x51f2]
C  0x0000000005581e90

Java frames: (J=compiled Java code, j=interpreted, Vv=VM code)
j  net.decasdev.dokan.Dokan.resetTimeout(JLnet/decasdev/dokan/DokanFileInfo;)Z+0
j  org.opendedup.sdfs.windows.fs.WinSDFS.onCreateFile(Ljava/lang/String;IIIIILnet/decasdev/dokan/DokanFileInfo;)J+232
v  ~StubRoutines::call_stub

---------------  P R O C E S S  ---------------

Java Threads: ( => current thread )
  0x0000000020310800 JavaThread "pool-4-thread-3" [_thread_blocked, id=7268, stack(0x000000002cc90000,0x000000002cd90000)]
  0x0000000020313000 JavaThread "pool-4-thread-2" [_thread_blocked, id=9488, stack(0x000000002cb90000,0x000000002cc90000)]
  0x000000002030d800 JavaThread "pool-4-thread-1" [_thread_blocked, id=7684, stack(0x000000002ca90000,0x000000002cb90000)]
  0x0000000020310000 JavaThread "Thread-32" daemon [_thread_blocked, id=8472, stack(0x000000002c490000,0x000000002c590000)]
=>0x0000000020312000 JavaThread "Thread-31" daemon [_thread_in_vm, id=8464, stack(0x000000002c790000,0x000000002c890000)]
  0x0000000020311800 JavaThread "Thread-30" daemon [_thread_blocked, id=8492, stack(0x000000002c690000,0x000000002c790000)]
  0x000000002030f000 JavaThread "Thread-29" daemon [_thread_blocked, id=8480, stack(0x000000002c190000,0x000000002c290000)]
  0x000000002030c000 JavaThread "Thread-28" daemon [_thread_blocked, id=8484, stack(0x000000002c290000,0x000000002c390000)]
  0x0000000020309800 JavaThread "Thread-27" daemon [_thread_blocked, id=8296, stack(0x000000002c390000,0x000000002c490000)]
  0x0000000020309000 JavaThread "Thread-26" daemon [_thread_blocked, id=8460, stack(0x000000002c590000,0x000000002c690000)]
  0x0000000020307800 JavaThread "Thread-25" daemon [_thread_blocked, id=8312, stack(0x000000002c090000,0x000000002c190000)]
  0x0000000020304800 JavaThread "QuartzScheduler_QuartzSchedulerThread" [_thread_blocked, id=8352, stack(0x000000002be90000,0x000000002bf90000)]
  0x0000000020303800 JavaThread "QuartzScheduler_Worker-1" [_thread_blocked, id=2108, stack(0x000000002bd90000,0x000000002be90000)]
  0x0000000020305000 JavaThread "Thread-23" [_thread_blocked, id=6088, stack(0x000000002bc90000,0x000000002bd90000)]
  0x0000000020306800 JavaThread "ActionDistributor: Thread-22" [_thread_blocked, id=2076, stack(0x000000002bb90000,0x000000002bc90000)]
  0x0000000020306000 JavaThread "ActionDistributor: Thread-21" [_thread_blocked, id=5744, stack(0x000000002ba90000,0x000000002bb90000)]
  0x0000000020303000 JavaThread "ActionDistributor: Thread-20" [_thread_blocked, id=5888, stack(0x000000002b990000,0x000000002ba90000)]
  0x0000000020308000 JavaThread "ActionDistributor: Thread-19" [_thread_blocked, id=6808, stack(0x000000002b890000,0x000000002b990000)]
  0x000000001f3c9800 JavaThread "ActionDistributor: Thread-18" [_thread_blocked, id=7064, stack(0x000000002b790000,0x000000002b890000)]
  0x000000001f3cc000 JavaThread "ActionDistributor: Thread-17" [_thread_blocked, id=5364, stack(0x000000002b690000,0x000000002b790000)]
  0x000000001f3cb000 JavaThread "ActionDistributor: Thread-16" [_thread_blocked, id=5356, stack(0x000000002b590000,0x000000002b690000)]
  0x000000001f3ca800 JavaThread "Thread-15" [_thread_blocked, id=4996, stack(0x000000002b490000,0x000000002b590000)]
  0x000000001f3cc800 JavaThread "Thread-14" [_thread_blocked, id=4888, stack(0x000000002b390000,0x000000002b490000)]
  0x000000001f6a8000 JavaThread "Thread-5" [_thread_blocked, id=4576, stack(0x0000000021790000,0x0000000021890000)]
  0x000000001eed5000 JavaThread "Thread-4" [_thread_blocked, id=4532, stack(0x0000000021690000,0x0000000021790000)]
  0x000000001eed4000 JavaThread "Thread-3" [_thread_blocked, id=4524, stack(0x0000000021590000,0x0000000021690000)]
  0x00000000202b9800 JavaThread "Thread-2" [_thread_blocked, id=4304, stack(0x0000000021290000,0x0000000021390000)]
  0x000000001d10e000 JavaThread "Service Thread" daemon [_thread_blocked, id=9052, stack(0x000000001e6f0000,0x000000001e7f0000)]
  0x000000001d10d000 JavaThread "C1 CompilerThread2" daemon [_thread_blocked, id=5112, stack(0x000000001e5f0000,0x000000001e6f0000)]
  0x000000001d113000 JavaThread "C2 CompilerThread1" daemon [_thread_blocked, id=9072, stack(0x000000001e4f0000,0x000000001e5f0000)]
  0x000000001d107000 JavaThread "C2 CompilerThread0" daemon [_thread_blocked, id=9048, stack(0x000000001e3f0000,0x000000001e4f0000)]
  0x000000001d0bd800 JavaThread "JDWP Command Reader" daemon [_thread_in_native, id=9004, stack(0x000000001e2f0000,0x000000001e3f0000)]
  0x000000001d0bd000 JavaThread "JDWP Event Helper Thread" daemon [_thread_blocked, id=9056, stack(0x000000001e1f0000,0x000000001e2f0000)]
  0x000000001d0b7000 JavaThread "JDWP Transport Listener: dt_socket" daemon [_thread_blocked, id=5336, stack(0x000000001e0f0000,0x000000001e1f0000)]
  0x000000001d093800 JavaThread "Attach Listener" daemon [_thread_blocked, id=516, stack(0x000000001dff0000,0x000000001e0f0000)]
  0x000000001d03a000 JavaThread "Signal Dispatcher" daemon [_thread_blocked, id=9444, stack(0x000000001def0000,0x000000001dff0000)]
  0x000000001d0a5800 JavaThread "Surrogate Locker Thread (Concurrent GC)" daemon [_thread_blocked, id=8784, stack(0x000000001ddf0000,0x000000001def0000)]
  0x000000001d01b000 JavaThread "Finalizer" daemon [_thread_blocked, id=8272, stack(0x000000001dbf0000,0x000000001dcf0000)]
  0x000000001d019800 JavaThread "Reference Handler" daemon [_thread_blocked, id=8280, stack(0x000000001daf0000,0x000000001dbf0000)]
  0x0000000005462800 JavaThread "main" [_thread_in_native, id=7436, stack(0x0000000003570000,0x0000000003670000)]

Other Threads:
  0x000000001cff3800 VMThread [stack: 0x000000001d9f0000,0x000000001daf0000] [id=8788]
  0x000000001d189000 WatcherThread [stack: 0x000000001e7f0000,0x000000001e8f0000] [id=8864]

VM state:synchronizing (normal execution)

VM Mutex/Monitor currently owned by a thread:  ([mutex/lock_event])
[0x00000000054611d0] Threads_lock - owner thread: 0x000000001cff3800
[0x00000000054601d0] JvmtiThreadState_lock - owner thread: 0x0000000020310800

Heap:
 garbage-first heap   total 131072K, used 55654K [0x0000000081a00000, 0x0000000081b00400, 0x0000000100000000)
  region size 1024K, 51 young (52224K), 3 survivors (3072K)
 Metaspace       used 15516K, capacity 15818K, committed 16000K, reserved 1062912K
  class space    used 1776K, capacity 1853K, committed 1920K, reserved 1048576K

Heap Regions: (Y=young(eden), SU=young(survivor), HS=humongous(starts), HC=humongous(continues), CS=collection set, F=free, TS=gc time stamp, PTAMS=previous top-at-mark-start, NTAMS=next top-at-mark-start)
AC   0  O    TS    31 PTAMS 0x0000000081a00000 NTAMS 0x0000000081a00000 space 1024K, 100% used [0x0000000081a00000, 0x0000000081b00000)
AC   0  O    TS     3 PTAMS 0x0000000081b00000 NTAMS 0x0000000081b00000 space 1024K, 100% used [0x0000000081b00000, 0x0000000081c00000)
AC   0  O    TS    33 PTAMS 0x0000000081c00000 NTAMS 0x0000000081c00000 space 1024K, 100% used [0x0000000081c00000, 0x0000000081d00000)
AC   0  O    TS    35 PTAMS 0x0000000081d00000 NTAMS 0x0000000081d00000 space 1024K, 100% used [0x0000000081d00000, 0x0000000081e00000)
AC   0  O    TS    35 PTAMS 0x0000000081e00000 NTAMS 0x0000000081e00000 space 1024K,  35% used [0x0000000081e00000, 0x0000000081f00000)
AC   0  F    TS     0 PTAMS 0x0000000081f00000 NTAMS 0x0000000081f00000 space 1024K,   0% used [0x0000000081f00000, 0x0000000082000000)
AC   0  F    TS     0 PTAMS 0x0000000082000000 NTAMS 0x0000000082000000 space 1024K,   0% used [0x0000000082000000, 0x0000000082100000)
AC   0  F    TS     0 PTAMS 0x0000000082100000 NTAMS 0x0000000082100000 space 1024K,   0% used [0x0000000082100000, 0x0000000082200000)
AC   0  F    TS     0 PTAMS 0x0000000082200000 NTAMS 0x0000000082200000 space 1024K,   0% used [0x0000000082200000, 0x0000000082300000)
AC   0  F    TS     0 PTAMS 0x0000000082300000 NTAMS 0x0000000082300000 space 1024K,   0% used [0x0000000082300000, 0x0000000082400000)
AC   0  F    TS     0 PTAMS 0x0000000082400000 NTAMS 0x0000000082400000 space 1024K,   0% used [0x0000000082400000, 0x0000000082500000)
AC   0  F    TS     0 PTAMS 0x0000000082500000 NTAMS 0x0000000082500000 space 1024K,   0% used [0x0000000082500000, 0x0000000082600000)
AC   0  F    TS     0 PTAMS 0x0000000082600000 NTAMS 0x0000000082600000 space 1024K,   0% used [0x0000000082600000, 0x0000000082700000)
AC   0  F    TS     0 PTAMS 0x0000000082700000 NTAMS 0x0000000082700000 space 1024K,   0% used [0x0000000082700000, 0x0000000082800000)
AC   0  F    TS     0 PTAMS 0x0000000082800000 NTAMS 0x0000000082800000 space 1024K,   0% used [0x0000000082800000, 0x0000000082900000)
AC   0  F    TS     0 PTAMS 0x0000000082900000 NTAMS 0x0000000082900000 space 1024K,   0% used [0x0000000082900000, 0x0000000082a00000)
AC   0  F    TS     0 PTAMS 0x0000000082a00000 NTAMS 0x0000000082a00000 space 1024K,   0% used [0x0000000082a00000, 0x0000000082b00000)
AC   0  F    TS     0 PTAMS 0x0000000082b00000 NTAMS 0x0000000082b00000 space 1024K,   0% used [0x0000000082b00000, 0x0000000082c00000)
AC   0  F    TS     0 PTAMS 0x0000000082c00000 NTAMS 0x0000000082c00000 space 1024K,   0% used [0x0000000082c00000, 0x0000000082d00000)
AC   0  F    TS     0 PTAMS 0x0000000082d00000 NTAMS 0x0000000082d00000 space 1024K,   0% used [0x0000000082d00000, 0x0000000082e00000)
AC   0  F    TS     0 PTAMS 0x0000000082e00000 NTAMS 0x0000000082e00000 space 1024K,   0% used [0x0000000082e00000, 0x0000000082f00000)
AC   0  F    TS     0 PTAMS 0x0000000082f00000 NTAMS 0x0000000082f00000 space 1024K,   0% used [0x0000000082f00000, 0x0000000083000000)
AC   0  F    TS     0 PTAMS 0x0000000083000000 NTAMS 0x0000000083000000 space 1024K,   0% used [0x0000000083000000, 0x0000000083100000)
AC   0  F    TS     0 PTAMS 0x0000000083100000 NTAMS 0x0000000083100000 space 1024K,   0% used [0x0000000083100000, 0x0000000083200000)
AC   0  F    TS     0 PTAMS 0x0000000083200000 NTAMS 0x0000000083200000 space 1024K,   0% used [0x0000000083200000, 0x0000000083300000)
AC   0  F    TS     0 PTAMS 0x0000000083300000 NTAMS 0x0000000083300000 space 1024K,   0% used [0x0000000083300000, 0x0000000083400000)
AC   0  F    TS     0 PTAMS 0x0000000083400000 NTAMS 0x0000000083400000 space 1024K,   0% used [0x0000000083400000, 0x0000000083500000)
AC   0  F    TS     0 PTAMS 0x0000000083500000 NTAMS 0x0000000083500000 space 1024K,   0% used [0x0000000083500000, 0x0000000083600000)
AC   0  F    TS     0 PTAMS 0x0000000083600000 NTAMS 0x0000000083600000 space 1024K,   0% used [0x0000000083600000, 0x0000000083700000)
AC   0  F    TS     0 PTAMS 0x0000000083700000 NTAMS 0x0000000083700000 space 1024K,   0% used [0x0000000083700000, 0x0000000083800000)
AC   0  F    TS     0 PTAMS 0x0000000083800000 NTAMS 0x0000000083800000 space 1024K,   0% used [0x0000000083800000, 0x0000000083900000)
AC   0  F    TS     0 PTAMS 0x0000000083900000 NTAMS 0x0000000083900000 space 1024K,   0% used [0x0000000083900000, 0x0000000083a00000)
AC   0  F    TS     0 PTAMS 0x0000000083a00000 NTAMS 0x0000000083a00000 space 1024K,   0% used [0x0000000083a00000, 0x0000000083b00000)
AC   0  F    TS     0 PTAMS 0x0000000083b00000 NTAMS 0x0000000083b00000 space 1024K,   0% used [0x0000000083b00000, 0x0000000083c00000)
AC   0  F    TS     0 PTAMS 0x0000000083c00000 NTAMS 0x0000000083c00000 space 1024K,   0% used [0x0000000083c00000, 0x0000000083d00000)
AC   0  F    TS     0 PTAMS 0x0000000083d00000 NTAMS 0x0000000083d00000 space 1024K,   0% used [0x0000000083d00000, 0x0000000083e00000)
AC   0  F    TS     0 PTAMS 0x0000000083e00000 NTAMS 0x0000000083e00000 space 1024K,   0% used [0x0000000083e00000, 0x0000000083f00000)
AC   0  F    TS     0 PTAMS 0x0000000083f00000 NTAMS 0x0000000083f00000 space 1024K,   0% used [0x0000000083f00000, 0x0000000084000000)
AC   0  F    TS     0 PTAMS 0x0000000084000000 NTAMS 0x0000000084000000 space 1024K,   0% used [0x0000000084000000, 0x0000000084100000)
AC   0  F    TS     0 PTAMS 0x0000000084100000 NTAMS 0x0000000084100000 space 1024K,   0% used [0x0000000084100000, 0x0000000084200000)
AC   0  F    TS     0 PTAMS 0x0000000084200000 NTAMS 0x0000000084200000 space 1024K,   0% used [0x0000000084200000, 0x0000000084300000)
AC   0  F    TS     0 PTAMS 0x0000000084300000 NTAMS 0x0000000084300000 space 1024K,   0% used [0x0000000084300000, 0x0000000084400000)
AC   0  F    TS     0 PTAMS 0x0000000084400000 NTAMS 0x0000000084400000 space 1024K,   0% used [0x0000000084400000, 0x0000000084500000)
AC   0  F    TS     0 PTAMS 0x0000000084500000 NTAMS 0x0000000084500000 space 1024K,   0% used [0x0000000084500000, 0x0000000084600000)
AC   0  F    TS     0 PTAMS 0x0000000084600000 NTAMS 0x0000000084600000 space 1024K,   0% used [0x0000000084600000, 0x0000000084700000)
AC   0  F    TS     0 PTAMS 0x0000000084700000 NTAMS 0x0000000084700000 space 1024K,   0% used [0x0000000084700000, 0x0000000084800000)
AC   0  F    TS    25 PTAMS 0x0000000084800000 NTAMS 0x0000000084800000 space 1024K,   0% used [0x0000000084800000, 0x0000000084900000)
AC   0  F    TS    29 PTAMS 0x0000000084900000 NTAMS 0x0000000084900000 space 1024K,   0% used [0x0000000084900000, 0x0000000084a00000)
AC   0  F    TS    27 PTAMS 0x0000000084a00000 NTAMS 0x0000000084a00000 space 1024K,   0% used [0x0000000084a00000, 0x0000000084b00000)
AC   0  S CS TS    35 PTAMS 0x0000000084b00000 NTAMS 0x0000000084b00000 space 1024K,  99% used [0x0000000084b00000, 0x0000000084c00000)
AC   0  S CS TS    35 PTAMS 0x0000000084c00000 NTAMS 0x0000000084c00000 space 1024K, 100% used [0x0000000084c00000, 0x0000000084d00000)
AC   0  S CS TS    35 PTAMS 0x0000000084d00000 NTAMS 0x0000000084d00000 space 1024K, 100% used [0x0000000084d00000, 0x0000000084e00000)
AC   0  F    TS    33 PTAMS 0x0000000084e00000 NTAMS 0x0000000084e00000 space 1024K,   0% used [0x0000000084e00000, 0x0000000084f00000)
AC   0  F    TS    33 PTAMS 0x0000000084f00000 NTAMS 0x0000000084f00000 space 1024K,   0% used [0x0000000084f00000, 0x0000000085000000)
AC   0  F    TS    33 PTAMS 0x0000000085000000 NTAMS 0x0000000085000000 space 1024K,   0% used [0x0000000085000000, 0x0000000085100000)
AC   0  F    TS    29 PTAMS 0x0000000085100000 NTAMS 0x0000000085100000 space 1024K,   0% used [0x0000000085100000, 0x0000000085200000)
AC   0  F    TS    31 PTAMS 0x0000000085200000 NTAMS 0x0000000085200000 space 1024K,   0% used [0x0000000085200000, 0x0000000085300000)
AC   0  F    TS    27 PTAMS 0x0000000085300000 NTAMS 0x0000000085300000 space 1024K,   0% used [0x0000000085300000, 0x0000000085400000)
AC   0  F    TS     0 PTAMS 0x0000000085400000 NTAMS 0x0000000085400000 space 1024K,   0% used [0x0000000085400000, 0x0000000085500000)
AC   0  F    TS     0 PTAMS 0x0000000085500000 NTAMS 0x0000000085500000 space 1024K,   0% used [0x0000000085500000, 0x0000000085600000)
AC   0  F    TS     0 PTAMS 0x0000000085600000 NTAMS 0x0000000085600000 space 1024K,   0% used [0x0000000085600000, 0x0000000085700000)
AC   0  F    TS     0 PTAMS 0x0000000085700000 NTAMS 0x0000000085700000 space 1024K,   0% used [0x0000000085700000, 0x0000000085800000)
AC   0  F    TS     0 PTAMS 0x0000000085800000 NTAMS 0x0000000085800000 space 1024K,   0% used [0x0000000085800000, 0x0000000085900000)
AC   0  F    TS     0 PTAMS 0x0000000085900000 NTAMS 0x0000000085900000 space 1024K,   0% used [0x0000000085900000, 0x0000000085a00000)
AC   0  F    TS     0 PTAMS 0x0000000085a00000 NTAMS 0x0000000085a00000 space 1024K,   0% used [0x0000000085a00000, 0x0000000085b00000)
AC   0  F    TS     0 PTAMS 0x0000000085b00000 NTAMS 0x0000000085b00000 space 1024K,   0% used [0x0000000085b00000, 0x0000000085c00000)
AC   0  F    TS     0 PTAMS 0x0000000085c00000 NTAMS 0x0000000085c00000 space 1024K,   0% used [0x0000000085c00000, 0x0000000085d00000)
AC   0  F    TS     0 PTAMS 0x0000000085d00000 NTAMS 0x0000000085d00000 space 1024K,   0% used [0x0000000085d00000, 0x0000000085e00000)
AC   0  F    TS     0 PTAMS 0x0000000085e00000 NTAMS 0x0000000085e00000 space 1024K,   0% used [0x0000000085e00000, 0x0000000085f00000)
AC   0  F    TS     0 PTAMS 0x0000000085f00000 NTAMS 0x0000000085f00000 space 1024K,   0% used [0x0000000085f00000, 0x0000000086000000)
AC   0  F    TS     0 PTAMS 0x0000000086000000 NTAMS 0x0000000086000000 space 1024K,   0% used [0x0000000086000000, 0x0000000086100000)
AC   0  F    TS     0 PTAMS 0x0000000086100000 NTAMS 0x0000000086100000 space 1024K,   0% used [0x0000000086100000, 0x0000000086200000)
AC   0  F    TS     0 PTAMS 0x0000000086200000 NTAMS 0x0000000086200000 space 1024K,   0% used [0x0000000086200000, 0x0000000086300000)
AC   0  F    TS     0 PTAMS 0x0000000086300000 NTAMS 0x0000000086300000 space 1024K,   0% used [0x0000000086300000, 0x0000000086400000)
AC   0  F    TS     0 PTAMS 0x0000000086400000 NTAMS 0x0000000086400000 space 1024K,   0% used [0x0000000086400000, 0x0000000086500000)
AC   0  F    TS     0 PTAMS 0x0000000086500000 NTAMS 0x0000000086500000 space 1024K,   0% used [0x0000000086500000, 0x0000000086600000)
AC   0  F    TS     5 PTAMS 0x0000000086600000 NTAMS 0x0000000086600000 space 1024K,   0% used [0x0000000086600000, 0x0000000086700000)
AC   0  F    TS     5 PTAMS 0x0000000086700000 NTAMS 0x0000000086700000 space 1024K,   0% used [0x0000000086700000, 0x0000000086800000)
AC   0  F    TS     5 PTAMS 0x0000000086800000 NTAMS 0x0000000086800000 space 1024K,   0% used [0x0000000086800000, 0x0000000086900000)
AC   0  F    TS     0 PTAMS 0x0000000086900000 NTAMS 0x0000000086900000 space 1024K,   0% used [0x0000000086900000, 0x0000000086a00000)
AC   0  E    TS     0 PTAMS 0x0000000086a00000 NTAMS 0x0000000086a00000 space 1024K, 100% used [0x0000000086a00000, 0x0000000086b00000)
AC   0  E CS TS     0 PTAMS 0x0000000086b00000 NTAMS 0x0000000086b00000 space 1024K, 100% used [0x0000000086b00000, 0x0000000086c00000)
AC   0  E CS TS     0 PTAMS 0x0000000086c00000 NTAMS 0x0000000086c00000 space 1024K, 100% used [0x0000000086c00000, 0x0000000086d00000)
AC   0  E CS TS     0 PTAMS 0x0000000086d00000 NTAMS 0x0000000086d00000 space 1024K, 100% used [0x0000000086d00000, 0x0000000086e00000)
AC   0  E CS TS     0 PTAMS 0x0000000086e00000 NTAMS 0x0000000086e00000 space 1024K, 100% used [0x0000000086e00000, 0x0000000086f00000)
AC   0  E CS TS     0 PTAMS 0x0000000086f00000 NTAMS 0x0000000086f00000 space 1024K, 100% used [0x0000000086f00000, 0x0000000087000000)
AC   0  E CS TS     0 PTAMS 0x0000000087000000 NTAMS 0x0000000087000000 space 1024K, 100% used [0x0000000087000000, 0x0000000087100000)
AC   0  E CS TS     0 PTAMS 0x0000000087100000 NTAMS 0x0000000087100000 space 1024K, 100% used [0x0000000087100000, 0x0000000087200000)
AC   0  E CS TS     0 PTAMS 0x0000000087200000 NTAMS 0x0000000087200000 space 1024K, 100% used [0x0000000087200000, 0x0000000087300000)
AC   0  E CS TS     0 PTAMS 0x0000000087300000 NTAMS 0x0000000087300000 space 1024K, 100% used [0x0000000087300000, 0x0000000087400000)
AC   0  E CS TS     0 PTAMS 0x0000000087400000 NTAMS 0x0000000087400000 space 1024K, 100% used [0x0000000087400000, 0x0000000087500000)
AC   0  E CS TS     0 PTAMS 0x0000000087500000 NTAMS 0x0000000087500000 space 1024K, 100% used [0x0000000087500000, 0x0000000087600000)
AC   0  E CS TS     0 PTAMS 0x0000000087600000 NTAMS 0x0000000087600000 space 1024K, 100% used [0x0000000087600000, 0x0000000087700000)
AC   0  E CS TS     0 PTAMS 0x0000000087700000 NTAMS 0x0000000087700000 space 1024K, 100% used [0x0000000087700000, 0x0000000087800000)
AC   0  E CS TS     0 PTAMS 0x0000000087800000 NTAMS 0x0000000087800000 space 1024K, 100% used [0x0000000087800000, 0x0000000087900000)
AC   0  E CS TS     0 PTAMS 0x0000000087900000 NTAMS 0x0000000087900000 space 1024K, 100% used [0x0000000087900000, 0x0000000087a00000)
AC   0  E CS TS     0 PTAMS 0x0000000087a00000 NTAMS 0x0000000087a00000 space 1024K, 100% used [0x0000000087a00000, 0x0000000087b00000)
AC   0  E CS TS     0 PTAMS 0x0000000087b00000 NTAMS 0x0000000087b00000 space 1024K, 100% used [0x0000000087b00000, 0x0000000087c00000)
AC   0  E CS TS     0 PTAMS 0x0000000087c00000 NTAMS 0x0000000087c00000 space 1024K, 100% used [0x0000000087c00000, 0x0000000087d00000)
AC   0  E CS TS     0 PTAMS 0x0000000087d00000 NTAMS 0x0000000087d00000 space 1024K, 100% used [0x0000000087d00000, 0x0000000087e00000)
AC   0  E CS TS     0 PTAMS 0x0000000087e00000 NTAMS 0x0000000087e00000 space 1024K, 100% used [0x0000000087e00000, 0x0000000087f00000)
AC   0  E CS TS     0 PTAMS 0x0000000087f00000 NTAMS 0x0000000087f00000 space 1024K, 100% used [0x0000000087f00000, 0x0000000088000000)
AC   0  E CS TS     0 PTAMS 0x0000000088000000 NTAMS 0x0000000088000000 space 1024K, 100% used [0x0000000088000000, 0x0000000088100000)
AC   0  E CS TS     0 PTAMS 0x0000000088100000 NTAMS 0x0000000088100000 space 1024K, 100% used [0x0000000088100000, 0x0000000088200000)
AC   0  E CS TS     0 PTAMS 0x0000000088200000 NTAMS 0x0000000088200000 space 1024K, 100% used [0x0000000088200000, 0x0000000088300000)
AC   0  E CS TS     3 PTAMS 0x0000000088300000 NTAMS 0x0000000088300000 space 1024K, 100% used [0x0000000088300000, 0x0000000088400000)
AC   0  E CS TS     3 PTAMS 0x0000000088400000 NTAMS 0x0000000088400000 space 1024K, 100% used [0x0000000088400000, 0x0000000088500000)
AC   0  E CS TS     3 PTAMS 0x0000000088500000 NTAMS 0x0000000088500000 space 1024K, 100% used [0x0000000088500000, 0x0000000088600000)
AC   0  E CS TS     0 PTAMS 0x0000000088600000 NTAMS 0x0000000088600000 space 1024K, 100% used [0x0000000088600000, 0x0000000088700000)
AC   0  E CS TS     0 PTAMS 0x0000000088700000 NTAMS 0x0000000088700000 space 1024K, 100% used [0x0000000088700000, 0x0000000088800000)
AC   0  E CS TS     0 PTAMS 0x0000000088800000 NTAMS 0x0000000088800000 space 1024K, 100% used [0x0000000088800000, 0x0000000088900000)
AC   0  E CS TS     0 PTAMS 0x0000000088900000 NTAMS 0x0000000088900000 space 1024K, 100% used [0x0000000088900000, 0x0000000088a00000)
AC   0  E CS TS     1 PTAMS 0x0000000088a00000 NTAMS 0x0000000088a00000 space 1024K, 100% used [0x0000000088a00000, 0x0000000088b00000)
AC   0  E CS TS     1 PTAMS 0x0000000088b00000 NTAMS 0x0000000088b00000 space 1024K, 100% used [0x0000000088b00000, 0x0000000088c00000)
AC   0  E CS TS     0 PTAMS 0x0000000088c00000 NTAMS 0x0000000088c00000 space 1024K, 100% used [0x0000000088c00000, 0x0000000088d00000)
AC   0  E CS TS     0 PTAMS 0x0000000088d00000 NTAMS 0x0000000088d00000 space 1024K, 100% used [0x0000000088d00000, 0x0000000088e00000)
AC   0  E CS TS     0 PTAMS 0x0000000088e00000 NTAMS 0x0000000088e00000 space 1024K, 100% used [0x0000000088e00000, 0x0000000088f00000)
AC   0  E CS TS     0 PTAMS 0x0000000088f00000 NTAMS 0x0000000088f00000 space 1024K, 100% used [0x0000000088f00000, 0x0000000089000000)
AC   0  E CS TS     0 PTAMS 0x0000000089000000 NTAMS 0x0000000089000000 space 1024K, 100% used [0x0000000089000000, 0x0000000089100000)
AC   0  E CS TS     0 PTAMS 0x0000000089100000 NTAMS 0x0000000089100000 space 1024K, 100% used [0x0000000089100000, 0x0000000089200000)
AC   0  E CS TS     0 PTAMS 0x0000000089200000 NTAMS 0x0000000089200000 space 1024K, 100% used [0x0000000089200000, 0x0000000089300000)
AC   0  E CS TS     0 PTAMS 0x0000000089300000 NTAMS 0x0000000089300000 space 1024K, 100% used [0x0000000089300000, 0x0000000089400000)
AC   0  E CS TS     0 PTAMS 0x0000000089400000 NTAMS 0x0000000089400000 space 1024K, 100% used [0x0000000089400000, 0x0000000089500000)
AC   0  E CS TS     0 PTAMS 0x0000000089500000 NTAMS 0x0000000089500000 space 1024K, 100% used [0x0000000089500000, 0x0000000089600000)
AC   0  E CS TS     0 PTAMS 0x0000000089600000 NTAMS 0x0000000089600000 space 1024K, 100% used [0x0000000089600000, 0x0000000089700000)
AC   0  E CS TS     0 PTAMS 0x0000000089700000 NTAMS 0x0000000089700000 space 1024K, 100% used [0x0000000089700000, 0x0000000089800000)
AC   0  E CS TS     0 PTAMS 0x0000000089800000 NTAMS 0x0000000089800000 space 1024K, 100% used [0x0000000089800000, 0x0000000089900000)
AC   0  E CS TS     0 PTAMS 0x0000000089900000 NTAMS 0x0000000089900000 space 1024K, 100% used [0x0000000089900000, 0x0000000089a00000)

Card table byte_map: [0x0000000015e70000,0x0000000016270000] byte_map_base: 0x0000000015a63000

Marking Bits (Prev, Next): (CMBitMap*) 0x00000000054a2968, (CMBitMap*) 0x00000000054a29c0
 Prev Bits: [0x0000000016670000, 0x0000000018608000)
 Next Bits: [0x0000000018610000, 0x000000001a5a8000)

Polling page: 0x0000000003320000

CodeCache: size=245760Kb used=5047Kb max_used=5064Kb free=240712Kb
 bounds [0x0000000005560000, 0x0000000005a60000, 0x0000000014560000]
 total_blobs=1745 nmethods=1334 adapters=331
 compilation: enabled

Compilation events (10 events):
Event: 34.445 Thread 0x000000001d10d000 1391       3       com.sun.org.apache.xml.internal.serializer.ToStream::escapingNotNeeded (51 bytes)
Event: 34.445 Thread 0x000000001d10d000 nmethod 1391 0x000000000575e290 code [0x000000000575e420, 0x000000000575e9d8]
Event: 34.445 Thread 0x000000001d10d000 1393       1       org.xml.sax.helpers.AttributesImpl::getLength (5 bytes)
Event: 34.445 Thread 0x000000001d10d000 nmethod 1393 0x000000000575dfd0 code [0x000000000575e120, 0x000000000575e230]
Event: 34.476 Thread 0x000000001d10d000 1394       1       sun.nio.cs.UTF_8::historicalName (3 bytes)
Event: 34.476 Thread 0x000000001d10d000 nmethod 1394 0x000000000575dd10 code [0x000000000575de60, 0x000000000575df70]
Event: 34.590 Thread 0x000000001d107000 1395  s    4       java.lang.StringBuffer::append (13 bytes)
Event: 34.599 Thread 0x000000001d107000 nmethod 1395 0x0000000005759350 code [0x00000000057594c0, 0x0000000005759dc8]
Event: 38.000 Thread 0x000000001d10d000 1396       3       sun.reflect.ConstructorAccessorImpl::<init> (5 bytes)
Event: 38.000 Thread 0x000000001d10d000 nmethod 1396 0x000000000575d450 code [0x000000000575d5c0, 0x000000000575d7d0]

GC Heap History (10 events):
Event: 33.352 GC heap before
{Heap before GC invocations=13 (full 0):
 garbage-first heap   total 131072K, used 78618K [0x0000000081a00000, 0x0000000081b00400, 0x0000000100000000)
  region size 1024K, 76 young (77824K), 6 survivors (6144K)
 Metaspace       used 13200K, capacity 13474K, committed 13696K, reserved 1060864K
  class space    used 1467K, capacity 1563K, committed 1664K, reserved 1048576K
Event: 33.358 GC heap after
Heap after GC invocations=14 (full 0):
 garbage-first heap   total 131072K, used 7450K [0x0000000081a00000, 0x0000000081b00400, 0x0000000100000000)
  region size 1024K, 6 young (6144K), 6 survivors (6144K)
 Metaspace       used 13200K, capacity 13474K, committed 13696K, reserved 1060864K
  class space    used 1467K, capacity 1563K, committed 1664K, reserved 1048576K
}
Event: 33.464 GC heap before
{Heap before GC invocations=14 (full 0):
 garbage-first heap   total 131072K, used 79130K [0x0000000081a00000, 0x0000000081b00400, 0x0000000100000000)
  region size 1024K, 76 young (77824K), 6 survivors (6144K)
 Metaspace       used 13200K, capacity 13474K, committed 13696K, reserved 1060864K
  class space    used 1467K, capacity 1563K, committed 1664K, reserved 1048576K
Event: 33.470 GC heap after
Heap after GC invocations=15 (full 0):
 garbage-first heap   total 131072K, used 6426K [0x0000000081a00000, 0x0000000081b00400, 0x0000000100000000)
  region size 1024K, 5 young (5120K), 5 survivors (5120K)
 Metaspace       used 13200K, capacity 13474K, committed 13696K, reserved 1060864K
  class space    used 1467K, capacity 1563K, committed 1664K, reserved 1048576K
}
Event: 33.578 GC heap before
{Heap before GC invocations=15 (full 0):
 garbage-first heap   total 131072K, used 79130K [0x0000000081a00000, 0x0000000081b00400, 0x0000000100000000)
  region size 1024K, 76 young (77824K), 5 survivors (5120K)
 Metaspace       used 13200K, capacity 13474K, committed 13696K, reserved 1060864K
  class space    used 1467K, capacity 1563K, committed 1664K, reserved 1048576K
Event: 33.585 GC heap after
Heap after GC invocations=16 (full 0):
 garbage-first heap   total 131072K, used 6505K [0x0000000081a00000, 0x0000000081b00400, 0x0000000100000000)
  region size 1024K, 4 young (4096K), 4 survivors (4096K)
 Metaspace       used 13200K, capacity 13474K, committed 13696K, reserved 1060864K
  class space    used 1467K, capacity 1563K, committed 1664K, reserved 1048576K
}
Event: 33.722 GC heap before
{Heap before GC invocations=16 (full 0):
 garbage-first heap   total 131072K, used 80233K [0x0000000081a00000, 0x0000000081b00400, 0x0000000100000000)
  region size 1024K, 76 young (77824K), 4 survivors (4096K)
 Metaspace       used 13200K, capacity 13474K, committed 13696K, reserved 1060864K
  class space    used 1467K, capacity 1563K, committed 1664K, reserved 1048576K
Event: 33.728 GC heap after
Heap after GC invocations=17 (full 0):
 garbage-first heap   total 131072K, used 6695K [0x0000000081a00000, 0x0000000081b00400, 0x0000000100000000)
  region size 1024K, 3 young (3072K), 3 survivors (3072K)
 Metaspace       used 13200K, capacity 13474K, committed 13696K, reserved 1060864K
  class space    used 1467K, capacity 1563K, committed 1664K, reserved 1048576K
}
Event: 33.843 GC heap before
{Heap before GC invocations=17 (full 0):
 garbage-first heap   total 131072K, used 81447K [0x0000000081a00000, 0x0000000081b00400, 0x0000000100000000)
  region size 1024K, 76 young (77824K), 3 survivors (3072K)
 Metaspace       used 13200K, capacity 13474K, committed 13696K, reserved 1060864K
  class space    used 1467K, capacity 1563K, committed 1664K, reserved 1048576K
Event: 33.846 GC heap after
Heap after GC invocations=18 (full 0):
 garbage-first heap   total 131072K, used 7526K [0x0000000081a00000, 0x0000000081b00400, 0x0000000100000000)
  region size 1024K, 3 young (3072K), 3 survivors (3072K)
 Metaspace       used 13200K, capacity 13474K, committed 13696K, reserved 1060864K
  class space    used 1467K, capacity 1563K, committed 1664K, reserved 1048576K
}

Deoptimization events (10 events):
Event: 34.358 Thread 0x0000000005462800 Uncommon trap: reason=bimorphic action=maybe_recompile pc=0x0000000005a4df68 method=java.util.TreeMap.compare(Ljava/lang/Object;Ljava/lang/Object;)I @ 12
Event: 34.358 Thread 0x0000000005462800 Uncommon trap: reason=bimorphic action=maybe_recompile pc=0x0000000005a4df68 method=java.util.TreeMap.compare(Ljava/lang/Object;Ljava/lang/Object;)I @ 12
Event: 34.358 Thread 0x0000000005462800 Uncommon trap: reason=bimorphic action=maybe_recompile pc=0x0000000005a4df68 method=java.util.TreeMap.compare(Ljava/lang/Object;Ljava/lang/Object;)I @ 12
Event: 34.359 Thread 0x0000000005462800 Uncommon trap: reason=bimorphic action=maybe_recompile pc=0x0000000005a4df68 method=java.util.TreeMap.compare(Ljava/lang/Object;Ljava/lang/Object;)I @ 12
Event: 34.359 Thread 0x0000000005462800 Uncommon trap: reason=unstable_if action=reinterpret pc=0x0000000005672c94 method=java.util.TreeMap.getEntry(Ljava/lang/Object;)Ljava/util/TreeMap$Entry; @ 4
Event: 34.359 Thread 0x0000000005462800 Uncommon trap: reason=unstable_if action=reinterpret pc=0x000000000566d2e8 method=java.util.TreeMap.getEntry(Ljava/lang/Object;)Ljava/util/TreeMap$Entry; @ 4
Event: 34.364 Thread 0x0000000005462800 Uncommon trap: reason=bimorphic action=maybe_recompile pc=0x0000000005a55494 method=java.util.AbstractCollection.addAll(Ljava/util/Collection;)Z @ 3
Event: 34.366 Thread 0x0000000005462800 Uncommon trap: reason=bimorphic action=maybe_recompile pc=0x0000000005a55494 method=java.util.AbstractCollection.addAll(Ljava/util/Collection;)Z @ 3
Event: 34.367 Thread 0x0000000005462800 Uncommon trap: reason=bimorphic action=maybe_recompile pc=0x0000000005a55494 method=java.util.AbstractCollection.addAll(Ljava/util/Collection;)Z @ 3
Event: 34.367 Thread 0x0000000005462800 Uncommon trap: reason=bimorphic action=maybe_recompile pc=0x0000000005a55494 method=java.util.AbstractCollection.addAll(Ljava/util/Collection;)Z @ 3

Classes redefined (0 events):
No events

Internal exceptions (10 events):
Event: 34.281 Thread 0x0000000005462800 Exception <a 'java/lang/ClassNotFoundException': org/quartz/simpl/SimpleThreadPoolCustomizer> (0x00000000876ad3d0) thrown at [C:\re\workspace\8-2-build-windows-amd64-cygwin\jdk8u171\10807\hotspot\src\share\vm\classfile\systemDictionary.cpp, line 210]
Event: 34.301 Thread 0x0000000005462800 Exception <a 'java/lang/ClassNotFoundException': org/quartz/simpl/RAMJobStoreBeanInfo> (0x00000000875bf960) thrown at [C:\re\workspace\8-2-build-windows-amd64-cygwin\jdk8u171\10807\hotspot\src\share\vm\classfile\systemDictionary.cpp, line 210]
Event: 34.301 Thread 0x0000000005462800 Exception <a 'java/lang/ClassNotFoundException': org/quartz/simpl/RAMJobStoreCustomizer> (0x00000000875e0de0) thrown at [C:\re\workspace\8-2-build-windows-amd64-cygwin\jdk8u171\10807\hotspot\src\share\vm\classfile\systemDictionary.cpp, line 210]
Event: 41.648 Thread 0x0000000020307800 Exception <a 'java/lang/NoClassDefFoundError': net/decasdev/dokan/DokanFileInfo> (0x0000000086e815b0) thrown at [C:\re\workspace\8-2-build-windows-amd64-cygwin\jdk8u171\10807\hotspot\src\share\vm\classfile\systemDictionary.cpp, line 199]
Event: 55.226 Thread 0x0000000020309000 Exception <a 'java/lang/NoClassDefFoundError': net/decasdev/dokan/DokanFileInfo> (0x0000000086d00d30) thrown at [C:\re\workspace\8-2-build-windows-amd64-cygwin\jdk8u171\10807\hotspot\src\share\vm\classfile\systemDictionary.cpp, line 199]
Event: 95.911 Thread 0x000000002030c000 Exception <a 'java/lang/NoClassDefFoundError': net/decasdev/dokan/DokanFileInfo> (0x0000000086b80d28) thrown at [C:\re\workspace\8-2-build-windows-amd64-cygwin\jdk8u171\10807\hotspot\src\share\vm\classfile\systemDictionary.cpp, line 199]
Event: 95.923 Thread 0x0000000020312000 Exception <a 'java/lang/NoClassDefFoundError': net/decasdev/dokan/DokanFileInfo> (0x0000000086a00530) thrown at [C:\re\workspace\8-2-build-windows-amd64-cygwin\jdk8u171\10807\hotspot\src\share\vm\classfile\systemDictionary.cpp, line 199]
Event: 98.220 Thread 0x0000000020307800 Exception <a 'java/lang/NoClassDefFoundError': net/decasdev/dokan/DokanFileInfo> (0x0000000086e82410) thrown at [C:\re\workspace\8-2-build-windows-amd64-cygwin\jdk8u171\10807\hotspot\src\share\vm\classfile\systemDictionary.cpp, line 199]
Event: 98.349 Thread 0x0000000020310000 Exception <a 'java/lang/NoClassDefFoundError': net/decasdev/dokan/DokanFileInfo> (0x0000000086b014e0) thrown at [C:\re\workspace\8-2-build-windows-amd64-cygwin\jdk8u171\10807\hotspot\src\share\vm\classfile\systemDictionary.cpp, line 199]
Event: 98.372 Thread 0x000000002030f000 Exception <a 'java/lang/NoClassDefFoundError': net/decasdev/dokan/DokanFileInfo> (0x0000000086c014e0) thrown at [C:\re\workspace\8-2-build-windows-amd64-cygwin\jdk8u171\10807\hotspot\src\share\vm\classfile\systemDictionary.cpp, line 199]

Events (10 events):
Event: 105.983 Executing VM operation: ChangeBreakpoints
Event: 105.984 Executing VM operation: ChangeBreakpoints done
Event: 109.210 Executing VM operation: ChangeBreakpoints
Event: 109.211 Executing VM operation: ChangeBreakpoints done
Event: 112.206 Executing VM operation: ChangeBreakpoints
Event: 112.207 Executing VM operation: ChangeBreakpoints done
Event: 114.935 Executing VM operation: ChangeBreakpoints
Event: 114.935 Executing VM operation: ChangeBreakpoints done
Event: 116.404 Executing VM operation: ForceSafepoint
Event: 116.404 Executing VM operation: ForceSafepoint done


Dynamic libraries:
0x00007ff75e3a0000 - 0x00007ff75e3d7000 	C:\jdk\bin\java.exe
0x00007ffd58e20000 - 0x00007ffd59000000 	C:\WINDOWS\SYSTEM32\ntdll.dll
0x00007ffd58c10000 - 0x00007ffd58cbe000 	C:\WINDOWS\System32\KERNEL32.DLL
0x00007ffd55220000 - 0x00007ffd55486000 	C:\WINDOWS\System32\KERNELBASE.dll
0x00007ffd57700000 - 0x00007ffd577a1000 	C:\WINDOWS\System32\ADVAPI32.dll
0x00007ffd57200000 - 0x00007ffd5729d000 	C:\WINDOWS\System32\msvcrt.dll
0x00007ffd564f0000 - 0x00007ffd5654b000 	C:\WINDOWS\System32\sechost.dll
0x00007ffd563d0000 - 0x00007ffd564ef000 	C:\WINDOWS\System32\RPCRT4.dll
0x00007ffd56f80000 - 0x00007ffd5710f000 	C:\WINDOWS\System32\USER32.dll
0x00007ffd55490000 - 0x00007ffd554b0000 	C:\WINDOWS\System32\win32u.dll
0x00007ffd569e0000 - 0x00007ffd56a08000 	C:\WINDOWS\System32\GDI32.dll
0x00007ffd55730000 - 0x00007ffd558c3000 	C:\WINDOWS\System32\gdi32full.dll
0x00007ffd558d0000 - 0x00007ffd5596b000 	C:\WINDOWS\System32\msvcp_win.dll
0x00007ffd561f0000 - 0x00007ffd562e6000 	C:\WINDOWS\System32\ucrtbase.dll
0x00007ffd485a0000 - 0x00007ffd48809000 	C:\WINDOWS\WinSxS\amd64_microsoft.windows.common-controls_6595b64144ccf1df_6.0.16299.431_none_15c7d3ee93659e73\COMCTL32.dll
0x00007ffd573f0000 - 0x00007ffd576f8000 	C:\WINDOWS\System32\combase.dll
0x00007ffd55970000 - 0x00007ffd559e2000 	C:\WINDOWS\System32\bcryptPrimitives.dll
0x00007ffd58d60000 - 0x00007ffd58d8d000 	C:\WINDOWS\System32\IMM32.DLL
0x00000000672b0000 - 0x0000000067382000 	C:\jdk\jre\bin\msvcr100.dll
0x0000000066a10000 - 0x00000000672b0000 	C:\jdk\jre\bin\server\jvm.dll
0x00007ffd56f70000 - 0x00007ffd56f78000 	C:\WINDOWS\System32\PSAPI.DLL
0x00007ffd477b0000 - 0x00007ffd477b9000 	C:\WINDOWS\SYSTEM32\WSOCK32.dll
0x00007ffd57190000 - 0x00007ffd571fc000 	C:\WINDOWS\System32\WS2_32.dll
0x00007ffd53530000 - 0x00007ffd53553000 	C:\WINDOWS\SYSTEM32\WINMM.dll
0x00007ffd4c230000 - 0x00007ffd4c23a000 	C:\WINDOWS\SYSTEM32\VERSION.dll
0x00007ffd534a0000 - 0x00007ffd534ca000 	C:\WINDOWS\SYSTEM32\WINMMBASE.dll
0x00007ffd554b0000 - 0x00007ffd554fa000 	C:\WINDOWS\System32\cfgmgr32.dll
0x0000000066a00000 - 0x0000000066a0f000 	C:\jdk\jre\bin\verify.dll
0x00000000669d0000 - 0x00000000669f9000 	C:\jdk\jre\bin\java.dll
0x0000000066850000 - 0x0000000066885000 	C:\jdk\jre\bin\jdwp.dll
0x0000000066840000 - 0x0000000066848000 	C:\jdk\jre\bin\npt.dll
0x0000000066810000 - 0x0000000066833000 	C:\jdk\jre\bin\instrument.dll
0x00000000669b0000 - 0x00000000669c6000 	C:\jdk\jre\bin\zip.dll
0x00007ffd577b0000 - 0x00007ffd58be8000 	C:\WINDOWS\System32\SHELL32.dll
0x00007ffd56a70000 - 0x00007ffd56b16000 	C:\WINDOWS\System32\shcore.dll
0x00007ffd55aa0000 - 0x00007ffd561e7000 	C:\WINDOWS\System32\windows.storage.dll
0x00007ffd56560000 - 0x00007ffd565b1000 	C:\WINDOWS\System32\shlwapi.dll
0x00007ffd551b0000 - 0x00007ffd551c1000 	C:\WINDOWS\System32\kernel.appcore.dll
0x00007ffd551d0000 - 0x00007ffd5521c000 	C:\WINDOWS\System32\powrprof.dll
0x00007ffd55170000 - 0x00007ffd5518b000 	C:\WINDOWS\System32\profapi.dll
0x0000000066800000 - 0x0000000066809000 	C:\jdk\jre\bin\dt_socket.dll
0x00007ffd549a0000 - 0x00007ffd54a06000 	C:\WINDOWS\system32\mswsock.dll
0x0000000066990000 - 0x00000000669aa000 	C:\jdk\jre\bin\net.dll
0x0000000066970000 - 0x0000000066981000 	C:\jdk\jre\bin\nio.dll
0x00007ffd542a0000 - 0x00007ffd542d1000 	C:\WINDOWS\SYSTEM32\ntmarta.dll
0x00007ffd54b60000 - 0x00007ffd54b77000 	C:\WINDOWS\SYSTEM32\CRYPTSP.dll
0x00007ffd545a0000 - 0x00007ffd545d3000 	C:\WINDOWS\system32\rsaenh.dll
0x00007ffd54c70000 - 0x00007ffd54c95000 	C:\WINDOWS\SYSTEM32\bcrypt.dll
0x00007ffd550a0000 - 0x00007ffd550c9000 	C:\WINDOWS\SYSTEM32\USERENV.dll
0x00007ffd54b80000 - 0x00007ffd54b8b000 	C:\WINDOWS\SYSTEM32\CRYPTBASE.dll
0x00007ffd54730000 - 0x00007ffd54769000 	C:\WINDOWS\SYSTEM32\IPHLPAPI.DLL
0x00007ffd56550000 - 0x00007ffd56558000 	C:\WINDOWS\System32\NSI.dll
0x00007ffd4f7d0000 - 0x00007ffd4f7e6000 	C:\WINDOWS\SYSTEM32\dhcpcsvc6.DLL
0x00007ffd4f660000 - 0x00007ffd4f67a000 	C:\WINDOWS\SYSTEM32\dhcpcsvc.DLL
0x00007ffd48d20000 - 0x00007ffd48d36000 	C:\WINDOWS\system32\napinsp.dll
0x00007ffd48d00000 - 0x00007ffd48d1a000 	C:\WINDOWS\system32\pnrpnsp.dll
0x00007ffd51d30000 - 0x00007ffd51d48000 	C:\WINDOWS\system32\NLAapi.dll
0x00007ffd54770000 - 0x00007ffd54826000 	C:\WINDOWS\SYSTEM32\DNSAPI.dll
0x00007ffd48cf0000 - 0x00007ffd48cfe000 	C:\WINDOWS\System32\winrnr.dll
0x00007ffd4e350000 - 0x00007ffd4e35a000 	C:\Windows\System32\rasadhlp.dll
0x00007ffd4e5b0000 - 0x00007ffd4e620000 	C:\WINDOWS\System32\fwpuclnt.dll
0x00007ffd325f0000 - 0x00007ffd329bb000 	F:\sdfs\bin\rocksdbjni.dll
0x00007ffd317d0000 - 0x00007ffd317e6000 	C:\WINDOWS\SYSTEM32\VCRUNTIME140.dll
0x00007ffd3e060000 - 0x00007ffd3e106000 	C:\WINDOWS\SYSTEM32\MSVCP140.dll
0x00000000667d0000 - 0x00000000667f4000 	C:\jdk\jre\bin\sunec.dll
0x00007ffd535f0000 - 0x00007ffd53600000 	F:\sdfs\bin\JDokan.dll
0x00007ffd535d0000 - 0x00007ffd535eb000 	C:\WINDOWS\SYSTEM32\dokan1.dll
0x00007ffd53940000 - 0x00007ffd539d5000 	C:\WINDOWS\system32\uxtheme.dll
0x00007ffd572a0000 - 0x00007ffd573e9000 	C:\WINDOWS\System32\ole32.dll
0x00007ffd562f0000 - 0x00007ffd563b5000 	C:\WINDOWS\System32\OLEAUT32.dll
0x00007ffd49c30000 - 0x00007ffd49df8000 	C:\WINDOWS\SYSTEM32\dbghelp.dll

VM Arguments:
jvm_args: -agentlib:jdwp=transport=dt_socket,address=127.0.0.1:50084,suspend=y,server=n -Djava.library.path=F:\sdfs\bin/ -XX:+UseG1GC -Djava.awt.headless=true -javaagent:C:\Users\lwkj\.IntelliJIdea2018.1\system\captureAgent\debugger-agent.jar=file:/C:/Users/lwkj/AppData/Local/Temp/capture.props -Dfile.encoding=UTF-8 
java_command: com.intellij.rt.execution.CommandLineWrapper C:\Users\lwkj\AppData\Local\Temp\idea_classpath org.opendedup.sdfs.windows.fs.MountSDFS -v yushu10 -m Z
java_class_path (initial): C:\Program Files\JetBrains\IntelliJ IDEA 2018.1.4\lib\idea_rt.jar;C:\Users\lwkj\.IntelliJIdea2018.1\system\captureAgent\debugger-agent.jar
Launcher Type: SUN_STANDARD

Environment Variables:
JAVA_HOME=C:\jdk
CLASSPATH=.;C:\jdk\lib;C:\jdk\lib\tools.jar
PATH=C:\Program Files (x86)\Common Files\Oracle\Java\javapath;C:\WINDOWS\system32;C:\WINDOWS;C:\WINDOWS\System32\Wbem;C:\WINDOWS\System32\WindowsPowerShell\v1.0\;C:\Program Files\TortoiseSVN\bin;C:\jdk\bin;C:\jdk\jre\bin;C:\Users\lwkj\.dnx\bin;C:\Program Files\Microsoft DNX\Dnvm\;C:\Program Files\Microsoft SQL Server\120\Tools\Binn\;C:\Program Files\Microsoft SQL Server\130\Tools\Binn\;e:\Program Files\Git\cmd;C:\Program Files\dotnet\;f:\sdfs;C:\Users\lwkj\AppData\Local\Microsoft\WindowsApps
USERNAME=lwkj
OS=Windows_NT
PROCESSOR_IDENTIFIER=Intel64 Family 6 Model 58 Stepping 9, GenuineIntel



---------------  S Y S T E M  ---------------

OS: Windows 10.0 , 64 bit Build 16299 (10.0.16299.431)

CPU:total 4 (initial active 4) (2 cores per cpu, 2 threads per core) family 6 model 58 stepping 9, cmov, cx8, fxsr, mmx, sse, sse2, sse3, ssse3, sse4.1, sse4.2, popcnt, avx, clmul, erms, ht, tsc, tscinvbit, tscinv

Memory: 4k page, physical 8279412k(4234000k free), swap 13522292k(8922380k free)

vm_info: Java HotSpot(TM) 64-Bit Server VM (25.171-b11) for windows-amd64 JRE (1.8.0_171-b11), built on Mar 28 2018 16:06:12 by "java_re" with MS VC++ 10.0 (VS2010)

time: Thu Jun 07 17:38:17 2018
elapsed time: 116 seconds (0d 0h 1m 56s)

