#
# A fatal error has been detected by the Java Runtime Environment:
#
#  EXCEPTION_ACCESS_VIOLATION (0xc0000005) at pc=0x0000000066b57e06, pid=8232, tid=0x0000000000005664
#
# JRE version: Java(TM) SE Runtime Environment (8.0_171-b11) (build 1.8.0_171-b11)
# Java VM: Java HotSpot(TM) 64-Bit Server VM (25.171-b11 mixed mode windows-amd64 compressed oops)
# Problematic frame:
# V  [jvm.dll+0x147e06]
#
# Failed to write core dump. Minidumps are not enabled by default on client versions of Windows
#
# If you would like to submit a bug report, please visit:
#   http://bugreport.java.com/bugreport/crash.jsp
#

---------------  T H R E A D  ---------------

Current thread (0x0000000026c25800):  JavaThread "Thread-26" daemon [_thread_in_vm, id=22116, stack(0x0000000032ca0000,0x0000000032da0000)]

siginfo: ExceptionCode=0xc0000005, reading address 0x0000000000000000

Registers:
RAX=0x0000000000000000, RBX=0x0000000026c25800, RCX=0x0000000000000580, RDX=0x0000000000000000
RSP=0x0000000032d9ed60, RBP=0x0000000000000062, RSI=0x0000000000000000, RDI=0x0000000000000000
R8 =0x0000000000000062, R9 =0x0000000000000000, R10=0x0000000004b51e64, R11=0x0000000032d9edf8
R12=0x0000000000000000, R13=0x0000000028941f60, R14=0x0000000032d9eea8, R15=0x0000000026c25800
RIP=0x0000000066b57e06, EFLAGS=0x0000000000010202

Top of Stack: (sp=0x0000000032d9ed60)
0x0000000032d9ed60:   0000000028941f60 0000000032d9eea8
0x0000000032d9ed70:   00000000257bf5a0 0000000066acba36
0x0000000032d9ed80:   0000000032d9f178 0000000024008330
0x0000000032d9ed90:   0000000000000000 00007ffd3f1951f2
0x0000000032d9eda0:   0000000026c259f8 0000000032d9ee78
0x0000000032d9edb0:   000000000003a980 0000000026c25800
0x0000000032d9edc0:   0000000000000000 0000000000000000
0x0000000032d9edd0:   0000000000000000 0000000000000000
0x0000000032d9ede0:   0000000000000000 00000000f8005d90
0x0000000032d9edf0:   0000000004b383fd 0000000004b51e90
0x0000000032d9ee00:   0000000028941f60 00000000f8005d90
0x0000000032d9ee10:   0000000026c25800 0000000028941f60
0x0000000032d9ee20:   00000000f8005d90 0000000026c25800
0x0000000032d9ee30:   0000000004b519e2 0000000032d9ee38
0x0000000032d9ee40:   0000000028941f60 0000000032d9eea8
0x0000000032d9ee50:   0000000028942250 0000000000000000 

Instructions: (pc=0x0000000066b57e06)
0x0000000066b57de6:   a9 00 00 00 30 74 08 48 8b cb e8 6b b7 0f 00 c7
0x0000000066b57df6:   83 70 02 00 00 06 00 00 00 80 3d 3b 97 6c 00 00
0x0000000066b57e06:   48 8b 16 74 16 44 8b 4a 08 8b 0d 93 c9 65 00 49
0x0000000066b57e16:   d3 e1 4c 03 0d 81 c9 65 00 eb 04 4c 8b 4a 08 48 


Register to memory mapping:

RAX=0x0000000000000000 is an unknown value
RBX=0x0000000026c25800 is a thread
RCX=0x0000000000000580 is an unknown value
RDX=0x0000000000000000 is an unknown value
RSP=0x0000000032d9ed60 is pointing into the stack for thread: 0x0000000026c25800
RBP=0x0000000000000062 is an unknown value
RSI=0x0000000000000000 is an unknown value
RDI=0x0000000000000000 is an unknown value
R8 =0x0000000000000062 is an unknown value
R9 =0x0000000000000000 is an unknown value
R10=0x0000000004b51e64 is at code_begin+1700 in an Interpreter codelet
method entry point (kind = native)  [0x0000000004b517c0, 0x0000000004b52880]  4288 bytes
R11=0x0000000032d9edf8 is pointing into the stack for thread: 0x0000000026c25800
R12=0x0000000000000000 is an unknown value
R13={method} {0x0000000028941f68} 'resetTimeout' '(JLnet/decasdev/dokan/DokanFileInfo;)Z' in 'net/decasdev/dokan/Dokan'
R14=0x0000000032d9eea8 is pointing into the stack for thread: 0x0000000026c25800
R15=0x0000000026c25800 is a thread


Stack: [0x0000000032ca0000,0x0000000032da0000],  sp=0x0000000032d9ed60,  free space=1019k
Native frames: (J=compiled Java code, j=interpreted, Vv=VM code, C=native code)
V  [jvm.dll+0x147e06]
C  [JDokan.dll+0x51f2]
C  0x0000000004b51e90

Java frames: (J=compiled Java code, j=interpreted, Vv=VM code)
j  net.decasdev.dokan.Dokan.resetTimeout(JLnet/decasdev/dokan/DokanFileInfo;)Z+0
j  org.opendedup.sdfs.windows.fs.WinSDFS.onCreateFile(Ljava/lang/String;IIIIILnet/decasdev/dokan/DokanFileInfo;)J+232
v  ~StubRoutines::call_stub

---------------  P R O C E S S  ---------------

Java Threads: ( => current thread )
  0x0000000026c26800 JavaThread "pool-4-thread-3" [_thread_blocked, id=16948, stack(0x00000000333a0000,0x00000000334a0000)]
  0x0000000026c2c800 JavaThread "pool-4-thread-2" [_thread_blocked, id=21444, stack(0x00000000332a0000,0x00000000333a0000)]
  0x0000000026c2d000 JavaThread "pool-4-thread-1" [_thread_blocked, id=18336, stack(0x00000000331a0000,0x00000000332a0000)]
  0x0000000026c29800 JavaThread "Thread-31" daemon [_thread_blocked, id=21660, stack(0x00000000330a0000,0x00000000331a0000)]
  0x0000000026c2a000 JavaThread "Thread-30" daemon [_thread_blocked, id=22032, stack(0x0000000032fa0000,0x00000000330a0000)]
  0x0000000026c2b800 JavaThread "Thread-29" daemon [_thread_blocked, id=19816, stack(0x0000000032aa0000,0x0000000032ba0000)]
  0x0000000026c28000 JavaThread "Thread-28" daemon [_thread_blocked, id=22336, stack(0x0000000032da0000,0x0000000032ea0000)]
  0x0000000026c20800 JavaThread "Thread-27" daemon [_thread_blocked, id=21216, stack(0x0000000032ea0000,0x0000000032fa0000)]
=>0x0000000026c25800 JavaThread "Thread-26" daemon [_thread_in_vm, id=22116, stack(0x0000000032ca0000,0x0000000032da0000)]
  0x0000000026c22000 JavaThread "Thread-25" daemon [_thread_in_native, id=7528, stack(0x0000000032ba0000,0x0000000032ca0000)]
  0x0000000026c27000 JavaThread "QuartzScheduler_QuartzSchedulerThread" [_thread_blocked, id=21680, stack(0x00000000327a0000,0x00000000328a0000)]
  0x0000000026c24000 JavaThread "QuartzScheduler_Worker-1" [_thread_blocked, id=22452, stack(0x00000000326a0000,0x00000000327a0000)]
  0x0000000026c1f800 JavaThread "Thread-23" [_thread_blocked, id=15912, stack(0x00000000325a0000,0x00000000326a0000)]
  0x0000000026c21000 JavaThread "ActionDistributor: Thread-22" [_thread_in_native, id=20160, stack(0x00000000324a0000,0x00000000325a0000)]
  0x0000000026c23800 JavaThread "ActionDistributor: Thread-21" [_thread_in_native, id=18612, stack(0x00000000323a0000,0x00000000324a0000)]
  0x0000000026c22800 JavaThread "ActionDistributor: Thread-20" [_thread_in_native, id=20256, stack(0x00000000322a0000,0x00000000323a0000)]
  0x0000000026c25000 JavaThread "ActionDistributor: Thread-19" [_thread_in_native, id=20888, stack(0x00000000321a0000,0x00000000322a0000)]
  0x0000000025a65800 JavaThread "ActionDistributor: Thread-18" [_thread_in_native, id=18628, stack(0x00000000320a0000,0x00000000321a0000)]
  0x0000000025a64800 JavaThread "ActionDistributor: Thread-17" [_thread_in_native, id=21696, stack(0x0000000031fa0000,0x00000000320a0000)]
  0x0000000025a64000 JavaThread "ActionDistributor: Thread-16" [_thread_in_native, id=14224, stack(0x0000000031ea0000,0x0000000031fa0000)]
  0x0000000025a67000 JavaThread "Thread-15" [_thread_blocked, id=22320, stack(0x0000000031da0000,0x0000000031ea0000)]
  0x0000000025a66000 JavaThread "Thread-14" [_thread_blocked, id=21376, stack(0x0000000031ca0000,0x0000000031da0000)]
  0x0000000026fa4800 JavaThread "Thread-5" [_thread_blocked, id=20428, stack(0x00000000280a0000,0x00000000281a0000)]
  0x000000002653c800 JavaThread "Thread-4" [_thread_blocked, id=14908, stack(0x0000000027fa0000,0x00000000280a0000)]
  0x000000002653c000 JavaThread "Thread-3" [_thread_blocked, id=21960, stack(0x0000000027ea0000,0x0000000027fa0000)]
  0x0000000023fc0800 JavaThread "Service Thread" daemon [_thread_blocked, id=20336, stack(0x0000000024f00000,0x0000000025000000)]
  0x0000000024029000 JavaThread "C1 CompilerThread2" daemon [_thread_blocked, id=21392, stack(0x0000000024e00000,0x0000000024f00000)]
  0x0000000023ffb800 JavaThread "C2 CompilerThread1" daemon [_thread_blocked, id=824, stack(0x0000000024d00000,0x0000000024e00000)]
  0x0000000023fc5800 JavaThread "C2 CompilerThread0" daemon [_thread_blocked, id=10920, stack(0x0000000024c00000,0x0000000024d00000)]
  0x0000000023fae000 JavaThread "JDWP Command Reader" daemon [_thread_in_native, id=10596, stack(0x0000000024b00000,0x0000000024c00000)]
  0x0000000023fad000 JavaThread "JDWP Event Helper Thread" daemon [_thread_blocked, id=20056, stack(0x0000000024a00000,0x0000000024b00000)]
  0x0000000023f9e800 JavaThread "JDWP Transport Listener: dt_socket" daemon [_thread_blocked, id=20244, stack(0x0000000024900000,0x0000000024a00000)]
  0x0000000023f94800 JavaThread "Attach Listener" daemon [_thread_blocked, id=7708, stack(0x0000000024800000,0x0000000024900000)]
  0x0000000023f81800 JavaThread "Signal Dispatcher" daemon [_thread_blocked, id=21080, stack(0x0000000024700000,0x0000000024800000)]
  0x0000000023f80000 JavaThread "Surrogate Locker Thread (Concurrent GC)" daemon [_thread_blocked, id=21740, stack(0x0000000024600000,0x0000000024700000)]
  0x00000000235ef800 JavaThread "Finalizer" daemon [_thread_blocked, id=22028, stack(0x0000000024400000,0x0000000024500000)]
  0x0000000023f20800 JavaThread "Reference Handler" daemon [_thread_blocked, id=20796, stack(0x0000000024300000,0x0000000024400000)]
  0x0000000004a32800 JavaThread "main" [_thread_in_native, id=16048, stack(0x0000000004420000,0x0000000004520000)]

Other Threads:
  0x00000000235e2800 VMThread [stack: 0x0000000023e00000,0x0000000023f00000] [id=20876]
  0x0000000024002800 WatcherThread [stack: 0x0000000025000000,0x0000000025100000] [id=13448]

VM state:synchronizing (normal execution)

VM Mutex/Monitor currently owned by a thread:  ([mutex/lock_event])
[0x0000000004a30d50] Threads_lock - owner thread: 0x00000000235e2800

Heap:
 garbage-first heap   total 131072K, used 40581K [0x0000000694800000, 0x0000000694900400, 0x00000007c0000000)
  region size 1024K, 37 young (37888K), 4 survivors (4096K)
 Metaspace       used 15548K, capacity 15830K, committed 16000K, reserved 1062912K
  class space    used 1775K, capacity 1853K, committed 1920K, reserved 1048576K

Heap Regions: (Y=young(eden), SU=young(survivor), HS=humongous(starts), HC=humongous(continues), CS=collection set, F=free, TS=gc time stamp, PTAMS=previous top-at-mark-start, NTAMS=next top-at-mark-start)
AC   0  O    TS     3 PTAMS 0x0000000694800000 NTAMS 0x0000000694800000 space 1024K, 100% used [0x0000000694800000, 0x0000000694900000)
AC   0  O    TS    33 PTAMS 0x0000000694900000 NTAMS 0x0000000694900000 space 1024K, 100% used [0x0000000694900000, 0x0000000694a00000)
AC   0  O    TS    31 PTAMS 0x0000000694a00000 NTAMS 0x0000000694a00000 space 1024K, 100% used [0x0000000694a00000, 0x0000000694b00000)
AC   0  O    TS    35 PTAMS 0x0000000694b00000 NTAMS 0x0000000694b00000 space 1024K, 100% used [0x0000000694b00000, 0x0000000694c00000)
AC   0  O    TS    35 PTAMS 0x0000000694c00000 NTAMS 0x0000000694c00000 space 1024K,  13% used [0x0000000694c00000, 0x0000000694d00000)
AC   0  F    TS     0 PTAMS 0x0000000694d00000 NTAMS 0x0000000694d00000 space 1024K,   0% used [0x0000000694d00000, 0x0000000694e00000)
AC   0  F    TS     0 PTAMS 0x0000000694e00000 NTAMS 0x0000000694e00000 space 1024K,   0% used [0x0000000694e00000, 0x0000000694f00000)
AC   0  F    TS     0 PTAMS 0x0000000694f00000 NTAMS 0x0000000694f00000 space 1024K,   0% used [0x0000000694f00000, 0x0000000695000000)
AC   0  F    TS     0 PTAMS 0x0000000695000000 NTAMS 0x0000000695000000 space 1024K,   0% used [0x0000000695000000, 0x0000000695100000)
AC   0  F    TS     0 PTAMS 0x0000000695100000 NTAMS 0x0000000695100000 space 1024K,   0% used [0x0000000695100000, 0x0000000695200000)
AC   0  F    TS     0 PTAMS 0x0000000695200000 NTAMS 0x0000000695200000 space 1024K,   0% used [0x0000000695200000, 0x0000000695300000)
AC   0  F    TS     0 PTAMS 0x0000000695300000 NTAMS 0x0000000695300000 space 1024K,   0% used [0x0000000695300000, 0x0000000695400000)
AC   0  F    TS     0 PTAMS 0x0000000695400000 NTAMS 0x0000000695400000 space 1024K,   0% used [0x0000000695400000, 0x0000000695500000)
AC   0  F    TS     0 PTAMS 0x0000000695500000 NTAMS 0x0000000695500000 space 1024K,   0% used [0x0000000695500000, 0x0000000695600000)
AC   0  F    TS     0 PTAMS 0x0000000695600000 NTAMS 0x0000000695600000 space 1024K,   0% used [0x0000000695600000, 0x0000000695700000)
AC   0  F    TS     0 PTAMS 0x0000000695700000 NTAMS 0x0000000695700000 space 1024K,   0% used [0x0000000695700000, 0x0000000695800000)
AC   0  F    TS     0 PTAMS 0x0000000695800000 NTAMS 0x0000000695800000 space 1024K,   0% used [0x0000000695800000, 0x0000000695900000)
AC   0  F    TS     0 PTAMS 0x0000000695900000 NTAMS 0x0000000695900000 space 1024K,   0% used [0x0000000695900000, 0x0000000695a00000)
AC   0  F    TS     0 PTAMS 0x0000000695a00000 NTAMS 0x0000000695a00000 space 1024K,   0% used [0x0000000695a00000, 0x0000000695b00000)
AC   0  F    TS     0 PTAMS 0x0000000695b00000 NTAMS 0x0000000695b00000 space 1024K,   0% used [0x0000000695b00000, 0x0000000695c00000)
AC   0  F    TS     0 PTAMS 0x0000000695c00000 NTAMS 0x0000000695c00000 space 1024K,   0% used [0x0000000695c00000, 0x0000000695d00000)
AC   0  F    TS     0 PTAMS 0x0000000695d00000 NTAMS 0x0000000695d00000 space 1024K,   0% used [0x0000000695d00000, 0x0000000695e00000)
AC   0  F    TS     0 PTAMS 0x0000000695e00000 NTAMS 0x0000000695e00000 space 1024K,   0% used [0x0000000695e00000, 0x0000000695f00000)
AC   0  F    TS     0 PTAMS 0x0000000695f00000 NTAMS 0x0000000695f00000 space 1024K,   0% used [0x0000000695f00000, 0x0000000696000000)
AC   0  F    TS     0 PTAMS 0x0000000696000000 NTAMS 0x0000000696000000 space 1024K,   0% used [0x0000000696000000, 0x0000000696100000)
AC   0  F    TS     0 PTAMS 0x0000000696100000 NTAMS 0x0000000696100000 space 1024K,   0% used [0x0000000696100000, 0x0000000696200000)
AC   0  F    TS     0 PTAMS 0x0000000696200000 NTAMS 0x0000000696200000 space 1024K,   0% used [0x0000000696200000, 0x0000000696300000)
AC   0  F    TS     0 PTAMS 0x0000000696300000 NTAMS 0x0000000696300000 space 1024K,   0% used [0x0000000696300000, 0x0000000696400000)
AC   0  F    TS     0 PTAMS 0x0000000696400000 NTAMS 0x0000000696400000 space 1024K,   0% used [0x0000000696400000, 0x0000000696500000)
AC   0  F    TS     0 PTAMS 0x0000000696500000 NTAMS 0x0000000696500000 space 1024K,   0% used [0x0000000696500000, 0x0000000696600000)
AC   0  F    TS     0 PTAMS 0x0000000696600000 NTAMS 0x0000000696600000 space 1024K,   0% used [0x0000000696600000, 0x0000000696700000)
AC   0  F    TS     0 PTAMS 0x0000000696700000 NTAMS 0x0000000696700000 space 1024K,   0% used [0x0000000696700000, 0x0000000696800000)
AC   0  F    TS     0 PTAMS 0x0000000696800000 NTAMS 0x0000000696800000 space 1024K,   0% used [0x0000000696800000, 0x0000000696900000)
AC   0  F    TS     0 PTAMS 0x0000000696900000 NTAMS 0x0000000696900000 space 1024K,   0% used [0x0000000696900000, 0x0000000696a00000)
AC   0  F    TS     0 PTAMS 0x0000000696a00000 NTAMS 0x0000000696a00000 space 1024K,   0% used [0x0000000696a00000, 0x0000000696b00000)
AC   0  F    TS     0 PTAMS 0x0000000696b00000 NTAMS 0x0000000696b00000 space 1024K,   0% used [0x0000000696b00000, 0x0000000696c00000)
AC   0  F    TS     0 PTAMS 0x0000000696c00000 NTAMS 0x0000000696c00000 space 1024K,   0% used [0x0000000696c00000, 0x0000000696d00000)
AC   0  F    TS     0 PTAMS 0x0000000696d00000 NTAMS 0x0000000696d00000 space 1024K,   0% used [0x0000000696d00000, 0x0000000696e00000)
AC   0  F    TS     0 PTAMS 0x0000000696e00000 NTAMS 0x0000000696e00000 space 1024K,   0% used [0x0000000696e00000, 0x0000000696f00000)
AC   0  F    TS     0 PTAMS 0x0000000696f00000 NTAMS 0x0000000696f00000 space 1024K,   0% used [0x0000000696f00000, 0x0000000697000000)
AC   0  F    TS     0 PTAMS 0x0000000697000000 NTAMS 0x0000000697000000 space 1024K,   0% used [0x0000000697000000, 0x0000000697100000)
AC   0  F    TS     0 PTAMS 0x0000000697100000 NTAMS 0x0000000697100000 space 1024K,   0% used [0x0000000697100000, 0x0000000697200000)
AC   0  F    TS     0 PTAMS 0x0000000697200000 NTAMS 0x0000000697200000 space 1024K,   0% used [0x0000000697200000, 0x0000000697300000)
AC   0  F    TS     0 PTAMS 0x0000000697300000 NTAMS 0x0000000697300000 space 1024K,   0% used [0x0000000697300000, 0x0000000697400000)
AC   0  F    TS     0 PTAMS 0x0000000697400000 NTAMS 0x0000000697400000 space 1024K,   0% used [0x0000000697400000, 0x0000000697500000)
AC   0  F    TS    25 PTAMS 0x0000000697500000 NTAMS 0x0000000697500000 space 1024K,   0% used [0x0000000697500000, 0x0000000697600000)
AC   0  F    TS    25 PTAMS 0x0000000697600000 NTAMS 0x0000000697600000 space 1024K,   0% used [0x0000000697600000, 0x0000000697700000)
AC   0  F    TS    29 PTAMS 0x0000000697700000 NTAMS 0x0000000697700000 space 1024K,   0% used [0x0000000697700000, 0x0000000697800000)
AC   0  F    TS    33 PTAMS 0x0000000697800000 NTAMS 0x0000000697800000 space 1024K,   0% used [0x0000000697800000, 0x0000000697900000)
AC   0  F    TS    33 PTAMS 0x0000000697900000 NTAMS 0x0000000697900000 space 1024K,   0% used [0x0000000697900000, 0x0000000697a00000)
AC   0  F    TS    33 PTAMS 0x0000000697a00000 NTAMS 0x0000000697a00000 space 1024K,   0% used [0x0000000697a00000, 0x0000000697b00000)
AC   0  F    TS    33 PTAMS 0x0000000697b00000 NTAMS 0x0000000697b00000 space 1024K,   0% used [0x0000000697b00000, 0x0000000697c00000)
AC   0  S CS TS    35 PTAMS 0x0000000697c00000 NTAMS 0x0000000697c00000 space 1024K,  49% used [0x0000000697c00000, 0x0000000697d00000)
AC   0  S CS TS    35 PTAMS 0x0000000697d00000 NTAMS 0x0000000697d00000 space 1024K, 100% used [0x0000000697d00000, 0x0000000697e00000)
AC   0  S CS TS    35 PTAMS 0x0000000697e00000 NTAMS 0x0000000697e00000 space 1024K, 100% used [0x0000000697e00000, 0x0000000697f00000)
AC   0  S CS TS    35 PTAMS 0x0000000697f00000 NTAMS 0x0000000697f00000 space 1024K, 100% used [0x0000000697f00000, 0x0000000698000000)
AC   0  F    TS    31 PTAMS 0x0000000698000000 NTAMS 0x0000000698000000 space 1024K,   0% used [0x0000000698000000, 0x0000000698100000)
AC   0  F    TS    27 PTAMS 0x0000000698100000 NTAMS 0x0000000698100000 space 1024K,   0% used [0x0000000698100000, 0x0000000698200000)
AC   0  F    TS    27 PTAMS 0x0000000698200000 NTAMS 0x0000000698200000 space 1024K,   0% used [0x0000000698200000, 0x0000000698300000)
AC   0  F    TS     0 PTAMS 0x0000000698300000 NTAMS 0x0000000698300000 space 1024K,   0% used [0x0000000698300000, 0x0000000698400000)
AC   0  F    TS     0 PTAMS 0x0000000698400000 NTAMS 0x0000000698400000 space 1024K,   0% used [0x0000000698400000, 0x0000000698500000)
AC   0  F    TS     0 PTAMS 0x0000000698500000 NTAMS 0x0000000698500000 space 1024K,   0% used [0x0000000698500000, 0x0000000698600000)
AC   0  F    TS     0 PTAMS 0x0000000698600000 NTAMS 0x0000000698600000 space 1024K,   0% used [0x0000000698600000, 0x0000000698700000)
AC   0  F    TS     0 PTAMS 0x0000000698700000 NTAMS 0x0000000698700000 space 1024K,   0% used [0x0000000698700000, 0x0000000698800000)
AC   0  F    TS     0 PTAMS 0x0000000698800000 NTAMS 0x0000000698800000 space 1024K,   0% used [0x0000000698800000, 0x0000000698900000)
AC   0  F    TS     0 PTAMS 0x0000000698900000 NTAMS 0x0000000698900000 space 1024K,   0% used [0x0000000698900000, 0x0000000698a00000)
AC   0  F    TS     0 PTAMS 0x0000000698a00000 NTAMS 0x0000000698a00000 space 1024K,   0% used [0x0000000698a00000, 0x0000000698b00000)
AC   0  F    TS     0 PTAMS 0x0000000698b00000 NTAMS 0x0000000698b00000 space 1024K,   0% used [0x0000000698b00000, 0x0000000698c00000)
AC   0  F    TS     0 PTAMS 0x0000000698c00000 NTAMS 0x0000000698c00000 space 1024K,   0% used [0x0000000698c00000, 0x0000000698d00000)
AC   0  F    TS     0 PTAMS 0x0000000698d00000 NTAMS 0x0000000698d00000 space 1024K,   0% used [0x0000000698d00000, 0x0000000698e00000)
AC   0  F    TS     0 PTAMS 0x0000000698e00000 NTAMS 0x0000000698e00000 space 1024K,   0% used [0x0000000698e00000, 0x0000000698f00000)
AC   0  F    TS     0 PTAMS 0x0000000698f00000 NTAMS 0x0000000698f00000 space 1024K,   0% used [0x0000000698f00000, 0x0000000699000000)
AC   0  F    TS     0 PTAMS 0x0000000699000000 NTAMS 0x0000000699000000 space 1024K,   0% used [0x0000000699000000, 0x0000000699100000)
AC   0  F    TS     0 PTAMS 0x0000000699100000 NTAMS 0x0000000699100000 space 1024K,   0% used [0x0000000699100000, 0x0000000699200000)
AC   0  F    TS     0 PTAMS 0x0000000699200000 NTAMS 0x0000000699200000 space 1024K,   0% used [0x0000000699200000, 0x0000000699300000)
AC   0  F    TS     0 PTAMS 0x0000000699300000 NTAMS 0x0000000699300000 space 1024K,   0% used [0x0000000699300000, 0x0000000699400000)
AC   0  F    TS     0 PTAMS 0x0000000699400000 NTAMS 0x0000000699400000 space 1024K,   0% used [0x0000000699400000, 0x0000000699500000)
AC   0  F    TS     0 PTAMS 0x0000000699500000 NTAMS 0x0000000699500000 space 1024K,   0% used [0x0000000699500000, 0x0000000699600000)
AC   0  F    TS     0 PTAMS 0x0000000699600000 NTAMS 0x0000000699600000 space 1024K,   0% used [0x0000000699600000, 0x0000000699700000)
AC   0  F    TS     0 PTAMS 0x0000000699700000 NTAMS 0x0000000699700000 space 1024K,   0% used [0x0000000699700000, 0x0000000699800000)
AC   0  F    TS     0 PTAMS 0x0000000699800000 NTAMS 0x0000000699800000 space 1024K,   0% used [0x0000000699800000, 0x0000000699900000)
AC   0  F    TS     0 PTAMS 0x0000000699900000 NTAMS 0x0000000699900000 space 1024K,   0% used [0x0000000699900000, 0x0000000699a00000)
AC   0  F    TS     0 PTAMS 0x0000000699a00000 NTAMS 0x0000000699a00000 space 1024K,   0% used [0x0000000699a00000, 0x0000000699b00000)
AC   0  F    TS     0 PTAMS 0x0000000699b00000 NTAMS 0x0000000699b00000 space 1024K,   0% used [0x0000000699b00000, 0x0000000699c00000)
AC   0  F    TS     0 PTAMS 0x0000000699c00000 NTAMS 0x0000000699c00000 space 1024K,   0% used [0x0000000699c00000, 0x0000000699d00000)
AC   0  F    TS     0 PTAMS 0x0000000699d00000 NTAMS 0x0000000699d00000 space 1024K,   0% used [0x0000000699d00000, 0x0000000699e00000)
AC   0  F    TS     0 PTAMS 0x0000000699e00000 NTAMS 0x0000000699e00000 space 1024K,   0% used [0x0000000699e00000, 0x0000000699f00000)
AC   0  F    TS     0 PTAMS 0x0000000699f00000 NTAMS 0x0000000699f00000 space 1024K,   0% used [0x0000000699f00000, 0x000000069a000000)
AC   0  F    TS     0 PTAMS 0x000000069a000000 NTAMS 0x000000069a000000 space 1024K,   0% used [0x000000069a000000, 0x000000069a100000)
AC   0  F    TS     0 PTAMS 0x000000069a100000 NTAMS 0x000000069a100000 space 1024K,   0% used [0x000000069a100000, 0x000000069a200000)
AC   0  F    TS     0 PTAMS 0x000000069a200000 NTAMS 0x000000069a200000 space 1024K,   0% used [0x000000069a200000, 0x000000069a300000)
AC   0  F    TS     0 PTAMS 0x000000069a300000 NTAMS 0x000000069a300000 space 1024K,   0% used [0x000000069a300000, 0x000000069a400000)
AC   0  F    TS     0 PTAMS 0x000000069a400000 NTAMS 0x000000069a400000 space 1024K,   0% used [0x000000069a400000, 0x000000069a500000)
AC   0  F    TS     0 PTAMS 0x000000069a500000 NTAMS 0x000000069a500000 space 1024K,   0% used [0x000000069a500000, 0x000000069a600000)
AC   0  F    TS     0 PTAMS 0x000000069a600000 NTAMS 0x000000069a600000 space 1024K,   0% used [0x000000069a600000, 0x000000069a700000)
AC   0  E    TS     0 PTAMS 0x000000069a700000 NTAMS 0x000000069a700000 space 1024K,   0% used [0x000000069a700000, 0x000000069a800000)
AC   0  E CS TS     0 PTAMS 0x000000069a800000 NTAMS 0x000000069a800000 space 1024K, 100% used [0x000000069a800000, 0x000000069a900000)
AC   0  E CS TS     0 PTAMS 0x000000069a900000 NTAMS 0x000000069a900000 space 1024K, 100% used [0x000000069a900000, 0x000000069aa00000)
AC   0  E CS TS     0 PTAMS 0x000000069aa00000 NTAMS 0x000000069aa00000 space 1024K, 100% used [0x000000069aa00000, 0x000000069ab00000)
AC   0  E CS TS     0 PTAMS 0x000000069ab00000 NTAMS 0x000000069ab00000 space 1024K, 100% used [0x000000069ab00000, 0x000000069ac00000)
AC   0  E CS TS     0 PTAMS 0x000000069ac00000 NTAMS 0x000000069ac00000 space 1024K, 100% used [0x000000069ac00000, 0x000000069ad00000)
AC   0  E CS TS     0 PTAMS 0x000000069ad00000 NTAMS 0x000000069ad00000 space 1024K, 100% used [0x000000069ad00000, 0x000000069ae00000)
AC   0  E CS TS     0 PTAMS 0x000000069ae00000 NTAMS 0x000000069ae00000 space 1024K, 100% used [0x000000069ae00000, 0x000000069af00000)
AC   0  E CS TS     0 PTAMS 0x000000069af00000 NTAMS 0x000000069af00000 space 1024K, 100% used [0x000000069af00000, 0x000000069b000000)
AC   0  E CS TS     0 PTAMS 0x000000069b000000 NTAMS 0x000000069b000000 space 1024K, 100% used [0x000000069b000000, 0x000000069b100000)
AC   0  E CS TS     0 PTAMS 0x000000069b100000 NTAMS 0x000000069b100000 space 1024K, 100% used [0x000000069b100000, 0x000000069b200000)
AC   0  E CS TS     0 PTAMS 0x000000069b200000 NTAMS 0x000000069b200000 space 1024K, 100% used [0x000000069b200000, 0x000000069b300000)
AC   0  E CS TS     0 PTAMS 0x000000069b300000 NTAMS 0x000000069b300000 space 1024K, 100% used [0x000000069b300000, 0x000000069b400000)
AC   0  E CS TS     0 PTAMS 0x000000069b400000 NTAMS 0x000000069b400000 space 1024K, 100% used [0x000000069b400000, 0x000000069b500000)
AC   0  E CS TS     0 PTAMS 0x000000069b500000 NTAMS 0x000000069b500000 space 1024K, 100% used [0x000000069b500000, 0x000000069b600000)
AC   0  E CS TS     0 PTAMS 0x000000069b600000 NTAMS 0x000000069b600000 space 1024K, 100% used [0x000000069b600000, 0x000000069b700000)
AC   0  E CS TS     0 PTAMS 0x000000069b700000 NTAMS 0x000000069b700000 space 1024K, 100% used [0x000000069b700000, 0x000000069b800000)
AC   0  E CS TS     0 PTAMS 0x000000069b800000 NTAMS 0x000000069b800000 space 1024K, 100% used [0x000000069b800000, 0x000000069b900000)
AC   0  E CS TS     3 PTAMS 0x000000069b900000 NTAMS 0x000000069b900000 space 1024K, 100% used [0x000000069b900000, 0x000000069ba00000)
AC   0  E CS TS     3 PTAMS 0x000000069ba00000 NTAMS 0x000000069ba00000 space 1024K, 100% used [0x000000069ba00000, 0x000000069bb00000)
AC   0  E CS TS     0 PTAMS 0x000000069bb00000 NTAMS 0x000000069bb00000 space 1024K, 100% used [0x000000069bb00000, 0x000000069bc00000)
AC   0  E CS TS     0 PTAMS 0x000000069bc00000 NTAMS 0x000000069bc00000 space 1024K, 100% used [0x000000069bc00000, 0x000000069bd00000)
AC   0  E CS TS     0 PTAMS 0x000000069bd00000 NTAMS 0x000000069bd00000 space 1024K, 100% used [0x000000069bd00000, 0x000000069be00000)
AC   0  E CS TS     0 PTAMS 0x000000069be00000 NTAMS 0x000000069be00000 space 1024K, 100% used [0x000000069be00000, 0x000000069bf00000)
AC   0  E CS TS     0 PTAMS 0x000000069bf00000 NTAMS 0x000000069bf00000 space 1024K, 100% used [0x000000069bf00000, 0x000000069c000000)
AC   0  E CS TS     0 PTAMS 0x000000069c000000 NTAMS 0x000000069c000000 space 1024K, 100% used [0x000000069c000000, 0x000000069c100000)
AC   0  E CS TS     1 PTAMS 0x000000069c100000 NTAMS 0x000000069c100000 space 1024K, 100% used [0x000000069c100000, 0x000000069c200000)
AC   0  E CS TS     0 PTAMS 0x000000069c200000 NTAMS 0x000000069c200000 space 1024K, 100% used [0x000000069c200000, 0x000000069c300000)
AC   0  E CS TS     0 PTAMS 0x000000069c300000 NTAMS 0x000000069c300000 space 1024K, 100% used [0x000000069c300000, 0x000000069c400000)
AC   0  E CS TS     0 PTAMS 0x000000069c400000 NTAMS 0x000000069c400000 space 1024K, 100% used [0x000000069c400000, 0x000000069c500000)
AC   0  E CS TS     0 PTAMS 0x000000069c500000 NTAMS 0x000000069c500000 space 1024K, 100% used [0x000000069c500000, 0x000000069c600000)
AC   0  E CS TS     0 PTAMS 0x000000069c600000 NTAMS 0x000000069c600000 space 1024K, 100% used [0x000000069c600000, 0x000000069c700000)
AC   0  E CS TS     0 PTAMS 0x000000069c700000 NTAMS 0x000000069c700000 space 1024K, 100% used [0x000000069c700000, 0x000000069c800000)

Card table byte_map: [0x0000000015ef0000,0x0000000016850000] byte_map_base: 0x0000000012a4c000

Marking Bits (Prev, Next): (CMBitMap*) 0x0000000004a914a8, (CMBitMap*) 0x0000000004a91500
 Prev Bits: [0x00000000171b0000, 0x000000001bc90000)
 Next Bits: [0x000000001bc90000, 0x0000000020770000)

Polling page: 0x0000000002c20000

CodeCache: size=245760Kb used=4934Kb max_used=5243Kb free=240825Kb
 bounds [0x0000000004b30000, 0x0000000005060000, 0x0000000013b30000]
 total_blobs=1712 nmethods=1301 adapters=331
 compilation: enabled

Compilation events (10 events):
Event: 37.715 Thread 0x0000000024029000 1426       3       com.sun.org.apache.xerces.internal.dom.NodeImpl::needsSyncChildren (15 bytes)
Event: 37.715 Thread 0x0000000024029000 nmethod 1426 0x0000000004cf12d0 code [0x0000000004cf1420, 0x0000000004cf15d0]
Event: 37.725 Thread 0x0000000024029000 1427       3       java.nio.charset.CharsetDecoder::onMalformedInput (26 bytes)
Event: 37.726 Thread 0x0000000024029000 nmethod 1427 0x0000000004e0eb10 code [0x0000000004e0eca0, 0x0000000004e0f048]
Event: 37.758 Thread 0x0000000024029000 1428       1       sun.nio.cs.UTF_8::historicalName (3 bytes)
Event: 37.758 Thread 0x0000000024029000 nmethod 1428 0x0000000004e0e850 code [0x0000000004e0e9a0, 0x0000000004e0eab0]
Event: 37.758 Thread 0x0000000023fc5800 1429       4       java.lang.String::endsWith (17 bytes)
Event: 37.761 Thread 0x0000000023fc5800 nmethod 1429 0x0000000004e22c50 code [0x0000000004e22da0, 0x0000000004e23038]
Event: 37.865 Thread 0x0000000023ffb800 1430  s    4       java.lang.StringBuffer::append (13 bytes)
Event: 37.874 Thread 0x0000000023ffb800 nmethod 1430 0x0000000004c8e750 code [0x0000000004c8e8c0, 0x0000000004c8f1e8]

GC Heap History (10 events):
Event: 36.811 GC heap before
{Heap before GC invocations=13 (full 0):
 garbage-first heap   total 131072K, used 78966K [0x0000000694800000, 0x0000000694900400, 0x00000007c0000000)
  region size 1024K, 76 young (77824K), 7 survivors (7168K)
 Metaspace       used 13261K, capacity 13556K, committed 13696K, reserved 1060864K
  class space    used 1470K, capacity 1564K, committed 1664K, reserved 1048576K
Event: 36.816 GC heap after
Heap after GC invocations=14 (full 0):
 garbage-first heap   total 131072K, used 6262K [0x0000000694800000, 0x0000000694900400, 0x00000007c0000000)
  region size 1024K, 5 young (5120K), 5 survivors (5120K)
 Metaspace       used 13261K, capacity 13556K, committed 13696K, reserved 1060864K
  class space    used 1470K, capacity 1564K, committed 1664K, reserved 1048576K
}
Event: 36.933 GC heap before
{Heap before GC invocations=14 (full 0):
 garbage-first heap   total 131072K, used 78966K [0x0000000694800000, 0x0000000694900400, 0x00000007c0000000)
  region size 1024K, 76 young (77824K), 5 survivors (5120K)
 Metaspace       used 13261K, capacity 13556K, committed 13696K, reserved 1060864K
  class space    used 1470K, capacity 1564K, committed 1664K, reserved 1048576K
Event: 36.938 GC heap after
Heap after GC invocations=15 (full 0):
 garbage-first heap   total 131072K, used 6262K [0x0000000694800000, 0x0000000694900400, 0x00000007c0000000)
  region size 1024K, 5 young (5120K), 5 survivors (5120K)
 Metaspace       used 13261K, capacity 13556K, committed 13696K, reserved 1060864K
  class space    used 1470K, capacity 1564K, committed 1664K, reserved 1048576K
}
Event: 37.059 GC heap before
{Heap before GC invocations=15 (full 0):
 garbage-first heap   total 131072K, used 78966K [0x0000000694800000, 0x0000000694900400, 0x00000007c0000000)
  region size 1024K, 76 young (77824K), 5 survivors (5120K)
 Metaspace       used 13261K, capacity 13556K, committed 13696K, reserved 1060864K
  class space    used 1470K, capacity 1564K, committed 1664K, reserved 1048576K
Event: 37.065 GC heap after
Heap after GC invocations=16 (full 0):
 garbage-first heap   total 131072K, used 6448K [0x0000000694800000, 0x0000000694900400, 0x00000007c0000000)
  region size 1024K, 4 young (4096K), 4 survivors (4096K)
 Metaspace       used 13261K, capacity 13556K, committed 13696K, reserved 1060864K
  class space    used 1470K, capacity 1564K, committed 1664K, reserved 1048576K
}
Event: 37.200 GC heap before
{Heap before GC invocations=16 (full 0):
 garbage-first heap   total 131072K, used 80176K [0x0000000694800000, 0x0000000694900400, 0x00000007c0000000)
  region size 1024K, 76 young (77824K), 4 survivors (4096K)
 Metaspace       used 13261K, capacity 13556K, committed 13696K, reserved 1060864K
  class space    used 1470K, capacity 1564K, committed 1664K, reserved 1048576K
Event: 37.204 GC heap after
Heap after GC invocations=17 (full 0):
 garbage-first heap   total 131072K, used 7061K [0x0000000694800000, 0x0000000694900400, 0x00000007c0000000)
  region size 1024K, 4 young (4096K), 4 survivors (4096K)
 Metaspace       used 13261K, capacity 13556K, committed 13696K, reserved 1060864K
  class space    used 1470K, capacity 1564K, committed 1664K, reserved 1048576K
}
Event: 37.337 GC heap before
{Heap before GC invocations=17 (full 0):
 garbage-first heap   total 131072K, used 80789K [0x0000000694800000, 0x0000000694900400, 0x00000007c0000000)
  region size 1024K, 76 young (77824K), 4 survivors (4096K)
 Metaspace       used 13261K, capacity 13556K, committed 13696K, reserved 1060864K
  class space    used 1470K, capacity 1564K, committed 1664K, reserved 1048576K
Event: 37.341 GC heap after
Heap after GC invocations=18 (full 0):
 garbage-first heap   total 131072K, used 7813K [0x0000000694800000, 0x0000000694900400, 0x00000007c0000000)
  region size 1024K, 4 young (4096K), 4 survivors (4096K)
 Metaspace       used 13261K, capacity 13556K, committed 13696K, reserved 1060864K
  class space    used 1470K, capacity 1564K, committed 1664K, reserved 1048576K
}

Deoptimization events (10 events):
Event: 37.613 Thread 0x0000000004a32800 Uncommon trap: reason=bimorphic action=maybe_recompile pc=0x0000000004c92adc method=java.util.TreeMap.compare(Ljava/lang/Object;Ljava/lang/Object;)I @ 12
Event: 37.613 Thread 0x0000000004a32800 Uncommon trap: reason=bimorphic action=maybe_recompile pc=0x0000000004c92adc method=java.util.TreeMap.compare(Ljava/lang/Object;Ljava/lang/Object;)I @ 12
Event: 37.613 Thread 0x0000000004a32800 Uncommon trap: reason=bimorphic action=maybe_recompile pc=0x0000000004c92adc method=java.util.TreeMap.compare(Ljava/lang/Object;Ljava/lang/Object;)I @ 12
Event: 37.613 Thread 0x0000000004a32800 Uncommon trap: reason=bimorphic action=maybe_recompile pc=0x0000000004c92adc method=java.util.TreeMap.compare(Ljava/lang/Object;Ljava/lang/Object;)I @ 12
Event: 37.614 Thread 0x0000000004a32800 Uncommon trap: reason=unstable_if action=reinterpret pc=0x0000000004e64c9c method=java.util.TreeMap.getEntry(Ljava/lang/Object;)Ljava/util/TreeMap$Entry; @ 4
Event: 37.614 Thread 0x0000000004a32800 Uncommon trap: reason=unstable_if action=reinterpret pc=0x0000000004e63a2c method=java.util.TreeMap.getEntry(Ljava/lang/Object;)Ljava/util/TreeMap$Entry; @ 4
Event: 37.621 Thread 0x0000000004a32800 Uncommon trap: reason=bimorphic action=maybe_recompile pc=0x00000000050503b0 method=java.util.AbstractCollection.addAll(Ljava/util/Collection;)Z @ 3
Event: 37.623 Thread 0x0000000004a32800 Uncommon trap: reason=bimorphic action=maybe_recompile pc=0x00000000050503b0 method=java.util.AbstractCollection.addAll(Ljava/util/Collection;)Z @ 3
Event: 37.624 Thread 0x0000000004a32800 Uncommon trap: reason=bimorphic action=maybe_recompile pc=0x00000000050503b0 method=java.util.AbstractCollection.addAll(Ljava/util/Collection;)Z @ 3
Event: 37.624 Thread 0x0000000004a32800 Uncommon trap: reason=bimorphic action=maybe_recompile pc=0x00000000050503b0 method=java.util.AbstractCollection.addAll(Ljava/util/Collection;)Z @ 3

Classes redefined (0 events):
No events

Internal exceptions (10 events):
Event: 37.550 Thread 0x0000000004a32800 Exception <a 'java/lang/ClassNotFoundException': org/quartz/simpl/SimpleThreadPoolCustomizer> (0x000000069b485ba0) thrown at [C:\re\workspace\8-2-build-windows-amd64-cygwin\jdk8u171\10807\hotspot\src\share\vm\classfile\systemDictionary.cpp, line 210]
Event: 37.563 Thread 0x0000000004a32800 Exception <a 'java/lang/ClassNotFoundException': org/quartz/simpl/RAMJobStoreBeanInfo> (0x000000069b399070) thrown at [C:\re\workspace\8-2-build-windows-amd64-cygwin\jdk8u171\10807\hotspot\src\share\vm\classfile\systemDictionary.cpp, line 210]
Event: 37.564 Thread 0x0000000004a32800 Exception <a 'java/lang/ClassNotFoundException': org/quartz/simpl/RAMJobStoreCustomizer> (0x000000069b3ba770) thrown at [C:\re\workspace\8-2-build-windows-amd64-cygwin\jdk8u171\10807\hotspot\src\share\vm\classfile\systemDictionary.cpp, line 210]
Event: 61.196 Thread 0x0000000026c22000 Exception <a 'java/lang/NoClassDefFoundError': net/decasdev/dokan/DokanFileInfo> (0x000000069ac81520) thrown at [C:\re\workspace\8-2-build-windows-amd64-cygwin\jdk8u171\10807\hotspot\src\share\vm\classfile\systemDictionary.cpp, line 199]
Event: 61.835 Thread 0x0000000026c25800 Exception <a 'java/lang/NoClassDefFoundError': net/decasdev/dokan/DokanFileInfo> (0x000000069ab00d98) thrown at [C:\re\workspace\8-2-build-windows-amd64-cygwin\jdk8u171\10807\hotspot\src\share\vm\classfile\systemDictionary.cpp, line 199]
Event: 142.754 Thread 0x0000000026c28000 Exception <a 'java/lang/NoClassDefFoundError': net/decasdev/dokan/DokanFileInfo> (0x000000069a900d30) thrown at [C:\re\workspace\8-2-build-windows-amd64-cygwin\jdk8u171\10807\hotspot\src\share\vm\classfile\systemDictionary.cpp, line 199]
Event: 142.766 Thread 0x0000000026c20800 Exception <a 'java/lang/NoClassDefFoundError': net/decasdev/dokan/DokanFileInfo> (0x000000069ab814d8) thrown at [C:\re\workspace\8-2-build-windows-amd64-cygwin\jdk8u171\10807\hotspot\src\share\vm\classfile\systemDictionary.cpp, line 199]
Event: 143.234 Thread 0x0000000026c2a000 Exception <a 'java/lang/NoClassDefFoundError': net/decasdev/dokan/DokanFileInfo> (0x000000069aa814d8) thrown at [C:\re\workspace\8-2-build-windows-amd64-cygwin\jdk8u171\10807\hotspot\src\share\vm\classfile\systemDictionary.cpp, line 199]
Event: 143.874 Thread 0x0000000026c29800 Exception <a 'java/lang/NoClassDefFoundError': net/decasdev/dokan/DokanFileInfo> (0x000000069a980d28) thrown at [C:\re\workspace\8-2-build-windows-amd64-cygwin\jdk8u171\10807\hotspot\src\share\vm\classfile\systemDictionary.cpp, line 199]
Event: 145.376 Thread 0x0000000026c2b800 Exception <a 'java/lang/NoClassDefFoundError': net/decasdev/dokan/DokanFileInfo> (0x000000069aa014e0) thrown at [C:\re\workspace\8-2-build-windows-amd64-cygwin\jdk8u171\10807\hotspot\src\share\vm\classfile\systemDictionary.cpp, line 199]

Events (10 events):
Event: 152.047 Executing VM operation: GetOrSetLocal
Event: 152.047 Executing VM operation: GetOrSetLocal done
Event: 152.063 Executing VM operation: ForceSafepoint
Event: 152.063 Executing VM operation: ForceSafepoint done
Event: 152.063 Executing VM operation: ForceSafepoint
Event: 152.063 Executing VM operation: ForceSafepoint done
Event: 152.486 Executing VM operation: ForceSafepoint
Event: 152.486 Executing VM operation: ForceSafepoint done
Event: 152.486 Executing VM operation: ForceSafepoint
Event: 152.486 Executing VM operation: ForceSafepoint done


Dynamic libraries:
0x00007ff73c4d0000 - 0x00007ff73c507000 	C:\jdk\bin\java.exe
0x00007ffd58e20000 - 0x00007ffd59000000 	C:\WINDOWS\SYSTEM32\ntdll.dll
0x00007ffd58c10000 - 0x00007ffd58cbe000 	C:\WINDOWS\System32\KERNEL32.DLL
0x00007ffd55220000 - 0x00007ffd55486000 	C:\WINDOWS\System32\KERNELBASE.dll
0x00007ffd57700000 - 0x00007ffd577a1000 	C:\WINDOWS\System32\ADVAPI32.dll
0x00007ffd57200000 - 0x00007ffd5729d000 	C:\WINDOWS\System32\msvcrt.dll
0x00007ffd564f0000 - 0x00007ffd5654b000 	C:\WINDOWS\System32\sechost.dll
0x00007ffd563d0000 - 0x00007ffd564ef000 	C:\WINDOWS\System32\RPCRT4.dll
0x00007ffd56f80000 - 0x00007ffd5710f000 	C:\WINDOWS\System32\USER32.dll
0x00007ffd55490000 - 0x00007ffd554b0000 	C:\WINDOWS\System32\win32u.dll
0x00007ffd569e0000 - 0x00007ffd56a08000 	C:\WINDOWS\System32\GDI32.dll
0x00007ffd55730000 - 0x00007ffd558c3000 	C:\WINDOWS\System32\gdi32full.dll
0x00007ffd558d0000 - 0x00007ffd5596b000 	C:\WINDOWS\System32\msvcp_win.dll
0x00007ffd561f0000 - 0x00007ffd562e6000 	C:\WINDOWS\System32\ucrtbase.dll
0x00007ffd485a0000 - 0x00007ffd48809000 	C:\WINDOWS\WinSxS\amd64_microsoft.windows.common-controls_6595b64144ccf1df_6.0.16299.431_none_15c7d3ee93659e73\COMCTL32.dll
0x00007ffd573f0000 - 0x00007ffd576f8000 	C:\WINDOWS\System32\combase.dll
0x00007ffd55970000 - 0x00007ffd559e2000 	C:\WINDOWS\System32\bcryptPrimitives.dll
0x00007ffd58d60000 - 0x00007ffd58d8d000 	C:\WINDOWS\System32\IMM32.DLL
0x00000000672b0000 - 0x0000000067382000 	C:\jdk\jre\bin\msvcr100.dll
0x0000000066a10000 - 0x00000000672b0000 	C:\jdk\jre\bin\server\jvm.dll
0x00007ffd56f70000 - 0x00007ffd56f78000 	C:\WINDOWS\System32\PSAPI.DLL
0x00007ffd535f0000 - 0x00007ffd535f9000 	C:\WINDOWS\SYSTEM32\WSOCK32.dll
0x00007ffd57190000 - 0x00007ffd571fc000 	C:\WINDOWS\System32\WS2_32.dll
0x00007ffd53530000 - 0x00007ffd53553000 	C:\WINDOWS\SYSTEM32\WINMM.dll
0x00007ffd4c230000 - 0x00007ffd4c23a000 	C:\WINDOWS\SYSTEM32\VERSION.dll
0x00007ffd534a0000 - 0x00007ffd534ca000 	C:\WINDOWS\SYSTEM32\WINMMBASE.dll
0x00007ffd554b0000 - 0x00007ffd554fa000 	C:\WINDOWS\System32\cfgmgr32.dll
0x0000000066a00000 - 0x0000000066a0f000 	C:\jdk\jre\bin\verify.dll
0x00000000669d0000 - 0x00000000669f9000 	C:\jdk\jre\bin\java.dll
0x0000000066860000 - 0x0000000066895000 	C:\jdk\jre\bin\jdwp.dll
0x0000000066840000 - 0x0000000066848000 	C:\jdk\jre\bin\npt.dll
0x0000000066810000 - 0x0000000066833000 	C:\jdk\jre\bin\instrument.dll
0x00000000669b0000 - 0x00000000669c6000 	C:\jdk\jre\bin\zip.dll
0x00007ffd577b0000 - 0x00007ffd58be8000 	C:\WINDOWS\System32\SHELL32.dll
0x00007ffd56a70000 - 0x00007ffd56b16000 	C:\WINDOWS\System32\shcore.dll
0x00007ffd55aa0000 - 0x00007ffd561e7000 	C:\WINDOWS\System32\windows.storage.dll
0x00007ffd56560000 - 0x00007ffd565b1000 	C:\WINDOWS\System32\shlwapi.dll
0x00007ffd551b0000 - 0x00007ffd551c1000 	C:\WINDOWS\System32\kernel.appcore.dll
0x00007ffd551d0000 - 0x00007ffd5521c000 	C:\WINDOWS\System32\powrprof.dll
0x00007ffd55170000 - 0x00007ffd5518b000 	C:\WINDOWS\System32\profapi.dll
0x0000000066800000 - 0x0000000066809000 	C:\jdk\jre\bin\dt_socket.dll
0x00007ffd549a0000 - 0x00007ffd54a06000 	C:\WINDOWS\system32\mswsock.dll
0x00000000667e0000 - 0x00000000667fa000 	C:\jdk\jre\bin\net.dll
0x00000000667c0000 - 0x00000000667d1000 	C:\jdk\jre\bin\nio.dll
0x00007ffd542a0000 - 0x00007ffd542d1000 	C:\WINDOWS\SYSTEM32\ntmarta.dll
0x00007ffd54b60000 - 0x00007ffd54b77000 	C:\WINDOWS\SYSTEM32\CRYPTSP.dll
0x00007ffd545a0000 - 0x00007ffd545d3000 	C:\WINDOWS\system32\rsaenh.dll
0x00007ffd54c70000 - 0x00007ffd54c95000 	C:\WINDOWS\SYSTEM32\bcrypt.dll
0x00007ffd550a0000 - 0x00007ffd550c9000 	C:\WINDOWS\SYSTEM32\USERENV.dll
0x00007ffd54b80000 - 0x00007ffd54b8b000 	C:\WINDOWS\SYSTEM32\CRYPTBASE.dll
0x00007ffd54730000 - 0x00007ffd54769000 	C:\WINDOWS\SYSTEM32\IPHLPAPI.DLL
0x00007ffd56550000 - 0x00007ffd56558000 	C:\WINDOWS\System32\NSI.dll
0x00007ffd4f7d0000 - 0x00007ffd4f7e6000 	C:\WINDOWS\SYSTEM32\dhcpcsvc6.DLL
0x00007ffd4f660000 - 0x00007ffd4f67a000 	C:\WINDOWS\SYSTEM32\dhcpcsvc.DLL
0x00007ffd3f1a0000 - 0x00007ffd3f1b6000 	C:\WINDOWS\system32\napinsp.dll
0x00007ffd3e760000 - 0x00007ffd3e77a000 	C:\WINDOWS\system32\pnrpnsp.dll
0x00007ffd51d30000 - 0x00007ffd51d48000 	C:\WINDOWS\system32\NLAapi.dll
0x00007ffd54770000 - 0x00007ffd54826000 	C:\WINDOWS\SYSTEM32\DNSAPI.dll
0x00007ffd46660000 - 0x00007ffd4666e000 	C:\WINDOWS\System32\winrnr.dll
0x00007ffd4e350000 - 0x00007ffd4e35a000 	C:\Windows\System32\rasadhlp.dll
0x00007ffd4e5b0000 - 0x00007ffd4e620000 	C:\WINDOWS\System32\fwpuclnt.dll
0x00007ffd0e1c0000 - 0x00007ffd0e58b000 	F:\sdfs\bin\rocksdbjni.dll
0x00007ffd335c0000 - 0x00007ffd33666000 	C:\WINDOWS\SYSTEM32\MSVCP140.dll
0x00007ffd3e840000 - 0x00007ffd3e856000 	C:\WINDOWS\SYSTEM32\VCRUNTIME140.dll
0x0000000066790000 - 0x00000000667b4000 	C:\jdk\jre\bin\sunec.dll
0x00007ffd3f190000 - 0x00007ffd3f1a0000 	F:\sdfs\bin\JDokan.dll
0x00007ffd317b0000 - 0x00007ffd317cb000 	C:\WINDOWS\SYSTEM32\dokan1.dll
0x00007ffd53940000 - 0x00007ffd539d5000 	C:\WINDOWS\system32\uxtheme.dll
0x00007ffd572a0000 - 0x00007ffd573e9000 	C:\WINDOWS\System32\ole32.dll
0x00007ffd562f0000 - 0x00007ffd563b5000 	C:\WINDOWS\System32\OLEAUT32.dll
0x00007ffd49c30000 - 0x00007ffd49df8000 	C:\WINDOWS\SYSTEM32\dbghelp.dll

VM Arguments:
jvm_args: -agentlib:jdwp=transport=dt_socket,address=127.0.0.1:54344,suspend=y,server=n -Djava.library.path=F:\sdfs\bin/ -Xmx4792M -XX:+UseG1GC -Djava.awt.headless=true -javaagent:C:\Users\lwkj\.IntelliJIdea2018.1\system\captureAgent\debugger-agent.jar=file:/C:/Users/lwkj/AppData/Local/Temp/capture.props -Dfile.encoding=UTF-8 
java_command: com.intellij.rt.execution.CommandLineWrapper C:\Users\lwkj\AppData\Local\Temp\idea_classpath org.opendedup.sdfs.windows.fs.MountSDFS -v mm07 -m U
java_class_path (initial): C:\Program Files\JetBrains\IntelliJ IDEA 2018.1.4\lib\idea_rt.jar;C:\Users\lwkj\.IntelliJIdea2018.1\system\captureAgent\debugger-agent.jar
Launcher Type: SUN_STANDARD

Environment Variables:
JAVA_HOME=C:\jdk
CLASSPATH=.;C:\jdk\lib;C:\jdk\lib\tools.jar
PATH=C:\Program Files (x86)\Common Files\Oracle\Java\javapath;C:\WINDOWS\system32;C:\WINDOWS;C:\WINDOWS\System32\Wbem;C:\WINDOWS\System32\WindowsPowerShell\v1.0\;C:\Program Files\TortoiseSVN\bin;C:\jdk\bin;C:\jdk\jre\bin;C:\Users\lwkj\.dnx\bin;C:\Program Files\Microsoft DNX\Dnvm\;C:\Program Files\Microsoft SQL Server\120\Tools\Binn\;C:\Program Files\Microsoft SQL Server\130\Tools\Binn\;e:\Program Files\Git\cmd;C:\Program Files\dotnet\;f:\sdfs;C:\Users\lwkj\AppData\Local\Microsoft\WindowsApps
USERNAME=lwkj
OS=Windows_NT
PROCESSOR_IDENTIFIER=Intel64 Family 6 Model 58 Stepping 9, GenuineIntel



---------------  S Y S T E M  ---------------

OS: Windows 10.0 , 64 bit Build 16299 (10.0.16299.431)

CPU:total 4 (initial active 4) (2 cores per cpu, 2 threads per core) family 6 model 58 stepping 9, cmov, cx8, fxsr, mmx, sse, sse2, sse3, ssse3, sse4.1, sse4.2, popcnt, avx, clmul, erms, ht, tsc, tscinvbit, tscinv

Memory: 4k page, physical 8279412k(1524860k free), swap 16962728k(3530960k free)

vm_info: Java HotSpot(TM) 64-Bit Server VM (25.171-b11) for windows-amd64 JRE (1.8.0_171-b11), built on Mar 28 2018 16:06:12 by "java_re" with MS VC++ 10.0 (VS2010)

time: Fri Jun 08 15:59:32 2018
elapsed time: 152 seconds (0d 0h 2m 32s)

