#
# A fatal error has been detected by the Java Runtime Environment:
#
#  EXCEPTION_ACCESS_VIOLATION (0xc0000005) at pc=0x000000006a967e06, pid=7456, tid=0x0000000000002ae4
#
# JRE version: Java(TM) SE Runtime Environment (8.0_171-b11) (build 1.8.0_171-b11)
# Java VM: Java HotSpot(TM) 64-Bit Server VM (25.171-b11 mixed mode windows-amd64 compressed oops)
# Problematic frame:
# V  [jvm.dll+0x147e06]
#
# Failed to write core dump. Minidumps are not enabled by default on client versions of Windows
#
# If you would like to submit a bug report, please visit:
#   http://bugreport.java.com/bugreport/crash.jsp
#

---------------  T H R E A D  ---------------

Current thread (0x0000000020baa000):  JavaThread "Thread-29" daemon [_thread_in_vm, id=10980, stack(0x000000002c2f0000,0x000000002c3f0000)]

siginfo: ExceptionCode=0xc0000005, reading address 0x0000000000000000

Registers:
RAX=0x0000000000000000, RBX=0x0000000020baa000, RCX=0x0000000000000a00, RDX=0x0000000000000000
RSP=0x000000002c3ef260, RBP=0x0000000000000062, RSI=0x0000000000000000, RDI=0x0000000000000000
R8 =0x0000000000000062, R9 =0x0000000000000000, R10=0x00000000053e1e64, R11=0x000000002c3ef2f8
R12=0x0000000000000000, R13=0x0000000021a91bd8, R14=0x000000002c3ef3a8, R15=0x0000000020baa000
RIP=0x000000006a967e06, EFLAGS=0x0000000000010202

Top of Stack: (sp=0x000000002c3ef260)
0x000000002c3ef260:   0000000021a91bd8 000000002c3ef3a8
0x000000002c3ef270:   000000002042cd40 000000006a8dba36
0x000000002c3ef280:   000000002c3ef678 00000000204f2b20
0x000000002c3ef290:   0000000000000000 00007ff9de8451f2
0x000000002c3ef2a0:   0000000020baa1f8 000000002c3ef378
0x000000002c3ef2b0:   000000000003a980 0000000020baa000
0x000000002c3ef2c0:   0000000000000000 0000000000000000
0x000000002c3ef2d0:   0000000000000000 0000000000000000
0x000000002c3ef2e0:   0000000000000000 0000000020005d90
0x000000002c3ef2f0:   00000000053c83fd 00000000053e1e90
0x000000002c3ef300:   0000000021a91bd8 0000000020005d90
0x000000002c3ef310:   0000000020baa000 0000000021a91bd8
0x000000002c3ef320:   0000000020005d90 0000000020baa000
0x000000002c3ef330:   00000000053e19e2 000000002c3ef338
0x000000002c3ef340:   0000000021a91bd8 000000002c3ef3a8
0x000000002c3ef350:   0000000021a91ec8 0000000000000000 

Instructions: (pc=0x000000006a967e06)
0x000000006a967de6:   a9 00 00 00 30 74 08 48 8b cb e8 6b b7 0f 00 c7
0x000000006a967df6:   83 70 02 00 00 06 00 00 00 80 3d 3b 97 6c 00 00
0x000000006a967e06:   48 8b 16 74 16 44 8b 4a 08 8b 0d 93 c9 65 00 49
0x000000006a967e16:   d3 e1 4c 03 0d 81 c9 65 00 eb 04 4c 8b 4a 08 48 


Register to memory mapping:

RAX=0x0000000000000000 is an unknown value
RBX=0x0000000020baa000 is a thread
RCX=0x0000000000000a00 is an unknown value
RDX=0x0000000000000000 is an unknown value
RSP=0x000000002c3ef260 is pointing into the stack for thread: 0x0000000020baa000
RBP=0x0000000000000062 is an unknown value
RSI=0x0000000000000000 is an unknown value
RDI=0x0000000000000000 is an unknown value
R8 =0x0000000000000062 is an unknown value
R9 =0x0000000000000000 is an unknown value
R10=0x00000000053e1e64 is at code_begin+1700 in an Interpreter codelet
method entry point (kind = native)  [0x00000000053e17c0, 0x00000000053e2880]  4288 bytes
R11=0x000000002c3ef2f8 is pointing into the stack for thread: 0x0000000020baa000
R12=0x0000000000000000 is an unknown value
R13={method} {0x0000000021a91be0} 'resetTimeout' '(JLnet/decasdev/dokan/DokanFileInfo;)Z' in 'net/decasdev/dokan/Dokan'
R14=0x000000002c3ef3a8 is pointing into the stack for thread: 0x0000000020baa000
R15=0x0000000020baa000 is a thread


Stack: [0x000000002c2f0000,0x000000002c3f0000],  sp=0x000000002c3ef260,  free space=1020k
Native frames: (J=compiled Java code, j=interpreted, Vv=VM code, C=native code)
V  [jvm.dll+0x147e06]
C  [JDokan.dll+0x51f2]
C  0x00000000053e1e90

Java frames: (J=compiled Java code, j=interpreted, Vv=VM code)
j  net.decasdev.dokan.Dokan.resetTimeout(JLnet/decasdev/dokan/DokanFileInfo;)Z+0
j  org.opendedup.sdfs.windows.fs.WinSDFS.onCreateFile(Ljava/lang/String;IIIIILnet/decasdev/dokan/DokanFileInfo;)J+209
v  ~StubRoutines::call_stub

---------------  P R O C E S S  ---------------

Java Threads: ( => current thread )
  0x0000000020bab800 JavaThread "pool-4-thread-3" [_thread_blocked, id=3992, stack(0x000000002caf0000,0x000000002cbf0000)]
  0x0000000020ba4000 JavaThread "pool-4-thread-2" [_thread_blocked, id=10056, stack(0x000000002c9f0000,0x000000002caf0000)]
  0x0000000020bab000 JavaThread "pool-4-thread-1" [_thread_blocked, id=3408, stack(0x000000002c8f0000,0x000000002c9f0000)]
=>0x0000000020baa000 JavaThread "Thread-29" daemon [_thread_in_vm, id=10980, stack(0x000000002c2f0000,0x000000002c3f0000)]
  0x0000000020ba7000 JavaThread "Thread-28" daemon [_thread_blocked, id=8036, stack(0x000000002c1f0000,0x000000002c2f0000)]
  0x0000000020ba9800 JavaThread "Thread-27" daemon [_thread_blocked, id=11396, stack(0x000000002c0f0000,0x000000002c1f0000)]
  0x0000000020ba8800 JavaThread "Thread-26" daemon [_thread_blocked, id=11076, stack(0x000000002c3f0000,0x000000002c4f0000)]
  0x0000000020ba5800 JavaThread "Thread-25" daemon [_thread_in_native, id=10136, stack(0x000000002c4f0000,0x000000002c5f0000)]
  0x0000000020ba8000 JavaThread "QuartzScheduler_QuartzSchedulerThread" [_thread_blocked, id=4836, stack(0x000000002bbf0000,0x000000002bcf0000)]
  0x0000000020ba6800 JavaThread "QuartzScheduler_Worker-1" [_thread_blocked, id=8924, stack(0x000000002baf0000,0x000000002bbf0000)]
  0x000000001e89d800 JavaThread "Thread-23" [_thread_blocked, id=3876, stack(0x000000002b9f0000,0x000000002baf0000)]
  0x000000001e89a800 JavaThread "ActionDistributor: Thread-22" [_thread_in_native, id=1668, stack(0x000000002b8f0000,0x000000002b9f0000)]
  0x000000001e897800 JavaThread "ActionDistributor: Thread-21" [_thread_in_native, id=3248, stack(0x000000002b7f0000,0x000000002b8f0000)]
  0x000000001e899800 JavaThread "ActionDistributor: Thread-20" [_thread_in_native, id=6656, stack(0x000000002b6f0000,0x000000002b7f0000)]
  0x000000001e899000 JavaThread "ActionDistributor: Thread-19" [_thread_in_native, id=9532, stack(0x000000002b5f0000,0x000000002b6f0000)]
  0x000000001e898000 JavaThread "ActionDistributor: Thread-18" [_thread_in_native, id=8448, stack(0x000000002b4f0000,0x000000002b5f0000)]
  0x000000001e89b000 JavaThread "ActionDistributor: Thread-17" [_thread_in_native, id=3160, stack(0x000000002b3f0000,0x000000002b4f0000)]
  0x000000001e89c800 JavaThread "ActionDistributor: Thread-16" [_thread_in_native, id=1584, stack(0x000000002b2f0000,0x000000002b3f0000)]
  0x000000001e896800 JavaThread "Thread-15" [_thread_blocked, id=13140, stack(0x000000002b1f0000,0x000000002b2f0000)]
  0x000000001e89c000 JavaThread "Thread-14" [_thread_blocked, id=9484, stack(0x000000002b0f0000,0x000000002b1f0000)]
  0x000000001f5cd800 JavaThread "Thread-5" [_thread_blocked, id=7212, stack(0x00000000215f0000,0x00000000216f0000)]
  0x000000001f7bc800 JavaThread "Thread-4" [_thread_blocked, id=1308, stack(0x00000000214f0000,0x00000000215f0000)]
  0x000000001f7bb800 JavaThread "Thread-3" [_thread_blocked, id=11492, stack(0x00000000213f0000,0x00000000214f0000)]
  0x000000001fc82000 JavaThread "Thread-2" [_thread_blocked, id=848, stack(0x00000000210f0000,0x00000000211f0000)]
  0x000000001cfeb800 JavaThread "Service Thread" daemon [_thread_blocked, id=6360, stack(0x000000001e550000,0x000000001e650000)]
  0x000000001cf6f000 JavaThread "C1 CompilerThread2" daemon [_thread_blocked, id=11576, stack(0x000000001e450000,0x000000001e550000)]
  0x000000001cf69000 JavaThread "C2 CompilerThread1" daemon [_thread_blocked, id=7784, stack(0x000000001e350000,0x000000001e450000)]
  0x000000001cf2b800 JavaThread "C2 CompilerThread0" daemon [_thread_blocked, id=5908, stack(0x000000001e250000,0x000000001e350000)]
  0x000000001cf27800 JavaThread "JDWP Command Reader" daemon [_thread_in_native, id=3740, stack(0x000000001e150000,0x000000001e250000)]
  0x000000001cf1d800 JavaThread "JDWP Event Helper Thread" daemon [_thread_blocked, id=12952, stack(0x000000001e050000,0x000000001e150000)]
  0x000000001cf10800 JavaThread "JDWP Transport Listener: dt_socket" daemon [_thread_blocked, id=12480, stack(0x000000001df50000,0x000000001e050000)]
  0x000000001cf05800 JavaThread "Attach Listener" daemon [_thread_blocked, id=9008, stack(0x000000001de50000,0x000000001df50000)]
  0x000000001cf04800 JavaThread "Signal Dispatcher" daemon [_thread_blocked, id=10008, stack(0x000000001dd50000,0x000000001de50000)]
  0x000000001cf03000 JavaThread "Surrogate Locker Thread (Concurrent GC)" daemon [_thread_blocked, id=8732, stack(0x000000001dc50000,0x000000001dd50000)]
  0x000000001ce80000 JavaThread "Finalizer" daemon [_thread_blocked, id=4776, stack(0x000000001da50000,0x000000001db50000)]
  0x000000001ce78800 JavaThread "Reference Handler" daemon [_thread_blocked, id=3136, stack(0x000000001d950000,0x000000001da50000)]
  0x00000000052c2800 JavaThread "main" [_thread_in_native, id=12528, stack(0x00000000050c0000,0x00000000051c0000)]

Other Threads:
  0x000000001ce52800 VMThread [stack: 0x000000001d850000,0x000000001d950000] [id=3984]
  0x000000001d012000 WatcherThread [stack: 0x000000001e650000,0x000000001e750000] [id=7872]

VM state:synchronizing (normal execution)

VM Mutex/Monitor currently owned by a thread:  ([mutex/lock_event])
[0x00000000052c1150] Threads_lock - owner thread: 0x000000001ce52800

Heap:
 garbage-first heap   total 131072K, used 58680K [0x0000000081a00000, 0x0000000081b00400, 0x0000000100000000)
  region size 1024K, 54 young (55296K), 3 survivors (3072K)
 Metaspace       used 15551K, capacity 15822K, committed 16000K, reserved 1062912K
  class space    used 1776K, capacity 1853K, committed 1920K, reserved 1048576K

Heap Regions: (Y=young(eden), SU=young(survivor), HS=humongous(starts), HC=humongous(continues), CS=collection set, F=free, TS=gc time stamp, PTAMS=previous top-at-mark-start, NTAMS=next top-at-mark-start)
AC   0  O    TS    31 PTAMS 0x0000000081a00000 NTAMS 0x0000000081a00000 space 1024K, 100% used [0x0000000081a00000, 0x0000000081b00000)
AC   0  O    TS     3 PTAMS 0x0000000081b00000 NTAMS 0x0000000081b00000 space 1024K, 100% used [0x0000000081b00000, 0x0000000081c00000)
AC   0  O    TS    33 PTAMS 0x0000000081c00000 NTAMS 0x0000000081c00000 space 1024K, 100% used [0x0000000081c00000, 0x0000000081d00000)
AC   0  O    TS    35 PTAMS 0x0000000081d00000 NTAMS 0x0000000081d00000 space 1024K, 100% used [0x0000000081d00000, 0x0000000081e00000)
AC   0  O    TS    35 PTAMS 0x0000000081e00000 NTAMS 0x0000000081e00000 space 1024K,  30% used [0x0000000081e00000, 0x0000000081f00000)
AC   0  F    TS     0 PTAMS 0x0000000081f00000 NTAMS 0x0000000081f00000 space 1024K,   0% used [0x0000000081f00000, 0x0000000082000000)
AC   0  F    TS     0 PTAMS 0x0000000082000000 NTAMS 0x0000000082000000 space 1024K,   0% used [0x0000000082000000, 0x0000000082100000)
AC   0  F    TS     0 PTAMS 0x0000000082100000 NTAMS 0x0000000082100000 space 1024K,   0% used [0x0000000082100000, 0x0000000082200000)
AC   0  F    TS     0 PTAMS 0x0000000082200000 NTAMS 0x0000000082200000 space 1024K,   0% used [0x0000000082200000, 0x0000000082300000)
AC   0  F    TS     0 PTAMS 0x0000000082300000 NTAMS 0x0000000082300000 space 1024K,   0% used [0x0000000082300000, 0x0000000082400000)
AC   0  F    TS     0 PTAMS 0x0000000082400000 NTAMS 0x0000000082400000 space 1024K,   0% used [0x0000000082400000, 0x0000000082500000)
AC   0  F    TS     0 PTAMS 0x0000000082500000 NTAMS 0x0000000082500000 space 1024K,   0% used [0x0000000082500000, 0x0000000082600000)
AC   0  F    TS     0 PTAMS 0x0000000082600000 NTAMS 0x0000000082600000 space 1024K,   0% used [0x0000000082600000, 0x0000000082700000)
AC   0  F    TS     0 PTAMS 0x0000000082700000 NTAMS 0x0000000082700000 space 1024K,   0% used [0x0000000082700000, 0x0000000082800000)
AC   0  F    TS     0 PTAMS 0x0000000082800000 NTAMS 0x0000000082800000 space 1024K,   0% used [0x0000000082800000, 0x0000000082900000)
AC   0  F    TS     0 PTAMS 0x0000000082900000 NTAMS 0x0000000082900000 space 1024K,   0% used [0x0000000082900000, 0x0000000082a00000)
AC   0  F    TS     0 PTAMS 0x0000000082a00000 NTAMS 0x0000000082a00000 space 1024K,   0% used [0x0000000082a00000, 0x0000000082b00000)
AC   0  F    TS     0 PTAMS 0x0000000082b00000 NTAMS 0x0000000082b00000 space 1024K,   0% used [0x0000000082b00000, 0x0000000082c00000)
AC   0  F    TS     0 PTAMS 0x0000000082c00000 NTAMS 0x0000000082c00000 space 1024K,   0% used [0x0000000082c00000, 0x0000000082d00000)
AC   0  F    TS     0 PTAMS 0x0000000082d00000 NTAMS 0x0000000082d00000 space 1024K,   0% used [0x0000000082d00000, 0x0000000082e00000)
AC   0  F    TS     0 PTAMS 0x0000000082e00000 NTAMS 0x0000000082e00000 space 1024K,   0% used [0x0000000082e00000, 0x0000000082f00000)
AC   0  F    TS     0 PTAMS 0x0000000082f00000 NTAMS 0x0000000082f00000 space 1024K,   0% used [0x0000000082f00000, 0x0000000083000000)
AC   0  F    TS     0 PTAMS 0x0000000083000000 NTAMS 0x0000000083000000 space 1024K,   0% used [0x0000000083000000, 0x0000000083100000)
AC   0  F    TS     0 PTAMS 0x0000000083100000 NTAMS 0x0000000083100000 space 1024K,   0% used [0x0000000083100000, 0x0000000083200000)
AC   0  F    TS     0 PTAMS 0x0000000083200000 NTAMS 0x0000000083200000 space 1024K,   0% used [0x0000000083200000, 0x0000000083300000)
AC   0  F    TS     0 PTAMS 0x0000000083300000 NTAMS 0x0000000083300000 space 1024K,   0% used [0x0000000083300000, 0x0000000083400000)
AC   0  F    TS     0 PTAMS 0x0000000083400000 NTAMS 0x0000000083400000 space 1024K,   0% used [0x0000000083400000, 0x0000000083500000)
AC   0  F    TS     0 PTAMS 0x0000000083500000 NTAMS 0x0000000083500000 space 1024K,   0% used [0x0000000083500000, 0x0000000083600000)
AC   0  F    TS     0 PTAMS 0x0000000083600000 NTAMS 0x0000000083600000 space 1024K,   0% used [0x0000000083600000, 0x0000000083700000)
AC   0  F    TS     0 PTAMS 0x0000000083700000 NTAMS 0x0000000083700000 space 1024K,   0% used [0x0000000083700000, 0x0000000083800000)
AC   0  F    TS     0 PTAMS 0x0000000083800000 NTAMS 0x0000000083800000 space 1024K,   0% used [0x0000000083800000, 0x0000000083900000)
AC   0  F    TS     0 PTAMS 0x0000000083900000 NTAMS 0x0000000083900000 space 1024K,   0% used [0x0000000083900000, 0x0000000083a00000)
AC   0  F    TS     0 PTAMS 0x0000000083a00000 NTAMS 0x0000000083a00000 space 1024K,   0% used [0x0000000083a00000, 0x0000000083b00000)
AC   0  F    TS     0 PTAMS 0x0000000083b00000 NTAMS 0x0000000083b00000 space 1024K,   0% used [0x0000000083b00000, 0x0000000083c00000)
AC   0  F    TS     0 PTAMS 0x0000000083c00000 NTAMS 0x0000000083c00000 space 1024K,   0% used [0x0000000083c00000, 0x0000000083d00000)
AC   0  F    TS     0 PTAMS 0x0000000083d00000 NTAMS 0x0000000083d00000 space 1024K,   0% used [0x0000000083d00000, 0x0000000083e00000)
AC   0  F    TS     0 PTAMS 0x0000000083e00000 NTAMS 0x0000000083e00000 space 1024K,   0% used [0x0000000083e00000, 0x0000000083f00000)
AC   0  F    TS     0 PTAMS 0x0000000083f00000 NTAMS 0x0000000083f00000 space 1024K,   0% used [0x0000000083f00000, 0x0000000084000000)
AC   0  F    TS     0 PTAMS 0x0000000084000000 NTAMS 0x0000000084000000 space 1024K,   0% used [0x0000000084000000, 0x0000000084100000)
AC   0  F    TS     0 PTAMS 0x0000000084100000 NTAMS 0x0000000084100000 space 1024K,   0% used [0x0000000084100000, 0x0000000084200000)
AC   0  F    TS     0 PTAMS 0x0000000084200000 NTAMS 0x0000000084200000 space 1024K,   0% used [0x0000000084200000, 0x0000000084300000)
AC   0  F    TS     0 PTAMS 0x0000000084300000 NTAMS 0x0000000084300000 space 1024K,   0% used [0x0000000084300000, 0x0000000084400000)
AC   0  F    TS     0 PTAMS 0x0000000084400000 NTAMS 0x0000000084400000 space 1024K,   0% used [0x0000000084400000, 0x0000000084500000)
AC   0  F    TS     0 PTAMS 0x0000000084500000 NTAMS 0x0000000084500000 space 1024K,   0% used [0x0000000084500000, 0x0000000084600000)
AC   0  F    TS     0 PTAMS 0x0000000084600000 NTAMS 0x0000000084600000 space 1024K,   0% used [0x0000000084600000, 0x0000000084700000)
AC   0  F    TS     0 PTAMS 0x0000000084700000 NTAMS 0x0000000084700000 space 1024K,   0% used [0x0000000084700000, 0x0000000084800000)
AC   0  F    TS    25 PTAMS 0x0000000084800000 NTAMS 0x0000000084800000 space 1024K,   0% used [0x0000000084800000, 0x0000000084900000)
AC   0  F    TS    29 PTAMS 0x0000000084900000 NTAMS 0x0000000084900000 space 1024K,   0% used [0x0000000084900000, 0x0000000084a00000)
AC   0  F    TS    27 PTAMS 0x0000000084a00000 NTAMS 0x0000000084a00000 space 1024K,   0% used [0x0000000084a00000, 0x0000000084b00000)
AC   0  S CS TS    35 PTAMS 0x0000000084b00000 NTAMS 0x0000000084b00000 space 1024K,  99% used [0x0000000084b00000, 0x0000000084c00000)
AC   0  S CS TS    35 PTAMS 0x0000000084c00000 NTAMS 0x0000000084c00000 space 1024K, 100% used [0x0000000084c00000, 0x0000000084d00000)
AC   0  S CS TS    35 PTAMS 0x0000000084d00000 NTAMS 0x0000000084d00000 space 1024K, 100% used [0x0000000084d00000, 0x0000000084e00000)
AC   0  F    TS    33 PTAMS 0x0000000084e00000 NTAMS 0x0000000084e00000 space 1024K,   0% used [0x0000000084e00000, 0x0000000084f00000)
AC   0  F    TS    33 PTAMS 0x0000000084f00000 NTAMS 0x0000000084f00000 space 1024K,   0% used [0x0000000084f00000, 0x0000000085000000)
AC   0  F    TS    33 PTAMS 0x0000000085000000 NTAMS 0x0000000085000000 space 1024K,   0% used [0x0000000085000000, 0x0000000085100000)
AC   0  F    TS    29 PTAMS 0x0000000085100000 NTAMS 0x0000000085100000 space 1024K,   0% used [0x0000000085100000, 0x0000000085200000)
AC   0  F    TS    31 PTAMS 0x0000000085200000 NTAMS 0x0000000085200000 space 1024K,   0% used [0x0000000085200000, 0x0000000085300000)
AC   0  F    TS    27 PTAMS 0x0000000085300000 NTAMS 0x0000000085300000 space 1024K,   0% used [0x0000000085300000, 0x0000000085400000)
AC   0  F    TS     0 PTAMS 0x0000000085400000 NTAMS 0x0000000085400000 space 1024K,   0% used [0x0000000085400000, 0x0000000085500000)
AC   0  F    TS     0 PTAMS 0x0000000085500000 NTAMS 0x0000000085500000 space 1024K,   0% used [0x0000000085500000, 0x0000000085600000)
AC   0  F    TS     0 PTAMS 0x0000000085600000 NTAMS 0x0000000085600000 space 1024K,   0% used [0x0000000085600000, 0x0000000085700000)
AC   0  F    TS     0 PTAMS 0x0000000085700000 NTAMS 0x0000000085700000 space 1024K,   0% used [0x0000000085700000, 0x0000000085800000)
AC   0  F    TS     0 PTAMS 0x0000000085800000 NTAMS 0x0000000085800000 space 1024K,   0% used [0x0000000085800000, 0x0000000085900000)
AC   0  F    TS     0 PTAMS 0x0000000085900000 NTAMS 0x0000000085900000 space 1024K,   0% used [0x0000000085900000, 0x0000000085a00000)
AC   0  F    TS     0 PTAMS 0x0000000085a00000 NTAMS 0x0000000085a00000 space 1024K,   0% used [0x0000000085a00000, 0x0000000085b00000)
AC   0  F    TS     0 PTAMS 0x0000000085b00000 NTAMS 0x0000000085b00000 space 1024K,   0% used [0x0000000085b00000, 0x0000000085c00000)
AC   0  F    TS     0 PTAMS 0x0000000085c00000 NTAMS 0x0000000085c00000 space 1024K,   0% used [0x0000000085c00000, 0x0000000085d00000)
AC   0  F    TS     0 PTAMS 0x0000000085d00000 NTAMS 0x0000000085d00000 space 1024K,   0% used [0x0000000085d00000, 0x0000000085e00000)
AC   0  F    TS     0 PTAMS 0x0000000085e00000 NTAMS 0x0000000085e00000 space 1024K,   0% used [0x0000000085e00000, 0x0000000085f00000)
AC   0  F    TS     0 PTAMS 0x0000000085f00000 NTAMS 0x0000000085f00000 space 1024K,   0% used [0x0000000085f00000, 0x0000000086000000)
AC   0  F    TS     0 PTAMS 0x0000000086000000 NTAMS 0x0000000086000000 space 1024K,   0% used [0x0000000086000000, 0x0000000086100000)
AC   0  F    TS     0 PTAMS 0x0000000086100000 NTAMS 0x0000000086100000 space 1024K,   0% used [0x0000000086100000, 0x0000000086200000)
AC   0  F    TS     0 PTAMS 0x0000000086200000 NTAMS 0x0000000086200000 space 1024K,   0% used [0x0000000086200000, 0x0000000086300000)
AC   0  F    TS     0 PTAMS 0x0000000086300000 NTAMS 0x0000000086300000 space 1024K,   0% used [0x0000000086300000, 0x0000000086400000)
AC   0  F    TS     0 PTAMS 0x0000000086400000 NTAMS 0x0000000086400000 space 1024K,   0% used [0x0000000086400000, 0x0000000086500000)
AC   0  F    TS     5 PTAMS 0x0000000086500000 NTAMS 0x0000000086500000 space 1024K,   0% used [0x0000000086500000, 0x0000000086600000)
AC   0  F    TS     5 PTAMS 0x0000000086600000 NTAMS 0x0000000086600000 space 1024K,   0% used [0x0000000086600000, 0x0000000086700000)
AC   0  E    TS     5 PTAMS 0x0000000086700000 NTAMS 0x0000000086700000 space 1024K, 100% used [0x0000000086700000, 0x0000000086800000)
AC   0  E CS TS     5 PTAMS 0x0000000086800000 NTAMS 0x0000000086800000 space 1024K, 100% used [0x0000000086800000, 0x0000000086900000)
AC   0  E CS TS     0 PTAMS 0x0000000086900000 NTAMS 0x0000000086900000 space 1024K, 100% used [0x0000000086900000, 0x0000000086a00000)
AC   0  E CS TS     0 PTAMS 0x0000000086a00000 NTAMS 0x0000000086a00000 space 1024K, 100% used [0x0000000086a00000, 0x0000000086b00000)
AC   0  E CS TS     0 PTAMS 0x0000000086b00000 NTAMS 0x0000000086b00000 space 1024K, 100% used [0x0000000086b00000, 0x0000000086c00000)
AC   0  E CS TS     0 PTAMS 0x0000000086c00000 NTAMS 0x0000000086c00000 space 1024K, 100% used [0x0000000086c00000, 0x0000000086d00000)
AC   0  E CS TS     0 PTAMS 0x0000000086d00000 NTAMS 0x0000000086d00000 space 1024K, 100% used [0x0000000086d00000, 0x0000000086e00000)
AC   0  E CS TS     0 PTAMS 0x0000000086e00000 NTAMS 0x0000000086e00000 space 1024K, 100% used [0x0000000086e00000, 0x0000000086f00000)
AC   0  E CS TS     0 PTAMS 0x0000000086f00000 NTAMS 0x0000000086f00000 space 1024K, 100% used [0x0000000086f00000, 0x0000000087000000)
AC   0  E CS TS     0 PTAMS 0x0000000087000000 NTAMS 0x0000000087000000 space 1024K, 100% used [0x0000000087000000, 0x0000000087100000)
AC   0  E CS TS     0 PTAMS 0x0000000087100000 NTAMS 0x0000000087100000 space 1024K, 100% used [0x0000000087100000, 0x0000000087200000)
AC   0  E CS TS     0 PTAMS 0x0000000087200000 NTAMS 0x0000000087200000 space 1024K, 100% used [0x0000000087200000, 0x0000000087300000)
AC   0  E CS TS     0 PTAMS 0x0000000087300000 NTAMS 0x0000000087300000 space 1024K, 100% used [0x0000000087300000, 0x0000000087400000)
AC   0  E CS TS     0 PTAMS 0x0000000087400000 NTAMS 0x0000000087400000 space 1024K, 100% used [0x0000000087400000, 0x0000000087500000)
AC   0  E CS TS     0 PTAMS 0x0000000087500000 NTAMS 0x0000000087500000 space 1024K, 100% used [0x0000000087500000, 0x0000000087600000)
AC   0  E CS TS     0 PTAMS 0x0000000087600000 NTAMS 0x0000000087600000 space 1024K, 100% used [0x0000000087600000, 0x0000000087700000)
AC   0  E CS TS     0 PTAMS 0x0000000087700000 NTAMS 0x0000000087700000 space 1024K, 100% used [0x0000000087700000, 0x0000000087800000)
AC   0  E CS TS     0 PTAMS 0x0000000087800000 NTAMS 0x0000000087800000 space 1024K, 100% used [0x0000000087800000, 0x0000000087900000)
AC   0  E CS TS     0 PTAMS 0x0000000087900000 NTAMS 0x0000000087900000 space 1024K, 100% used [0x0000000087900000, 0x0000000087a00000)
AC   0  E CS TS     0 PTAMS 0x0000000087a00000 NTAMS 0x0000000087a00000 space 1024K, 100% used [0x0000000087a00000, 0x0000000087b00000)
AC   0  E CS TS     0 PTAMS 0x0000000087b00000 NTAMS 0x0000000087b00000 space 1024K, 100% used [0x0000000087b00000, 0x0000000087c00000)
AC   0  E CS TS     0 PTAMS 0x0000000087c00000 NTAMS 0x0000000087c00000 space 1024K, 100% used [0x0000000087c00000, 0x0000000087d00000)
AC   0  E CS TS     0 PTAMS 0x0000000087d00000 NTAMS 0x0000000087d00000 space 1024K, 100% used [0x0000000087d00000, 0x0000000087e00000)
AC   0  E CS TS     0 PTAMS 0x0000000087e00000 NTAMS 0x0000000087e00000 space 1024K, 100% used [0x0000000087e00000, 0x0000000087f00000)
AC   0  E CS TS     0 PTAMS 0x0000000087f00000 NTAMS 0x0000000087f00000 space 1024K, 100% used [0x0000000087f00000, 0x0000000088000000)
AC   0  E CS TS     0 PTAMS 0x0000000088000000 NTAMS 0x0000000088000000 space 1024K, 100% used [0x0000000088000000, 0x0000000088100000)
AC   0  E CS TS     0 PTAMS 0x0000000088100000 NTAMS 0x0000000088100000 space 1024K, 100% used [0x0000000088100000, 0x0000000088200000)
AC   0  E CS TS     0 PTAMS 0x0000000088200000 NTAMS 0x0000000088200000 space 1024K, 100% used [0x0000000088200000, 0x0000000088300000)
AC   0  E CS TS     3 PTAMS 0x0000000088300000 NTAMS 0x0000000088300000 space 1024K, 100% used [0x0000000088300000, 0x0000000088400000)
AC   0  E CS TS     3 PTAMS 0x0000000088400000 NTAMS 0x0000000088400000 space 1024K, 100% used [0x0000000088400000, 0x0000000088500000)
AC   0  E CS TS     3 PTAMS 0x0000000088500000 NTAMS 0x0000000088500000 space 1024K, 100% used [0x0000000088500000, 0x0000000088600000)
AC   0  E CS TS     0 PTAMS 0x0000000088600000 NTAMS 0x0000000088600000 space 1024K, 100% used [0x0000000088600000, 0x0000000088700000)
AC   0  E CS TS     0 PTAMS 0x0000000088700000 NTAMS 0x0000000088700000 space 1024K, 100% used [0x0000000088700000, 0x0000000088800000)
AC   0  E CS TS     0 PTAMS 0x0000000088800000 NTAMS 0x0000000088800000 space 1024K, 100% used [0x0000000088800000, 0x0000000088900000)
AC   0  E CS TS     0 PTAMS 0x0000000088900000 NTAMS 0x0000000088900000 space 1024K, 100% used [0x0000000088900000, 0x0000000088a00000)
AC   0  E CS TS     1 PTAMS 0x0000000088a00000 NTAMS 0x0000000088a00000 space 1024K, 100% used [0x0000000088a00000, 0x0000000088b00000)
AC   0  E CS TS     1 PTAMS 0x0000000088b00000 NTAMS 0x0000000088b00000 space 1024K, 100% used [0x0000000088b00000, 0x0000000088c00000)
AC   0  E CS TS     0 PTAMS 0x0000000088c00000 NTAMS 0x0000000088c00000 space 1024K, 100% used [0x0000000088c00000, 0x0000000088d00000)
AC   0  E CS TS     0 PTAMS 0x0000000088d00000 NTAMS 0x0000000088d00000 space 1024K, 100% used [0x0000000088d00000, 0x0000000088e00000)
AC   0  E CS TS     0 PTAMS 0x0000000088e00000 NTAMS 0x0000000088e00000 space 1024K, 100% used [0x0000000088e00000, 0x0000000088f00000)
AC   0  E CS TS     0 PTAMS 0x0000000088f00000 NTAMS 0x0000000088f00000 space 1024K, 100% used [0x0000000088f00000, 0x0000000089000000)
AC   0  E CS TS     0 PTAMS 0x0000000089000000 NTAMS 0x0000000089000000 space 1024K, 100% used [0x0000000089000000, 0x0000000089100000)
AC   0  E CS TS     0 PTAMS 0x0000000089100000 NTAMS 0x0000000089100000 space 1024K, 100% used [0x0000000089100000, 0x0000000089200000)
AC   0  E CS TS     0 PTAMS 0x0000000089200000 NTAMS 0x0000000089200000 space 1024K, 100% used [0x0000000089200000, 0x0000000089300000)
AC   0  E CS TS     0 PTAMS 0x0000000089300000 NTAMS 0x0000000089300000 space 1024K, 100% used [0x0000000089300000, 0x0000000089400000)
AC   0  E CS TS     0 PTAMS 0x0000000089400000 NTAMS 0x0000000089400000 space 1024K, 100% used [0x0000000089400000, 0x0000000089500000)
AC   0  E CS TS     0 PTAMS 0x0000000089500000 NTAMS 0x0000000089500000 space 1024K, 100% used [0x0000000089500000, 0x0000000089600000)
AC   0  E CS TS     0 PTAMS 0x0000000089600000 NTAMS 0x0000000089600000 space 1024K, 100% used [0x0000000089600000, 0x0000000089700000)
AC   0  E CS TS     0 PTAMS 0x0000000089700000 NTAMS 0x0000000089700000 space 1024K, 100% used [0x0000000089700000, 0x0000000089800000)
AC   0  E CS TS     0 PTAMS 0x0000000089800000 NTAMS 0x0000000089800000 space 1024K, 100% used [0x0000000089800000, 0x0000000089900000)
AC   0  E CS TS     0 PTAMS 0x0000000089900000 NTAMS 0x0000000089900000 space 1024K, 100% used [0x0000000089900000, 0x0000000089a00000)

Card table byte_map: [0x0000000015cd0000,0x00000000160d0000] byte_map_base: 0x00000000158c3000

Marking Bits (Prev, Next): (CMBitMap*) 0x0000000005302978, (CMBitMap*) 0x00000000053029d0
 Prev Bits: [0x00000000164d0000, 0x0000000018468000)
 Next Bits: [0x0000000018470000, 0x000000001a408000)

Polling page: 0x0000000004b20000

CodeCache: size=245760Kb used=5247Kb max_used=5302Kb free=240512Kb
 bounds [0x00000000053c0000, 0x0000000005900000, 0x00000000143c0000]
 total_blobs=1805 nmethods=1394 adapters=331
 compilation: enabled

Compilation events (10 events):
Event: 39.725 Thread 0x000000001cf2b800 1444  s    4       java.lang.StringBuffer::append (13 bytes)
Event: 39.728 Thread 0x000000001cf6f000 1445       3       sun.reflect.ConstructorAccessorImpl::<init> (5 bytes)
Event: 39.728 Thread 0x000000001cf6f000 nmethod 1445 0x00000000054dfad0 code [0x00000000054dfc40, 0x00000000054dfe50]
Event: 39.735 Thread 0x000000001cf2b800 nmethod 1444 0x00000000054d4390 code [0x00000000054d4500, 0x00000000054d4e08]
Event: 168.485 Thread 0x000000001cf6f000 1446       3       java.util.Collections$UnmodifiableCollection$1::next (10 bytes)
Event: 168.486 Thread 0x000000001cf6f000 nmethod 1446 0x00000000054df5d0 code [0x00000000054df740, 0x00000000054df968]
Event: 168.486 Thread 0x000000001cf6f000 1448       3       java.util.Calendar::internalGet (7 bytes)
Event: 168.487 Thread 0x000000001cf6f000 nmethod 1448 0x00000000054e54d0 code [0x00000000054e5620, 0x00000000054e5790]
Event: 399.236 Thread 0x000000001cf6f000 1449       3       java.util.ArrayList::iterator (9 bytes)
Event: 399.236 Thread 0x000000001cf6f000 nmethod 1449 0x00000000054d84d0 code [0x00000000054d8640, 0x00000000054d8910]

GC Heap History (10 events):
Event: 19.348 GC heap before
{Heap before GC invocations=13 (full 0):
 garbage-first heap   total 131072K, used 78543K [0x0000000081a00000, 0x0000000081b00400, 0x0000000100000000)
  region size 1024K, 76 young (77824K), 6 survivors (6144K)
 Metaspace       used 13246K, capacity 13542K, committed 13696K, reserved 1060864K
  class space    used 1469K, capacity 1563K, committed 1664K, reserved 1048576K
Event: 19.354 GC heap after
Heap after GC invocations=14 (full 0):
 garbage-first heap   total 131072K, used 7375K [0x0000000081a00000, 0x0000000081b00400, 0x0000000100000000)
  region size 1024K, 6 young (6144K), 6 survivors (6144K)
 Metaspace       used 13246K, capacity 13542K, committed 13696K, reserved 1060864K
  class space    used 1469K, capacity 1563K, committed 1664K, reserved 1048576K
}
Event: 19.457 GC heap before
{Heap before GC invocations=14 (full 0):
 garbage-first heap   total 131072K, used 79055K [0x0000000081a00000, 0x0000000081b00400, 0x0000000100000000)
  region size 1024K, 76 young (77824K), 6 survivors (6144K)
 Metaspace       used 13246K, capacity 13542K, committed 13696K, reserved 1060864K
  class space    used 1469K, capacity 1563K, committed 1664K, reserved 1048576K
Event: 19.462 GC heap after
Heap after GC invocations=15 (full 0):
 garbage-first heap   total 131072K, used 6096K [0x0000000081a00000, 0x0000000081b00400, 0x0000000100000000)
  region size 1024K, 5 young (5120K), 5 survivors (5120K)
 Metaspace       used 13246K, capacity 13542K, committed 13696K, reserved 1060864K
  class space    used 1469K, capacity 1563K, committed 1664K, reserved 1048576K
}
Event: 19.569 GC heap before
{Heap before GC invocations=15 (full 0):
 garbage-first heap   total 131072K, used 78800K [0x0000000081a00000, 0x0000000081b00400, 0x0000000100000000)
  region size 1024K, 76 young (77824K), 5 survivors (5120K)
 Metaspace       used 13246K, capacity 13542K, committed 13696K, reserved 1060864K
  class space    used 1469K, capacity 1563K, committed 1664K, reserved 1048576K
Event: 19.574 GC heap after
Heap after GC invocations=16 (full 0):
 garbage-first heap   total 131072K, used 6174K [0x0000000081a00000, 0x0000000081b00400, 0x0000000100000000)
  region size 1024K, 4 young (4096K), 4 survivors (4096K)
 Metaspace       used 13246K, capacity 13542K, committed 13696K, reserved 1060864K
  class space    used 1469K, capacity 1563K, committed 1664K, reserved 1048576K
}
Event: 19.682 GC heap before
{Heap before GC invocations=16 (full 0):
 garbage-first heap   total 131072K, used 79902K [0x0000000081a00000, 0x0000000081b00400, 0x0000000100000000)
  region size 1024K, 76 young (77824K), 4 survivors (4096K)
 Metaspace       used 13246K, capacity 13542K, committed 13696K, reserved 1060864K
  class space    used 1469K, capacity 1563K, committed 1664K, reserved 1048576K
Event: 19.687 GC heap after
Heap after GC invocations=17 (full 0):
 garbage-first heap   total 131072K, used 6619K [0x0000000081a00000, 0x0000000081b00400, 0x0000000100000000)
  region size 1024K, 3 young (3072K), 3 survivors (3072K)
 Metaspace       used 13246K, capacity 13542K, committed 13696K, reserved 1060864K
  class space    used 1469K, capacity 1563K, committed 1664K, reserved 1048576K
}
Event: 19.796 GC heap before
{Heap before GC invocations=17 (full 0):
 garbage-first heap   total 131072K, used 81371K [0x0000000081a00000, 0x0000000081b00400, 0x0000000100000000)
  region size 1024K, 76 young (77824K), 3 survivors (3072K)
 Metaspace       used 13246K, capacity 13542K, committed 13696K, reserved 1060864K
  class space    used 1469K, capacity 1563K, committed 1664K, reserved 1048576K
Event: 19.799 GC heap after
Heap after GC invocations=18 (full 0):
 garbage-first heap   total 131072K, used 7480K [0x0000000081a00000, 0x0000000081b00400, 0x0000000100000000)
  region size 1024K, 3 young (3072K), 3 survivors (3072K)
 Metaspace       used 13246K, capacity 13542K, committed 13696K, reserved 1060864K
  class space    used 1469K, capacity 1563K, committed 1664K, reserved 1048576K
}

Deoptimization events (10 events):
Event: 19.991 Thread 0x00000000052c2800 Uncommon trap: reason=bimorphic action=maybe_recompile pc=0x00000000058eece4 method=java.util.TreeMap.compare(Ljava/lang/Object;Ljava/lang/Object;)I @ 12
Event: 19.991 Thread 0x00000000052c2800 Uncommon trap: reason=bimorphic action=maybe_recompile pc=0x00000000058eece4 method=java.util.TreeMap.compare(Ljava/lang/Object;Ljava/lang/Object;)I @ 12
Event: 19.992 Thread 0x00000000052c2800 Uncommon trap: reason=bimorphic action=maybe_recompile pc=0x00000000058eece4 method=java.util.TreeMap.compare(Ljava/lang/Object;Ljava/lang/Object;)I @ 12
Event: 19.992 Thread 0x00000000052c2800 Uncommon trap: reason=bimorphic action=maybe_recompile pc=0x00000000058eece4 method=java.util.TreeMap.compare(Ljava/lang/Object;Ljava/lang/Object;)I @ 12
Event: 19.992 Thread 0x00000000052c2800 Uncommon trap: reason=unstable_if action=reinterpret pc=0x00000000056dafd4 method=java.util.TreeMap.getEntry(Ljava/lang/Object;)Ljava/util/TreeMap$Entry; @ 4
Event: 19.992 Thread 0x00000000052c2800 Uncommon trap: reason=unstable_if action=reinterpret pc=0x00000000056db428 method=java.util.TreeMap.getEntry(Ljava/lang/Object;)Ljava/util/TreeMap$Entry; @ 4
Event: 19.996 Thread 0x00000000052c2800 Uncommon trap: reason=bimorphic action=maybe_recompile pc=0x00000000058ea7d0 method=java.util.AbstractCollection.addAll(Ljava/util/Collection;)Z @ 10
Event: 19.998 Thread 0x00000000052c2800 Uncommon trap: reason=bimorphic action=maybe_recompile pc=0x00000000058ea7d0 method=java.util.AbstractCollection.addAll(Ljava/util/Collection;)Z @ 10
Event: 19.999 Thread 0x00000000052c2800 Uncommon trap: reason=bimorphic action=maybe_recompile pc=0x00000000058ea7d0 method=java.util.AbstractCollection.addAll(Ljava/util/Collection;)Z @ 10
Event: 19.999 Thread 0x00000000052c2800 Uncommon trap: reason=bimorphic action=maybe_recompile pc=0x00000000058ea7d0 method=java.util.AbstractCollection.addAll(Ljava/util/Collection;)Z @ 10

Classes redefined (0 events):
No events

Internal exceptions (10 events):
Event: 19.946 Thread 0x00000000052c2800 Exception <a 'java/lang/ArrayIndexOutOfBoundsException'> (0x0000000087362378) thrown at [C:\re\workspace\8-2-build-windows-amd64-cygwin\jdk8u171\10807\hotspot\src\share\vm\runtime\sharedRuntime.cpp, line 605]
Event: 19.947 Thread 0x00000000052c2800 Exception <a 'java/lang/ArrayIndexOutOfBoundsException'> (0x0000000087366bc0) thrown at [C:\re\workspace\8-2-build-windows-amd64-cygwin\jdk8u171\10807\hotspot\src\share\vm\runtime\sharedRuntime.cpp, line 605]
Event: 19.949 Thread 0x00000000052c2800 Exception <a 'java/lang/ClassNotFoundException': org/quartz/simpl/SimpleThreadPoolCustomizer> (0x0000000087397100) thrown at [C:\re\workspace\8-2-build-windows-amd64-cygwin\jdk8u171\10807\hotspot\src\share\vm\classfile\systemDictionary.cpp, line 210]
Event: 19.959 Thread 0x00000000052c2800 Exception <a 'java/lang/ClassNotFoundException': org/quartz/simpl/RAMJobStoreBeanInfo> (0x00000000872a96d0) thrown at [C:\re\workspace\8-2-build-windows-amd64-cygwin\jdk8u171\10807\hotspot\src\share\vm\classfile\systemDictionary.cpp, line 210]
Event: 19.960 Thread 0x00000000052c2800 Exception <a 'java/lang/ClassNotFoundException': org/quartz/simpl/RAMJobStoreCustomizer> (0x00000000872cab50) thrown at [C:\re\workspace\8-2-build-windows-amd64-cygwin\jdk8u171\10807\hotspot\src\share\vm\classfile\systemDictionary.cpp, line 210]
Event: 402.222 Thread 0x0000000020ba5800 Exception <a 'java/lang/NoClassDefFoundError': net/decasdev/dokan/DokanFileInfo> (0x0000000086a815b0) thrown at [C:\re\workspace\8-2-build-windows-amd64-cygwin\jdk8u171\10807\hotspot\src\share\vm\classfile\systemDictionary.cpp, line 199]
Event: 402.808 Thread 0x0000000020ba8800 Exception <a 'java/lang/NoClassDefFoundError': net/decasdev/dokan/DokanFileInfo> (0x0000000086900d30) thrown at [C:\re\workspace\8-2-build-windows-amd64-cygwin\jdk8u171\10807\hotspot\src\share\vm\classfile\systemDictionary.cpp, line 199]
Event: 446.106 Thread 0x0000000020ba7000 Exception <a 'java/lang/NoClassDefFoundError': net/decasdev/dokan/DokanFileInfo> (0x0000000086880d28) thrown at [C:\re\workspace\8-2-build-windows-amd64-cygwin\jdk8u171\10807\hotspot\src\share\vm\classfile\systemDictionary.cpp, line 199]
Event: 449.535 Thread 0x0000000020baa000 Exception <a 'java/lang/NoClassDefFoundError': net/decasdev/dokan/DokanFileInfo> (0x00000000868014e0) thrown at [C:\re\workspace\8-2-build-windows-amd64-cygwin\jdk8u171\10807\hotspot\src\share\vm\classfile\systemDictionary.cpp, line 199]
Event: 450.244 Thread 0x0000000020ba9800 Exception <a 'java/lang/NoClassDefFoundError': net/decasdev/dokan/DokanFileInfo> (0x00000000869814d8) thrown at [C:\re\workspace\8-2-build-windows-amd64-cygwin\jdk8u171\10807\hotspot\src\share\vm\classfile\systemDictionary.cpp, line 199]

Events (10 events):
Event: 468.162 Executing VM operation: GetOrSetLocal
Event: 468.162 Executing VM operation: GetOrSetLocal done
Event: 468.162 Executing VM operation: GetOrSetLocal
Event: 468.162 Executing VM operation: GetOrSetLocal done
Event: 468.162 Executing VM operation: GetOrSetLocal
Event: 468.162 Executing VM operation: GetOrSetLocal done
Event: 470.346 Executing VM operation: ForceSafepoint
Event: 470.346 Executing VM operation: ForceSafepoint done
Event: 470.347 Executing VM operation: ForceSafepoint
Event: 470.347 Executing VM operation: ForceSafepoint done


Dynamic libraries:
0x00007ff785e50000 - 0x00007ff785e87000 	C:\jdk\bin\java.exe
0x00007ff9e4380000 - 0x00007ff9e4560000 	C:\WINDOWS\SYSTEM32\ntdll.dll
0x00007ff9e2e00000 - 0x00007ff9e2eae000 	C:\WINDOWS\System32\KERNEL32.DLL
0x00007ff9e0830000 - 0x00007ff9e0a96000 	C:\WINDOWS\System32\KERNELBASE.dll
0x00007ff9e2970000 - 0x00007ff9e2a11000 	C:\WINDOWS\System32\ADVAPI32.dll
0x00007ff9e1850000 - 0x00007ff9e18ed000 	C:\WINDOWS\System32\msvcrt.dll
0x00007ff9e1a80000 - 0x00007ff9e1adb000 	C:\WINDOWS\System32\sechost.dll
0x00007ff9e2000000 - 0x00007ff9e211f000 	C:\WINDOWS\System32\RPCRT4.dll
0x00007ff9e25f0000 - 0x00007ff9e277f000 	C:\WINDOWS\System32\USER32.dll
0x00007ff9e0ea0000 - 0x00007ff9e0ec0000 	C:\WINDOWS\System32\win32u.dll
0x00007ff9e2830000 - 0x00007ff9e2858000 	C:\WINDOWS\System32\GDI32.dll
0x00007ff9e16b0000 - 0x00007ff9e1843000 	C:\WINDOWS\System32\gdi32full.dll
0x00007ff9e0ec0000 - 0x00007ff9e0f5b000 	C:\WINDOWS\System32\msvcp_win.dll
0x00007ff9e0aa0000 - 0x00007ff9e0b96000 	C:\WINDOWS\System32\ucrtbase.dll
0x00007ff9d3770000 - 0x00007ff9d39d9000 	C:\WINDOWS\WinSxS\amd64_microsoft.windows.common-controls_6595b64144ccf1df_6.0.16299.431_none_15c7d3ee93659e73\COMCTL32.dll
0x00007ff9e2a50000 - 0x00007ff9e2d58000 	C:\WINDOWS\System32\combase.dll
0x00007ff9e0e20000 - 0x00007ff9e0e92000 	C:\WINDOWS\System32\bcryptPrimitives.dll
0x00007ff9e1a50000 - 0x00007ff9e1a7d000 	C:\WINDOWS\System32\IMM32.DLL
0x000000006b0c0000 - 0x000000006b192000 	C:\jdk\jre\bin\msvcr100.dll
0x000000006a820000 - 0x000000006b0c0000 	C:\jdk\jre\bin\server\jvm.dll
0x00007ff9e2a40000 - 0x00007ff9e2a48000 	C:\WINDOWS\System32\PSAPI.DLL
0x00007ff9bec50000 - 0x00007ff9bec59000 	C:\WINDOWS\SYSTEM32\WSOCK32.dll
0x00007ff9de790000 - 0x00007ff9de7b3000 	C:\WINDOWS\SYSTEM32\WINMM.dll
0x00007ff9e23e0000 - 0x00007ff9e244c000 	C:\WINDOWS\System32\WS2_32.dll
0x00007ff9d74d0000 - 0x00007ff9d74da000 	C:\WINDOWS\SYSTEM32\VERSION.dll
0x00007ff9de730000 - 0x00007ff9de75a000 	C:\WINDOWS\SYSTEM32\WINMMBASE.dll
0x00007ff9e07e0000 - 0x00007ff9e082a000 	C:\WINDOWS\System32\cfgmgr32.dll
0x000000006a810000 - 0x000000006a81f000 	C:\jdk\jre\bin\verify.dll
0x000000006a7e0000 - 0x000000006a809000 	C:\jdk\jre\bin\java.dll
0x000000006a740000 - 0x000000006a775000 	C:\jdk\jre\bin\jdwp.dll
0x000000006a730000 - 0x000000006a738000 	C:\jdk\jre\bin\npt.dll
0x000000006a700000 - 0x000000006a723000 	C:\jdk\jre\bin\instrument.dll
0x000000006a7c0000 - 0x000000006a7d6000 	C:\jdk\jre\bin\zip.dll
0x00007ff9e2f10000 - 0x00007ff9e4348000 	C:\WINDOWS\System32\SHELL32.dll
0x00007ff9e2780000 - 0x00007ff9e2826000 	C:\WINDOWS\System32\shcore.dll
0x00007ff9e0f60000 - 0x00007ff9e16a7000 	C:\WINDOWS\System32\windows.storage.dll
0x00007ff9e19f0000 - 0x00007ff9e1a41000 	C:\WINDOWS\System32\shlwapi.dll
0x00007ff9e0720000 - 0x00007ff9e0731000 	C:\WINDOWS\System32\kernel.appcore.dll
0x00007ff9e06d0000 - 0x00007ff9e071c000 	C:\WINDOWS\System32\powrprof.dll
0x00007ff9e0740000 - 0x00007ff9e075b000 	C:\WINDOWS\System32\profapi.dll
0x000000006a6f0000 - 0x000000006a6f9000 	C:\jdk\jre\bin\dt_socket.dll
0x00007ff9dff00000 - 0x00007ff9dff66000 	C:\WINDOWS\system32\mswsock.dll
0x000000006a7a0000 - 0x000000006a7ba000 	C:\jdk\jre\bin\net.dll
0x000000006a780000 - 0x000000006a791000 	C:\jdk\jre\bin\nio.dll
0x00007ff9df800000 - 0x00007ff9df831000 	C:\WINDOWS\SYSTEM32\ntmarta.dll
0x00007ff9e00c0000 - 0x00007ff9e00d7000 	C:\WINDOWS\SYSTEM32\CRYPTSP.dll
0x00007ff9dfb00000 - 0x00007ff9dfb33000 	C:\WINDOWS\system32\rsaenh.dll
0x00007ff9e01d0000 - 0x00007ff9e01f5000 	C:\WINDOWS\SYSTEM32\bcrypt.dll
0x00007ff9e0600000 - 0x00007ff9e0629000 	C:\WINDOWS\SYSTEM32\USERENV.dll
0x00007ff9e00e0000 - 0x00007ff9e00eb000 	C:\WINDOWS\SYSTEM32\CRYPTBASE.dll
0x00007ff9dfc90000 - 0x00007ff9dfcc9000 	C:\WINDOWS\SYSTEM32\IPHLPAPI.DLL
0x00007ff9e2a20000 - 0x00007ff9e2a28000 	C:\WINDOWS\System32\NSI.dll
0x00007ff9d98b0000 - 0x00007ff9d98c6000 	C:\WINDOWS\SYSTEM32\dhcpcsvc6.DLL
0x00007ff9d9890000 - 0x00007ff9d98aa000 	C:\WINDOWS\SYSTEM32\dhcpcsvc.DLL
0x00007ff9b87d0000 - 0x00007ff9b87e6000 	C:\WINDOWS\system32\napinsp.dll
0x00007ff9b87b0000 - 0x00007ff9b87ca000 	C:\WINDOWS\system32\pnrpnsp.dll
0x00007ff9dd160000 - 0x00007ff9dd178000 	C:\WINDOWS\system32\NLAapi.dll
0x00007ff9dfcd0000 - 0x00007ff9dfd86000 	C:\WINDOWS\SYSTEM32\DNSAPI.dll
0x00007ff9bcba0000 - 0x00007ff9bcbae000 	C:\WINDOWS\System32\winrnr.dll
0x00007ff9d9650000 - 0x00007ff9d965a000 	C:\Windows\System32\rasadhlp.dll
0x00007ff9d9df0000 - 0x00007ff9d9e60000 	C:\WINDOWS\System32\fwpuclnt.dll
0x00007ff9ba1b0000 - 0x00007ff9ba57b000 	F:\mdfs\sdfs\sdfs-3.7\install-packages\windows\bin\rocksdbjni.dll
0x00007ff9b6280000 - 0x00007ff9b6326000 	C:\WINDOWS\SYSTEM32\MSVCP140.dll
0x00007ff9bd670000 - 0x00007ff9bd686000 	C:\WINDOWS\SYSTEM32\VCRUNTIME140.dll
0x000000006a6c0000 - 0x000000006a6e4000 	C:\jdk\jre\bin\sunec.dll
0x00007ff9de840000 - 0x00007ff9de850000 	F:\mdfs\sdfs\sdfs-3.7\install-packages\windows\bin\JDokan.dll
0x00007ff9cbac0000 - 0x00007ff9cbadb000 	C:\WINDOWS\SYSTEM32\dokan1.dll
0x00007ff9debb0000 - 0x00007ff9dec45000 	C:\WINDOWS\system32\uxtheme.dll
0x00007ff9e2290000 - 0x00007ff9e23d9000 	C:\WINDOWS\System32\ole32.dll
0x00007ff9e1f30000 - 0x00007ff9e1ff5000 	C:\WINDOWS\System32\OLEAUT32.dll
0x00007ff9d4dd0000 - 0x00007ff9d4f98000 	C:\WINDOWS\SYSTEM32\dbghelp.dll

VM Arguments:
jvm_args: -agentlib:jdwp=transport=dt_socket,address=127.0.0.1:56890,suspend=y,server=n -Djava.library.path=F:\mdfs\sdfs\sdfs-3.7\install-packages\windows\bin/ -XX:+UseG1GC -Djava.awt.headless=true -javaagent:C:\Users\lwkj\.IntelliJIdea2018.1\system\captureAgent\debugger-agent.jar=file:/C:/Users/lwkj/AppData/Local/Temp/capture.props -Dfile.encoding=UTF-8 
java_command: com.intellij.rt.execution.CommandLineWrapper C:\Users\lwkj\AppData\Local\Temp\idea_classpath org.opendedup.sdfs.windows.fs.MountSDFS -v yushu10 -m Z
java_class_path (initial): C:\Program Files\JetBrains\IntelliJ IDEA 2018.1.4\lib\idea_rt.jar;C:\Users\lwkj\.IntelliJIdea2018.1\system\captureAgent\debugger-agent.jar
Launcher Type: SUN_STANDARD

Environment Variables:
JAVA_HOME=C:\jdk
CLASSPATH=.;C:\jdk\lib;C:\jdk\lib\tools.jar
PATH=C:\Program Files (x86)\Common Files\Oracle\Java\javapath;C:\WINDOWS\system32;C:\WINDOWS;C:\WINDOWS\System32\Wbem;C:\WINDOWS\System32\WindowsPowerShell\v1.0\;C:\Program Files\TortoiseSVN\bin;C:\jdk\bin;C:\jdk\jre\bin;C:\Users\lwkj\.dnx\bin;C:\Program Files\Microsoft DNX\Dnvm\;C:\Program Files\Microsoft SQL Server\120\Tools\Binn\;C:\Program Files\Microsoft SQL Server\130\Tools\Binn\;e:\Program Files\Git\cmd;C:\Program Files\dotnet\;f:\sdfs;C:\Users\lwkj\AppData\Local\Microsoft\WindowsApps
USERNAME=lwkj
OS=Windows_NT
PROCESSOR_IDENTIFIER=Intel64 Family 6 Model 58 Stepping 9, GenuineIntel



---------------  S Y S T E M  ---------------

OS: Windows 10.0 , 64 bit Build 16299 (10.0.16299.431)

CPU:total 4 (initial active 4) (2 cores per cpu, 2 threads per core) family 6 model 58 stepping 9, cmov, cx8, fxsr, mmx, sse, sse2, sse3, ssse3, sse4.1, sse4.2, popcnt, avx, clmul, erms, ht, tsc, tscinvbit, tscinv

Memory: 4k page, physical 8279412k(3770248k free), swap 14046580k(7322252k free)

vm_info: Java HotSpot(TM) 64-Bit Server VM (25.171-b11) for windows-amd64 JRE (1.8.0_171-b11), built on Mar 28 2018 16:06:12 by "java_re" with MS VC++ 10.0 (VS2010)

time: Thu Jun 07 15:14:42 2018
elapsed time: 470 seconds (0d 0h 7m 50s)

